[ 2016-11-23T10:34:07+08:00 ] ::1 /VRAppItem/index.php/picture-list.html
INFO: [ app_init ] --START--
INFO: Run Behavior\BuildLiteBehavior [ RunTime:0.000000s ]
INFO: [ app_init ] --END-- [ RunTime:0.001000s ]
ERR: 无法加载模块:Picture-list

[ 2016-11-23T11:41:27+08:00 ] ::1 /VRAppItem/index.php/picture-list.html
INFO: [ app_init ] --START--
INFO: Run Behavior\BuildLiteBehavior [ RunTime:0.000000s ]
INFO: [ app_init ] --END-- [ RunTime:0.001000s ]
ERR: 无法加载模块:Picture-list

[ 2016-11-23T11:41:27+08:00 ] ::1 /VRAppItem/index.php/picture-list.html
INFO: [ app_init ] --START--
INFO: Run Behavior\BuildLiteBehavior [ RunTime:0.000000s ]
INFO: [ app_init ] --END-- [ RunTime:0.001000s ]
ERR: 无法加载模块:Picture-list

[ 2016-11-23T11:41:27+08:00 ] ::1 /VRAppItem/index.php/picture-list.html
INFO: [ app_init ] --START--
INFO: Run Behavior\BuildLiteBehavior [ RunTime:0.000000s ]
INFO: [ app_init ] --END-- [ RunTime:0.000000s ]
ERR: 无法加载模块:Picture-list

[ 2016-11-23T11:42:22+08:00 ] ::1 /VRAppItem/index.php/picture-list.html
INFO: [ app_init ] --START--
INFO: Run Behavior\BuildLiteBehavior [ RunTime:0.000000s ]
INFO: [ app_init ] --END-- [ RunTime:0.001000s ]
ERR: 无法加载模块:Picture-list

[ 2016-11-23T11:43:29+08:00 ] ::1 /VRAppItem/index.php/picture-list.html
INFO: [ app_init ] --START--
INFO: Run Behavior\BuildLiteBehavior [ RunTime:0.000000s ]
INFO: [ app_init ] --END-- [ RunTime:0.001000s ]
ERR: 无法加载模块:Picture-list

[ 2016-11-23T11:43:29+08:00 ] ::1 /VRAppItem/index.php/picture-list.html
INFO: [ app_init ] --START--
INFO: Run Behavior\BuildLiteBehavior [ RunTime:0.000000s ]
INFO: [ app_init ] --END-- [ RunTime:0.000000s ]
ERR: 无法加载模块:Picture-list

[ 2016-11-23T14:14:39+08:00 ] ::1 /VRAppItem/index.php/picture-list.html
INFO: [ app_init ] --START--
INFO: Run Behavior\BuildLiteBehavior [ RunTime:0.000000s ]
INFO: [ app_init ] --END-- [ RunTime:0.000000s ]
ERR: 无法加载模块:Picture-list

[ 2016-11-23T14:16:23+08:00 ] ::1 /VRAppItem/index.php/product-brand.html
INFO: [ app_init ] --START--
INFO: Run Behavior\BuildLiteBehavior [ RunTime:0.000000s ]
INFO: [ app_init ] --END-- [ RunTime:0.001000s ]
ERR: 无法加载模块:Product-brand

[ 2016-11-23T14:16:25+08:00 ] ::1 /VRAppItem/index.php/picture-list.html
INFO: [ app_init ] --START--
INFO: Run Behavior\BuildLiteBehavior [ RunTime:0.000000s ]
INFO: [ app_init ] --END-- [ RunTime:0.002000s ]
ERR: 无法加载模块:Picture-list

[ 2016-11-23T14:16:28+08:00 ] ::1 /VRAppItem/index.php/picture-list.html
INFO: [ app_init ] --START--
INFO: Run Behavior\BuildLiteBehavior [ RunTime:0.000000s ]
INFO: [ app_init ] --END-- [ RunTime:0.001000s ]
ERR: 无法加载模块:Picture-list

[ 2016-11-23T14:34:49+08:00 ] ::1 /VRAppItem/index.php/picture-list.html
INFO: [ app_init ] --START--
INFO: Run Behavior\BuildLiteBehavior [ RunTime:0.000000s ]
INFO: [ app_init ] --END-- [ RunTime:0.001000s ]
ERR: 无法加载模块:Picture-list

[ 2016-11-23T14:34:50+08:00 ] ::1 /VRAppItem/index.php/picture-list.html
INFO: [ app_init ] --START--
INFO: Run Behavior\BuildLiteBehavior [ RunTime:0.000000s ]
INFO: [ app_init ] --END-- [ RunTime:0.001000s ]
ERR: 无法加载模块:Picture-list

[ 2016-11-23T14:34:50+08:00 ] ::1 /VRAppItem/index.php/picture-list.html
INFO: [ app_init ] --START--
INFO: Run Behavior\BuildLiteBehavior [ RunTime:0.000000s ]
INFO: [ app_init ] --END-- [ RunTime:0.001000s ]
ERR: 无法加载模块:Picture-list

[ 2016-11-23T14:34:50+08:00 ] ::1 /VRAppItem/index.php/picture-list.html
INFO: [ app_init ] --START--
INFO: Run Behavior\BuildLiteBehavior [ RunTime:0.000000s ]
INFO: [ app_init ] --END-- [ RunTime:0.001000s ]
ERR: 无法加载模块:Picture-list

[ 2016-11-23T14:34:52+08:00 ] ::1 /VRAppItem/index.php/picture-list.html
INFO: [ app_init ] --START--
INFO: Run Behavior\BuildLiteBehavior [ RunTime:0.000000s ]
INFO: [ app_init ] --END-- [ RunTime:0.001000s ]
ERR: 无法加载模块:Picture-list

[ 2016-11-23T14:35:09+08:00 ] ::1 /VRAppItem/index.php/picture-list.html
INFO: [ app_init ] --START--
INFO: Run Behavior\BuildLiteBehavior [ RunTime:0.000000s ]
INFO: [ app_init ] --END-- [ RunTime:0.001000s ]
ERR: 无法加载模块:Picture-list

[ 2016-11-23T14:35:44+08:00 ] ::1 /VRAppItem/index.php/picture-list.html
INFO: [ app_init ] --START--
INFO: Run Behavior\BuildLiteBehavior [ RunTime:0.000000s ]
INFO: [ app_init ] --END-- [ RunTime:0.001000s ]
ERR: 无法加载模块:Picture-list

[ 2016-11-23T14:35:44+08:00 ] ::1 /VRAppItem/index.php/picture-list.html
INFO: [ app_init ] --START--
INFO: Run Behavior\BuildLiteBehavior [ RunTime:0.000000s ]
INFO: [ app_init ] --END-- [ RunTime:0.001000s ]
ERR: 无法加载模块:Picture-list

[ 2016-11-23T14:35:44+08:00 ] ::1 /VRAppItem/index.php/picture-list.html
INFO: [ app_init ] --START--
INFO: Run Behavior\BuildLiteBehavior [ RunTime:0.000000s ]
INFO: [ app_init ] --END-- [ RunTime:0.002000s ]
ERR: 无法加载模块:Picture-list

[ 2016-11-23T14:35:44+08:00 ] ::1 /VRAppItem/index.php/picture-list.html
INFO: [ app_init ] --START--
INFO: Run Behavior\BuildLiteBehavior [ RunTime:0.000000s ]
INFO: [ app_init ] --END-- [ RunTime:0.000000s ]
ERR: 无法加载模块:Picture-list

[ 2016-11-23T14:35:45+08:00 ] ::1 /VRAppItem/index.php/picture-list.html
INFO: [ app_init ] --START--
INFO: Run Behavior\BuildLiteBehavior [ RunTime:0.000000s ]
INFO: [ app_init ] --END-- [ RunTime:0.001000s ]
ERR: 无法加载模块:Picture-list

[ 2016-11-23T14:35:45+08:00 ] ::1 /VRAppItem/index.php/picture-list.html
INFO: [ app_init ] --START--
INFO: Run Behavior\BuildLiteBehavior [ RunTime:0.000000s ]
INFO: [ app_init ] --END-- [ RunTime:0.001000s ]
ERR: 无法加载模块:Picture-list

[ 2016-11-23T15:18:09+08:00 ] ::1 /VRAppItem/index.php/member-list.html
INFO: [ app_init ] --START--
INFO: Run Behavior\BuildLiteBehavior [ RunTime:0.000000s ]
INFO: [ app_init ] --END-- [ RunTime:0.001000s ]
ERR: 无法加载模块:Member-list

[ 2016-11-23T15:18:10+08:00 ] ::1 /VRAppItem/index.php/member-list.html
INFO: [ app_init ] --START--
INFO: Run Behavior\BuildLiteBehavior [ RunTime:0.000000s ]
INFO: [ app_init ] --END-- [ RunTime:0.000000s ]
ERR: 无法加载模块:Member-list

