[ 2016-12-20T11:41:16+08:00 ] ::1 /VRAppItem/index.php/member-list.html
INFO: [ app_init ] --START--
INFO: Run Behavior\BuildLiteBehavior [ RunTime:0.000000s ]
INFO: [ app_init ] --END-- [ RunTime:0.001000s ]
ERR: 无法加载模块:Member-list

[ 2016-12-20T14:30:38+08:00 ] ::1 /VRAppItem/index.php/member-list.html
INFO: [ app_init ] --START--
INFO: Run Behavior\BuildLiteBehavior [ RunTime:0.000000s ]
INFO: [ app_init ] --END-- [ RunTime:0.001000s ]
ERR: 无法加载模块:Member-list

[ 2016-12-20T15:33:05+08:00 ] ::1 /VRAppItem/index.php/member-list.html
INFO: [ app_init ] --START--
INFO: Run Behavior\BuildLiteBehavior [ RunTime:0.000000s ]
INFO: [ app_init ] --END-- [ RunTime:0.001000s ]
ERR: 无法加载模块:Member-list

[ 2016-12-20T15:40:27+08:00 ] ::1 /VRAppItem/index.php/member-list.html
INFO: [ app_init ] --START--
INFO: Run Behavior\BuildLiteBehavior [ RunTime:0.000000s ]
INFO: [ app_init ] --END-- [ RunTime:0.002000s ]
ERR: 无法加载模块:Member-list

[ 2016-12-20T15:40:28+08:00 ] ::1 /VRAppItem/index.php/member-list.html
INFO: [ app_init ] --START--
INFO: Run Behavior\BuildLiteBehavior [ RunTime:0.000000s ]
INFO: [ app_init ] --END-- [ RunTime:0.001000s ]
ERR: 无法加载模块:Member-list

[ 2016-12-20T18:28:11+08:00 ] ::1 /VRAppItem/index.php/admin-role.html
INFO: [ app_init ] --START--
INFO: Run Behavior\BuildLiteBehavior [ RunTime:0.000000s ]
INFO: [ app_init ] --END-- [ RunTime:0.001000s ]
ERR: 无法加载模块:Admin-role

