[ 2017-03-10T17:32:48+08:00 ] ::1 /VRAppItem/Public/Backstage//favicon.ico
INFO: [ app_init ] --START--
INFO: Run Behavior\BuildLiteBehavior [ RunTime:0.000000s ]
INFO: [ app_init ] --END-- [ RunTime:0.001000s ]
ERR: 无法加载模块:Public

[ 2017-03-10T17:32:58+08:00 ] ::1 /VRAppItem/index.php/admin-role.html
INFO: [ app_init ] --START--
INFO: Run Behavior\BuildLiteBehavior [ RunTime:0.000000s ]
INFO: [ app_init ] --END-- [ RunTime:0.001000s ]
ERR: 无法加载模块:Admin-role

[ 2017-03-10T17:57:42+08:00 ] 121.35.97.66 /VRAppItem/index.php/BackStage
INFO: [ app_init ] --START--
INFO: Run Behavior\BuildLiteBehavior [ RunTime:0.000013s ]
INFO: [ app_init ] --END-- [ RunTime:0.000125s ]
ERR: 无法加载模块:BackStage

[ 2017-03-10T17:58:40+08:00 ] 121.35.97.66 /VRAppItem/index.php/BackStage
INFO: [ app_init ] --START--
INFO: Run Behavior\BuildLiteBehavior [ RunTime:0.000012s ]
INFO: [ app_init ] --END-- [ RunTime:0.000111s ]
ERR: 无法加载模块:BackStage

[ 2017-03-10T17:58:49+08:00 ] 121.35.97.66 /VRAppItem/index.php/BackStage
INFO: [ app_init ] --START--
INFO: Run Behavior\BuildLiteBehavior [ RunTime:0.000013s ]
INFO: [ app_init ] --END-- [ RunTime:0.000112s ]
ERR: 无法加载模块:BackStage

[ 2017-03-10T18:21:47+08:00 ] 183.38.246.86 /index.php/admin-role.html
INFO: [ app_init ] --START--
INFO: Run Behavior\BuildLiteBehavior [ RunTime:0.000013s ]
INFO: [ app_init ] --END-- [ RunTime:0.000107s ]
ERR: 无法加载模块:Admin-role

[ 2017-03-10T18:21:48+08:00 ] 183.38.246.86 /index.php/admin-permission.html
INFO: [ app_init ] --START--
INFO: Run Behavior\BuildLiteBehavior [ RunTime:0.000013s ]
INFO: [ app_init ] --END-- [ RunTime:0.000106s ]
ERR: 无法加载模块:Admin-permission

[ 2017-03-10T18:21:49+08:00 ] 183.38.246.86 /index.php/admin-list.html
INFO: [ app_init ] --START--
INFO: Run Behavior\BuildLiteBehavior [ RunTime:0.000013s ]
INFO: [ app_init ] --END-- [ RunTime:0.000098s ]
ERR: 无法加载模块:Admin-list

[ 2017-03-10T18:21:54+08:00 ] 183.38.246.86 /index.php/charts-1.html
INFO: [ app_init ] --START--
INFO: Run Behavior\BuildLiteBehavior [ RunTime:0.000012s ]
INFO: [ app_init ] --END-- [ RunTime:0.000108s ]
ERR: 无法加载模块:Charts-1

[ 2017-03-10T18:21:55+08:00 ] 183.38.246.86 /index.php/charts-2.html
INFO: [ app_init ] --START--
INFO: Run Behavior\BuildLiteBehavior [ RunTime:0.000026s ]
INFO: [ app_init ] --END-- [ RunTime:0.000102s ]
ERR: 无法加载模块:Charts-2

[ 2017-03-10T18:21:55+08:00 ] 183.38.246.86 /index.php/charts-3.html
INFO: [ app_init ] --START--
INFO: Run Behavior\BuildLiteBehavior [ RunTime:0.000023s ]
INFO: [ app_init ] --END-- [ RunTime:0.000245s ]
ERR: 无法加载模块:Charts-3

[ 2017-03-10T18:21:56+08:00 ] 183.38.246.86 /index.php/charts-4.html
INFO: [ app_init ] --START--
INFO: Run Behavior\BuildLiteBehavior [ RunTime:0.000014s ]
INFO: [ app_init ] --END-- [ RunTime:0.000109s ]
ERR: 无法加载模块:Charts-4

[ 2017-03-10T18:21:56+08:00 ] 183.38.246.86 /index.php/charts-6.html
INFO: [ app_init ] --START--
INFO: Run Behavior\BuildLiteBehavior [ RunTime:0.000009s ]
INFO: [ app_init ] --END-- [ RunTime:0.000096s ]
ERR: 无法加载模块:Charts-6

[ 2017-03-10T18:21:57+08:00 ] 183.38.246.86 /index.php/charts-7.html
INFO: [ app_init ] --START--
INFO: Run Behavior\BuildLiteBehavior [ RunTime:0.000012s ]
INFO: [ app_init ] --END-- [ RunTime:0.000084s ]
ERR: 无法加载模块:Charts-7

[ 2017-03-10T18:21:58+08:00 ] 183.38.246.86 /index.php/system-base.html
INFO: [ app_init ] --START--
INFO: Run Behavior\BuildLiteBehavior [ RunTime:0.000012s ]
INFO: [ app_init ] --END-- [ RunTime:0.000097s ]
ERR: 无法加载模块:System-base

[ 2017-03-10T18:21:59+08:00 ] 183.38.246.86 /index.php/system-category.html
INFO: [ app_init ] --START--
INFO: Run Behavior\BuildLiteBehavior [ RunTime:0.000012s ]
INFO: [ app_init ] --END-- [ RunTime:0.000095s ]
ERR: 无法加载模块:System-category

[ 2017-03-10T18:21:59+08:00 ] 183.38.246.86 /index.php/system-data.html
INFO: [ app_init ] --START--
INFO: Run Behavior\BuildLiteBehavior [ RunTime:0.000013s ]
INFO: [ app_init ] --END-- [ RunTime:0.000100s ]
ERR: 无法加载模块:System-data

[ 2017-03-10T18:28:30+08:00 ] 121.35.97.66 /index.php/charts-1.html
INFO: [ app_init ] --START--
INFO: Run Behavior\BuildLiteBehavior [ RunTime:0.000013s ]
INFO: [ app_init ] --END-- [ RunTime:0.000098s ]
ERR: 无法加载模块:Charts-1

[ 2017-03-10T20:29:48+08:00 ] 183.57.53.197 /VRAppItem/index.php/BackStage
INFO: [ app_init ] --START--
INFO: Run Behavior\BuildLiteBehavior [ RunTime:0.000013s ]
INFO: [ app_init ] --END-- [ RunTime:0.000111s ]
ERR: 无法加载模块:BackStage

[ 2017-03-10T20:29:58+08:00 ] 180.153.214.200 /VRAppItem/index.php/BackStage
INFO: [ app_init ] --START--
INFO: Run Behavior\BuildLiteBehavior [ RunTime:0.000010s ]
INFO: [ app_init ] --END-- [ RunTime:0.000086s ]
ERR: 无法加载模块:BackStage

[ 2017-03-10T20:53:14+08:00 ] 101.226.66.180 /index.php/admin-permission.html
INFO: [ app_init ] --START--
INFO: Run Behavior\BuildLiteBehavior [ RunTime:0.000013s ]
INFO: [ app_init ] --END-- [ RunTime:0.000102s ]
ERR: 无法加载模块:Admin-permission

[ 2017-03-10T20:53:29+08:00 ] 180.153.214.176 /index.php/admin-permission.html
INFO: [ app_init ] --START--
INFO: Run Behavior\BuildLiteBehavior [ RunTime:0.000014s ]
INFO: [ app_init ] --END-- [ RunTime:0.000132s ]
ERR: 无法加载模块:Admin-permission

[ 2017-03-10T21:00:59+08:00 ] 112.90.82.218 /index.php/system-data.html
INFO: [ app_init ] --START--
INFO: Run Behavior\BuildLiteBehavior [ RunTime:0.000012s ]
INFO: [ app_init ] --END-- [ RunTime:0.000124s ]
ERR: 无法加载模块:System-data

[ 2017-03-10T21:01:09+08:00 ] 180.153.201.15 /index.php/charts-3.html
INFO: [ app_init ] --START--
INFO: Run Behavior\BuildLiteBehavior [ RunTime:0.000013s ]
INFO: [ app_init ] --END-- [ RunTime:0.000105s ]
ERR: 无法加载模块:Charts-3

[ 2017-03-10T21:01:09+08:00 ] 180.153.206.23 /index.php/admin-role.html
INFO: [ app_init ] --START--
INFO: Run Behavior\BuildLiteBehavior [ RunTime:0.000011s ]
INFO: [ app_init ] --END-- [ RunTime:0.000135s ]
ERR: 无法加载模块:Admin-role

[ 2017-03-10T21:01:09+08:00 ] 180.163.1.46 /index.php/system-data.html
INFO: [ app_init ] --START--
INFO: Run Behavior\BuildLiteBehavior [ RunTime:0.000012s ]
INFO: [ app_init ] --END-- [ RunTime:0.000100s ]
ERR: 无法加载模块:System-data

[ 2017-03-10T21:01:23+08:00 ] 101.226.33.202 /index.php/admin-role.html
INFO: [ app_init ] --START--
INFO: Run Behavior\BuildLiteBehavior [ RunTime:0.000013s ]
INFO: [ app_init ] --END-- [ RunTime:0.000117s ]
ERR: 无法加载模块:Admin-role

[ 2017-03-10T21:01:23+08:00 ] 180.153.214.191 /index.php/system-data.html
INFO: [ app_init ] --START--
INFO: Run Behavior\BuildLiteBehavior [ RunTime:0.000014s ]
INFO: [ app_init ] --END-- [ RunTime:0.000111s ]
ERR: 无法加载模块:System-data

[ 2017-03-10T21:01:24+08:00 ] 101.226.89.120 /index.php/charts-3.html
INFO: [ app_init ] --START--
INFO: Run Behavior\BuildLiteBehavior [ RunTime:0.000013s ]
INFO: [ app_init ] --END-- [ RunTime:0.000089s ]
ERR: 无法加载模块:Charts-3

[ 2017-03-10T21:33:20+08:00 ] 180.153.201.28 /index.php/charts-7.html
INFO: [ app_init ] --START--
INFO: Run Behavior\BuildLiteBehavior [ RunTime:0.000010s ]
INFO: [ app_init ] --END-- [ RunTime:0.000086s ]
ERR: 无法加载模块:Charts-7

[ 2017-03-10T21:33:34+08:00 ] 180.153.206.18 /index.php/charts-7.html
INFO: [ app_init ] --START--
INFO: Run Behavior\BuildLiteBehavior [ RunTime:0.000014s ]
INFO: [ app_init ] --END-- [ RunTime:0.000108s ]
ERR: 无法加载模块:Charts-7

[ 2017-03-10T21:36:32+08:00 ] 101.226.66.173 /index.php/charts-4.html
INFO: [ app_init ] --START--
INFO: Run Behavior\BuildLiteBehavior [ RunTime:0.000012s ]
INFO: [ app_init ] --END-- [ RunTime:0.000102s ]
ERR: 无法加载模块:Charts-4

[ 2017-03-10T21:36:48+08:00 ] 101.226.89.122 /index.php/charts-4.html
INFO: [ app_init ] --START--
INFO: Run Behavior\BuildLiteBehavior [ RunTime:0.000011s ]
INFO: [ app_init ] --END-- [ RunTime:0.000092s ]
ERR: 无法加载模块:Charts-4

[ 2017-03-10T21:40:11+08:00 ] 101.226.33.239 /index.php/charts-2.html
INFO: [ app_init ] --START--
INFO: Run Behavior\BuildLiteBehavior [ RunTime:0.000009s ]
INFO: [ app_init ] --END-- [ RunTime:0.000068s ]
ERR: 无法加载模块:Charts-2

[ 2017-03-10T21:40:25+08:00 ] 101.226.33.203 /index.php/charts-2.html
INFO: [ app_init ] --START--
INFO: Run Behavior\BuildLiteBehavior [ RunTime:0.000012s ]
INFO: [ app_init ] --END-- [ RunTime:0.000101s ]
ERR: 无法加载模块:Charts-2

[ 2017-03-10T21:40:43+08:00 ] 180.153.81.212 /index.php/charts-6.html
INFO: [ app_init ] --START--
INFO: Run Behavior\BuildLiteBehavior [ RunTime:0.000012s ]
INFO: [ app_init ] --END-- [ RunTime:0.000093s ]
ERR: 无法加载模块:Charts-6

[ 2017-03-10T21:40:57+08:00 ] 101.226.125.100 /index.php/charts-6.html
INFO: [ app_init ] --START--
INFO: Run Behavior\BuildLiteBehavior [ RunTime:0.000013s ]
INFO: [ app_init ] --END-- [ RunTime:0.000102s ]
ERR: 无法加载模块:Charts-6

[ 2017-03-10T21:49:09+08:00 ] 101.226.33.201 /index.php/admin-list.html
INFO: [ app_init ] --START--
INFO: Run Behavior\BuildLiteBehavior [ RunTime:0.000015s ]
INFO: [ app_init ] --END-- [ RunTime:0.000139s ]
ERR: 无法加载模块:Admin-list

[ 2017-03-10T21:49:22+08:00 ] 140.207.185.109 /index.php/admin-list.html
INFO: [ app_init ] --START--
INFO: Run Behavior\BuildLiteBehavior [ RunTime:0.000013s ]
INFO: [ app_init ] --END-- [ RunTime:0.000132s ]
ERR: 无法加载模块:Admin-list

[ 2017-03-10T22:04:16+08:00 ] 140.207.185.109 /index.php/charts-1.html
INFO: [ app_init ] --START--
INFO: Run Behavior\BuildLiteBehavior [ RunTime:0.000013s ]
INFO: [ app_init ] --END-- [ RunTime:0.000102s ]
ERR: 无法加载模块:Charts-1

[ 2017-03-10T22:22:56+08:00 ] 101.226.33.238 /index.php/system-base.html
INFO: [ app_init ] --START--
INFO: Run Behavior\BuildLiteBehavior [ RunTime:0.000013s ]
INFO: [ app_init ] --END-- [ RunTime:0.000130s ]
ERR: 无法加载模块:System-base

[ 2017-03-10T22:22:58+08:00 ] 180.153.214.189 /index.php/system-category.html
INFO: [ app_init ] --START--
INFO: Run Behavior\BuildLiteBehavior [ RunTime:0.000013s ]
INFO: [ app_init ] --END-- [ RunTime:0.000107s ]
ERR: 无法加载模块:System-category

[ 2017-03-10T22:23:11+08:00 ] 101.226.33.208 /index.php/system-base.html
INFO: [ app_init ] --START--
INFO: Run Behavior\BuildLiteBehavior [ RunTime:0.000010s ]
INFO: [ app_init ] --END-- [ RunTime:0.000101s ]
ERR: 无法加载模块:System-base

[ 2017-03-10T22:23:12+08:00 ] 117.185.27.114 /index.php/system-category.html
INFO: [ app_init ] --START--
INFO: Run Behavior\BuildLiteBehavior [ RunTime:0.000013s ]
INFO: [ app_init ] --END-- [ RunTime:0.000105s ]
ERR: 无法加载模块:System-category

[ 2017-03-10T23:35:10+08:00 ] 101.226.33.202 /index.php/admin-permission.html
INFO: [ app_init ] --START--
INFO: Run Behavior\BuildLiteBehavior [ RunTime:0.000009s ]
INFO: [ app_init ] --END-- [ RunTime:0.000070s ]
ERR: 无法加载模块:Admin-permission

[ 2017-03-10T23:35:21+08:00 ] 119.5.0.21 /index.php/admin-permission.html
INFO: [ app_init ] --START--
INFO: Run Behavior\BuildLiteBehavior [ RunTime:0.000013s ]
INFO: [ app_init ] --END-- [ RunTime:0.000109s ]
ERR: 无法加载模块:Admin-permission

