[ 2016-11-28T10:23:04+08:00 ] ::1 /VRAppItem/index.php/Backstage
INFO: [ app_init ] --START--
INFO: Run Behavior\BuildLiteBehavior [ RunTime:0.000000s ]
INFO: [ app_init ] --END-- [ RunTime:0.004000s ]
INFO: [ app_begin ] --START--
INFO: Run Behavior\ReadHtmlCacheBehavior [ RunTime:0.000000s ]
INFO: [ app_begin ] --END-- [ RunTime:0.000000s ]
INFO: [ view_parse ] --START--
INFO: [ template_filter ] --START--
INFO: Run Behavior\ContentReplaceBehavior [ RunTime:0.000000s ]
INFO: [ template_filter ] --END-- [ RunTime:0.000000s ]
INFO: Run Behavior\ParseTemplateBehavior [ RunTime:0.009000s ]
INFO: [ view_parse ] --END-- [ RunTime:0.009000s ]
INFO: [ view_filter ] --START--
INFO: Run Behavior\WriteHtmlCacheBehavior [ RunTime:0.001000s ]
INFO: [ view_filter ] --END-- [ RunTime:0.001000s ]
INFO: [ app_end ] --START--
INFO: Run Behavior\ShowPageTraceBehavior [ RunTime:0.001000s ]
INFO: [ app_end ] --END-- [ RunTime:0.001000s ]

[ 2016-11-28T10:23:04+08:00 ] ::1 /VRAppItem/index.php/Backstage/Index/welcome.html
INFO: [ app_init ] --START--
INFO: Run Behavior\BuildLiteBehavior [ RunTime:0.000000s ]
INFO: [ app_init ] --END-- [ RunTime:0.000000s ]
INFO: [ app_begin ] --START--
INFO: Run Behavior\ReadHtmlCacheBehavior [ RunTime:0.000000s ]
INFO: [ app_begin ] --END-- [ RunTime:0.000000s ]
INFO: [ view_parse ] --START--
INFO: [ template_filter ] --START--
INFO: Run Behavior\ContentReplaceBehavior [ RunTime:0.000000s ]
INFO: [ template_filter ] --END-- [ RunTime:0.001000s ]
INFO: Run Behavior\ParseTemplateBehavior [ RunTime:0.005000s ]
INFO: [ view_parse ] --END-- [ RunTime:0.006000s ]
INFO: [ view_filter ] --START--
INFO: Run Behavior\WriteHtmlCacheBehavior [ RunTime:0.000000s ]
INFO: [ view_filter ] --END-- [ RunTime:0.000000s ]
INFO: [ app_end ] --START--
INFO: Run Behavior\ShowPageTraceBehavior [ RunTime:0.000000s ]
INFO: [ app_end ] --END-- [ RunTime:0.001000s ]

[ 2016-11-28T10:23:06+08:00 ] ::1 /VRAppItem/index.php/Backstage/Class
INFO: [ app_init ] --START--
INFO: Run Behavior\BuildLiteBehavior [ RunTime:0.000000s ]
INFO: [ app_init ] --END-- [ RunTime:0.001000s ]
INFO: [ app_begin ] --START--
INFO: Run Behavior\ReadHtmlCacheBehavior [ RunTime:0.001000s ]
INFO: [ app_begin ] --END-- [ RunTime:0.001000s ]
SQL: SHOW COLUMNS FROM `vr_carouselfigure` [ RunTime:0.0040s ]
SQL: SHOW COLUMNS FROM `vr_class` [ RunTime:0.0010s ]
SQL: SHOW COLUMNS FROM `vr_label` [ RunTime:0.0010s ]
SQL: SHOW COLUMNS FROM `vr_lab_cla` [ RunTime:0.0000s ]
NOTIC: [2048] Declaration of Backstage\Model\AdminModel::delete() should be compatible with Think\Model::delete($options = Array) D:\Install\wamp\www\VRAppItem\VRAppItem\Backstage\Model\AdminModel.class.php 第 141 行.
SQL: SHOW COLUMNS FROM `vr_admin` [ RunTime:0.0030s ]
SQL: SELECT COUNT(*) AS tp_count FROM `vr_class` LIMIT 1   [ RunTime:0.0010s ]
SQL: SELECT * FROM `vr_class` ORDER BY oid desc LIMIT 0,10   [ RunTime:0.0010s ]
INFO: [ view_parse ] --START--
INFO: [ template_filter ] --START--
INFO: Run Behavior\ContentReplaceBehavior [ RunTime:0.000000s ]
INFO: [ template_filter ] --END-- [ RunTime:0.000000s ]
INFO: Run Behavior\ParseTemplateBehavior [ RunTime:0.013000s ]
INFO: [ view_parse ] --END-- [ RunTime:0.013000s ]
INFO: [ view_filter ] --START--
INFO: Run Behavior\WriteHtmlCacheBehavior [ RunTime:0.000000s ]
INFO: [ view_filter ] --END-- [ RunTime:0.000000s ]
INFO: [ app_end ] --START--
INFO: Run Behavior\ShowPageTraceBehavior [ RunTime:0.000000s ]
INFO: [ app_end ] --END-- [ RunTime:0.000000s ]

[ 2016-11-28T10:23:08+08:00 ] ::1 /VRAppItem/index.php/Backstage/Label
INFO: [ app_init ] --START--
INFO: Run Behavior\BuildLiteBehavior [ RunTime:0.000000s ]
INFO: [ app_init ] --END-- [ RunTime:0.001000s ]
INFO: [ app_begin ] --START--
INFO: Run Behavior\ReadHtmlCacheBehavior [ RunTime:0.001000s ]
INFO: [ app_begin ] --END-- [ RunTime:0.001000s ]
SQL: SHOW COLUMNS FROM `vr_carouselfigure` [ RunTime:0.0010s ]
SQL: SHOW COLUMNS FROM `vr_class` [ RunTime:0.0010s ]
SQL: SHOW COLUMNS FROM `vr_label` [ RunTime:0.0010s ]
SQL: SHOW COLUMNS FROM `vr_lab_cla` [ RunTime:0.0010s ]
NOTIC: [2048] Declaration of Backstage\Model\AdminModel::delete() should be compatible with Think\Model::delete($options = Array) D:\Install\wamp\www\VRAppItem\VRAppItem\Backstage\Model\AdminModel.class.php 第 141 行.
SQL: SHOW COLUMNS FROM `vr_admin` [ RunTime:0.0010s ]
INFO: [ app_end ] --START--
INFO: Run Behavior\ShowPageTraceBehavior [ RunTime:0.000000s ]
INFO: [ app_end ] --END-- [ RunTime:0.000000s ]

[ 2016-11-28T10:23:09+08:00 ] ::1 /VRAppItem/index.php/Backstage/Label
INFO: [ app_init ] --START--
INFO: Run Behavior\BuildLiteBehavior [ RunTime:0.000000s ]
INFO: [ app_init ] --END-- [ RunTime:0.001000s ]
INFO: [ app_begin ] --START--
INFO: Run Behavior\ReadHtmlCacheBehavior [ RunTime:0.001000s ]
INFO: [ app_begin ] --END-- [ RunTime:0.001000s ]
SQL: SHOW COLUMNS FROM `vr_carouselfigure` [ RunTime:0.0040s ]
SQL: SHOW COLUMNS FROM `vr_class` [ RunTime:0.0030s ]
SQL: SHOW COLUMNS FROM `vr_label` [ RunTime:0.0040s ]
SQL: SHOW COLUMNS FROM `vr_lab_cla` [ RunTime:0.0030s ]
NOTIC: [2048] Declaration of Backstage\Model\AdminModel::delete() should be compatible with Think\Model::delete($options = Array) D:\Install\wamp\www\VRAppItem\VRAppItem\Backstage\Model\AdminModel.class.php 第 141 行.
SQL: SHOW COLUMNS FROM `vr_admin` [ RunTime:0.0030s ]
INFO: [ app_end ] --START--
INFO: Run Behavior\ShowPageTraceBehavior [ RunTime:0.001000s ]
INFO: [ app_end ] --END-- [ RunTime:0.002000s ]

[ 2016-11-28T10:24:20+08:00 ] ::1 /VRAppItem/index.php/Backstage/Label
INFO: [ app_init ] --START--
INFO: Run Behavior\BuildLiteBehavior [ RunTime:0.001000s ]
INFO: [ app_init ] --END-- [ RunTime:0.001000s ]
INFO: [ app_begin ] --START--
INFO: Run Behavior\ReadHtmlCacheBehavior [ RunTime:0.001000s ]
INFO: [ app_begin ] --END-- [ RunTime:0.001000s ]
SQL: SHOW COLUMNS FROM `vr_carouselfigure` [ RunTime:0.0020s ]
SQL: SHOW COLUMNS FROM `vr_class` [ RunTime:0.0020s ]
SQL: SHOW COLUMNS FROM `vr_label` [ RunTime:0.0020s ]
SQL: SHOW COLUMNS FROM `vr_lab_cla` [ RunTime:0.0020s ]
NOTIC: [2048] Declaration of Backstage\Model\AdminModel::delete() should be compatible with Think\Model::delete($options = Array) D:\Install\wamp\www\VRAppItem\VRAppItem\Backstage\Model\AdminModel.class.php 第 141 行.
SQL: SHOW COLUMNS FROM `vr_admin` [ RunTime:0.0020s ]

[ 2016-11-28T10:24:35+08:00 ] ::1 /VRAppItem/index.php/Backstage/Label
INFO: [ app_init ] --START--
INFO: Run Behavior\BuildLiteBehavior [ RunTime:0.000000s ]
INFO: [ app_init ] --END-- [ RunTime:0.001000s ]
INFO: [ app_begin ] --START--
INFO: Run Behavior\ReadHtmlCacheBehavior [ RunTime:0.000000s ]
INFO: [ app_begin ] --END-- [ RunTime:0.000000s ]
SQL: SHOW COLUMNS FROM `vr_carouselfigure` [ RunTime:0.0010s ]
SQL: SHOW COLUMNS FROM `vr_class` [ RunTime:0.0010s ]
SQL: SHOW COLUMNS FROM `vr_label` [ RunTime:0.0010s ]
SQL: SHOW COLUMNS FROM `vr_lab_cla` [ RunTime:0.0010s ]
NOTIC: [2048] Declaration of Backstage\Model\AdminModel::delete() should be compatible with Think\Model::delete($options = Array) D:\Install\wamp\www\VRAppItem\VRAppItem\Backstage\Model\AdminModel.class.php 第 141 行.
SQL: SHOW COLUMNS FROM `vr_admin` [ RunTime:0.0010s ]
INFO: [ app_end ] --START--
INFO: Run Behavior\ShowPageTraceBehavior [ RunTime:0.001000s ]
INFO: [ app_end ] --END-- [ RunTime:0.001000s ]

[ 2016-11-28T10:25:20+08:00 ] ::1 /VRAppItem/index.php/Backstage/Label
INFO: [ app_init ] --START--
INFO: Run Behavior\BuildLiteBehavior [ RunTime:0.000000s ]
INFO: [ app_init ] --END-- [ RunTime:0.001000s ]
INFO: [ app_begin ] --START--
INFO: Run Behavior\ReadHtmlCacheBehavior [ RunTime:0.001000s ]
INFO: [ app_begin ] --END-- [ RunTime:0.002000s ]
SQL: SHOW COLUMNS FROM `vr_carouselfigure` [ RunTime:0.0020s ]
SQL: SHOW COLUMNS FROM `vr_class` [ RunTime:0.0020s ]
SQL: SHOW COLUMNS FROM `vr_label` [ RunTime:0.0010s ]
SQL: SHOW COLUMNS FROM `vr_lab_cla` [ RunTime:0.0010s ]
NOTIC: [2048] Declaration of Backstage\Model\AdminModel::delete() should be compatible with Think\Model::delete($options = Array) D:\Install\wamp\www\VRAppItem\VRAppItem\Backstage\Model\AdminModel.class.php 第 141 行.
SQL: SHOW COLUMNS FROM `vr_admin` [ RunTime:0.0010s ]
INFO: [ app_end ] --START--
INFO: Run Behavior\ShowPageTraceBehavior [ RunTime:0.001000s ]
INFO: [ app_end ] --END-- [ RunTime:0.001000s ]

[ 2016-11-28T11:30:16+08:00 ] ::1 /VRAppItem/index.php/Backstage/Label
INFO: [ app_init ] --START--
INFO: Run Behavior\BuildLiteBehavior [ RunTime:0.000000s ]
INFO: [ app_init ] --END-- [ RunTime:0.000000s ]
INFO: [ app_begin ] --START--
INFO: Run Behavior\ReadHtmlCacheBehavior [ RunTime:0.001000s ]
INFO: [ app_begin ] --END-- [ RunTime:0.001000s ]
SQL: SHOW COLUMNS FROM `vr_carouselfigure` [ RunTime:0.0010s ]
SQL: SHOW COLUMNS FROM `vr_class` [ RunTime:0.0020s ]
SQL: SHOW COLUMNS FROM `vr_label` [ RunTime:0.0020s ]
SQL: SHOW COLUMNS FROM `vr_lab_cla` [ RunTime:0.0010s ]
NOTIC: [2048] Declaration of Backstage\Model\AdminModel::delete() should be compatible with Think\Model::delete($options = Array) D:\Install\wamp\www\VRAppItem\VRAppItem\Backstage\Model\AdminModel.class.php 第 141 行.
SQL: SHOW COLUMNS FROM `vr_admin` [ RunTime:0.0010s ]
ERR: SQLSTATE[42000]: Syntax error or access violation: 1064 Erreur de syntaxe près de 'bid,`title`,`addtime`,`status`,`oid`,vr_lab_cla.cid FROM `vr_label` left join vr' à la ligne 1

[ 2016-11-28T11:31:46+08:00 ] ::1 /VRAppItem/index.php/Backstage/Label
INFO: [ app_init ] --START--
INFO: Run Behavior\BuildLiteBehavior [ RunTime:0.000000s ]
INFO: [ app_init ] --END-- [ RunTime:0.002000s ]
INFO: [ app_begin ] --START--
INFO: Run Behavior\ReadHtmlCacheBehavior [ RunTime:0.000000s ]
INFO: [ app_begin ] --END-- [ RunTime:0.000000s ]
SQL: SHOW COLUMNS FROM `vr_carouselfigure` [ RunTime:0.0010s ]
SQL: SHOW COLUMNS FROM `vr_class` [ RunTime:0.0010s ]
SQL: SHOW COLUMNS FROM `vr_label` [ RunTime:0.0010s ]
SQL: SHOW COLUMNS FROM `vr_lab_cla` [ RunTime:0.0010s ]
NOTIC: [2048] Declaration of Backstage\Model\AdminModel::delete() should be compatible with Think\Model::delete($options = Array) D:\Install\wamp\www\VRAppItem\VRAppItem\Backstage\Model\AdminModel.class.php 第 141 行.
SQL: SHOW COLUMNS FROM `vr_admin` [ RunTime:0.0010s ]
SQL: SELECT * FROM `vr_label`  [ RunTime:0.0000s ]
INFO: [ app_end ] --START--
INFO: Run Behavior\ShowPageTraceBehavior [ RunTime:0.001000s ]
INFO: [ app_end ] --END-- [ RunTime:0.001000s ]

[ 2016-11-28T11:34:24+08:00 ] ::1 /VRAppItem/index.php/Backstage/Label
INFO: [ app_init ] --START--
INFO: Run Behavior\BuildLiteBehavior [ RunTime:0.000000s ]
INFO: [ app_init ] --END-- [ RunTime:0.000000s ]
INFO: [ app_begin ] --START--
INFO: Run Behavior\ReadHtmlCacheBehavior [ RunTime:0.001000s ]
INFO: [ app_begin ] --END-- [ RunTime:0.002000s ]
SQL: SHOW COLUMNS FROM `vr_carouselfigure` [ RunTime:0.0010s ]
SQL: SHOW COLUMNS FROM `vr_class` [ RunTime:0.0010s ]
SQL: SHOW COLUMNS FROM `vr_label` [ RunTime:0.0010s ]
SQL: SHOW COLUMNS FROM `vr_lab_cla` [ RunTime:0.0010s ]
NOTIC: [2048] Declaration of Backstage\Model\AdminModel::delete() should be compatible with Think\Model::delete($options = Array) D:\Install\wamp\www\VRAppItem\VRAppItem\Backstage\Model\AdminModel.class.php 第 141 行.
SQL: SHOW COLUMNS FROM `vr_admin` [ RunTime:0.0010s ]
SQL: SELECT vr_label.id as bid,`title`,`addtime`,`status`,`oid`,vr_lab_cla.cid FROM `vr_label` left join vr_lab_cla on vr_label.id = vr_lab_cla.lid   [ RunTime:0.0010s ]
INFO: [ app_end ] --START--
INFO: Run Behavior\ShowPageTraceBehavior [ RunTime:0.001000s ]
INFO: [ app_end ] --END-- [ RunTime:0.001000s ]

[ 2016-11-28T11:34:34+08:00 ] ::1 /VRAppItem/index.php/Backstage/Label
INFO: [ app_init ] --START--
INFO: Run Behavior\BuildLiteBehavior [ RunTime:0.000000s ]
INFO: [ app_init ] --END-- [ RunTime:0.001000s ]
INFO: [ app_begin ] --START--
INFO: Run Behavior\ReadHtmlCacheBehavior [ RunTime:0.000000s ]
INFO: [ app_begin ] --END-- [ RunTime:0.000000s ]
SQL: SHOW COLUMNS FROM `vr_carouselfigure` [ RunTime:0.0020s ]
SQL: SHOW COLUMNS FROM `vr_class` [ RunTime:0.0020s ]
SQL: SHOW COLUMNS FROM `vr_label` [ RunTime:0.0010s ]
SQL: SHOW COLUMNS FROM `vr_lab_cla` [ RunTime:0.0010s ]
NOTIC: [2048] Declaration of Backstage\Model\AdminModel::delete() should be compatible with Think\Model::delete($options = Array) D:\Install\wamp\www\VRAppItem\VRAppItem\Backstage\Model\AdminModel.class.php 第 141 行.
SQL: SHOW COLUMNS FROM `vr_admin` [ RunTime:0.0010s ]
SQL: SELECT vr_label.id as bid,`title`,`addtime`,`status`,`oid`,vr_lab_cla.cid FROM `vr_label` left join vr_lab_cla on vr_label.id = vr_lab_cla.lid   [ RunTime:0.0000s ]
INFO: [ app_end ] --START--
INFO: Run Behavior\ShowPageTraceBehavior [ RunTime:0.000000s ]
INFO: [ app_end ] --END-- [ RunTime:0.001000s ]

