[ 2016-12-27T18:27:00+08:00 ] ::1 /VRAppItem/index.php/backstage
INFO: [ app_init ] --START--
INFO: Run Behavior\BuildLiteBehavior [ RunTime:0.000000s ]
INFO: [ app_init ] --END-- [ RunTime:0.001000s ]
INFO: [ app_begin ] --START--
INFO: Run Behavior\ReadHtmlCacheBehavior [ RunTime:0.001000s ]
INFO: [ app_begin ] --END-- [ RunTime:0.001000s ]
INFO: [ view_parse ] --START--
INFO: [ template_filter ] --START--
INFO: Run Behavior\ContentReplaceBehavior [ RunTime:0.000000s ]
INFO: [ template_filter ] --END-- [ RunTime:0.000000s ]
INFO: Run Behavior\ParseTemplateBehavior [ RunTime:0.013000s ]
INFO: [ view_parse ] --END-- [ RunTime:0.013000s ]
INFO: [ view_filter ] --START--
INFO: Run Behavior\WriteHtmlCacheBehavior [ RunTime:0.001000s ]
INFO: [ view_filter ] --END-- [ RunTime:0.001000s ]
INFO: [ app_end ] --START--
INFO: Run Behavior\ShowPageTraceBehavior [ RunTime:0.001000s ]
INFO: [ app_end ] --END-- [ RunTime:0.001000s ]

[ 2016-12-27T18:27:00+08:00 ] ::1 /VRAppItem/index.php/Backstage/Index/welcome.html
INFO: [ app_init ] --START--
INFO: Run Behavior\BuildLiteBehavior [ RunTime:0.000000s ]
INFO: [ app_init ] --END-- [ RunTime:0.001000s ]
INFO: [ app_begin ] --START--
INFO: Run Behavior\ReadHtmlCacheBehavior [ RunTime:0.001000s ]
INFO: [ app_begin ] --END-- [ RunTime:0.001000s ]
INFO: [ view_parse ] --START--
INFO: [ template_filter ] --START--
INFO: Run Behavior\ContentReplaceBehavior [ RunTime:0.000000s ]
INFO: [ template_filter ] --END-- [ RunTime:0.000000s ]
INFO: Run Behavior\ParseTemplateBehavior [ RunTime:0.008000s ]
INFO: [ view_parse ] --END-- [ RunTime:0.008000s ]
INFO: [ view_filter ] --START--
INFO: Run Behavior\WriteHtmlCacheBehavior [ RunTime:0.000000s ]
INFO: [ view_filter ] --END-- [ RunTime:0.000000s ]
INFO: [ app_end ] --START--
INFO: Run Behavior\ShowPageTraceBehavior [ RunTime:0.000000s ]
INFO: [ app_end ] --END-- [ RunTime:0.001000s ]

[ 2016-12-27T18:27:11+08:00 ] ::1 /VRAppItem/index.php/Backstage/Video
INFO: [ app_init ] --START--
INFO: Run Behavior\BuildLiteBehavior [ RunTime:0.000000s ]
INFO: [ app_init ] --END-- [ RunTime:0.001000s ]
INFO: [ app_begin ] --START--
INFO: Run Behavior\ReadHtmlCacheBehavior [ RunTime:0.001000s ]
INFO: [ app_begin ] --END-- [ RunTime:0.001000s ]
SQL: SHOW COLUMNS FROM `vr_carouselfigure` [ RunTime:0.0060s ]
SQL: SHOW COLUMNS FROM `vr_class` [ RunTime:0.0030s ]
SQL: SHOW COLUMNS FROM `vr_label` [ RunTime:0.0050s ]
SQL: SHOW COLUMNS FROM `vr_lab_cla` [ RunTime:0.0020s ]
NOTIC: [2048] Declaration of Backstage\Model\AdminModel::delete() should be compatible with Think\Model::delete($options = Array) D:\Install\wamp\www\VRAppItem\VRAppItem\Backstage\Model\AdminModel.class.php 第 141 行.
SQL: SHOW COLUMNS FROM `vr_admin` [ RunTime:0.0050s ]
SQL: SHOW COLUMNS FROM `vr_video` [ RunTime:0.0030s ]
SQL: SHOW COLUMNS FROM `vr_vid_lab` [ RunTime:0.0030s ]
SQL: SHOW COLUMNS FROM `vr_user` [ RunTime:0.0040s ]
SQL: SHOW COLUMNS FROM `vr_userdetail` [ RunTime:0.0030s ]
SQL: SHOW COLUMNS FROM `vr_facility` [ RunTime:0.0030s ]
NOTIC: [8] Undefined variable: field D:\Install\wamp\www\VRAppItem\VRAppItem\Backstage\Controller\VideoController.class.php 第 113 行.
NOTIC: [8] Undefined variable: Limit D:\Install\wamp\www\VRAppItem\VRAppItem\Backstage\Controller\VideoController.class.php 第 113 行.
NOTIC: [8] Undefined variable: join D:\Install\wamp\www\VRAppItem\VRAppItem\Backstage\Controller\VideoController.class.php 第 113 行.
SQL: SELECT COUNT(*) AS tp_count FROM `vr_video` WHERE `recycle` = 1 AND `father` = 1 LIMIT 1   [ RunTime:0.0010s ]
SQL: SELECT * FROM `vr_video` WHERE `recycle` = 1 AND `father` = 1 ORDER BY addtime desc LIMIT 0,100   [ RunTime:0.0000s ]
SQL: SELECT `id`,`title` FROM `vr_class`  [ RunTime:0.0010s ]
SQL: SELECT `lid` FROM `vr_vid_lab` WHERE `vid` = 37  [ RunTime:0.0000s ]
SQL: SELECT `lid` FROM `vr_vid_lab` WHERE `vid` = 36  [ RunTime:0.0000s ]
SQL: SELECT `lid` FROM `vr_vid_lab` WHERE `vid` = 35  [ RunTime:0.0000s ]
SQL: SELECT `lid` FROM `vr_vid_lab` WHERE `vid` = 34  [ RunTime:0.0000s ]
SQL: SELECT `id`,`title` FROM `vr_label`  [ RunTime:0.0010s ]
INFO: [ view_parse ] --START--
INFO: [ template_filter ] --START--
INFO: Run Behavior\ContentReplaceBehavior [ RunTime:0.000000s ]
INFO: [ template_filter ] --END-- [ RunTime:0.001000s ]
INFO: Run Behavior\ParseTemplateBehavior [ RunTime:0.015000s ]
INFO: [ view_parse ] --END-- [ RunTime:0.015000s ]
INFO: [ view_filter ] --START--
INFO: Run Behavior\WriteHtmlCacheBehavior [ RunTime:0.000000s ]
INFO: [ view_filter ] --END-- [ RunTime:0.001000s ]
INFO: [ app_end ] --START--
INFO: Run Behavior\ShowPageTraceBehavior [ RunTime:0.001000s ]
INFO: [ app_end ] --END-- [ RunTime:0.001000s ]

[ 2016-12-27T18:27:31+08:00 ] ::1 /VRAppItem/index.php/Backstage/Video
INFO: [ app_init ] --START--
INFO: Run Behavior\BuildLiteBehavior [ RunTime:0.000000s ]
INFO: [ app_init ] --END-- [ RunTime:0.001000s ]
INFO: [ app_begin ] --START--
INFO: Run Behavior\ReadHtmlCacheBehavior [ RunTime:0.001000s ]
INFO: [ app_begin ] --END-- [ RunTime:0.001000s ]
SQL: SHOW COLUMNS FROM `vr_carouselfigure` [ RunTime:0.0050s ]
SQL: SHOW COLUMNS FROM `vr_class` [ RunTime:0.0050s ]
SQL: SHOW COLUMNS FROM `vr_label` [ RunTime:0.0050s ]
SQL: SHOW COLUMNS FROM `vr_lab_cla` [ RunTime:0.0040s ]
NOTIC: [2048] Declaration of Backstage\Model\AdminModel::delete() should be compatible with Think\Model::delete($options = Array) D:\Install\wamp\www\VRAppItem\VRAppItem\Backstage\Model\AdminModel.class.php 第 141 行.
SQL: SHOW COLUMNS FROM `vr_admin` [ RunTime:0.0040s ]
SQL: SHOW COLUMNS FROM `vr_video` [ RunTime:0.0040s ]
SQL: SHOW COLUMNS FROM `vr_vid_lab` [ RunTime:0.0040s ]
SQL: SHOW COLUMNS FROM `vr_user` [ RunTime:0.0040s ]
SQL: SHOW COLUMNS FROM `vr_userdetail` [ RunTime:0.0030s ]
SQL: SHOW COLUMNS FROM `vr_facility` [ RunTime:0.0040s ]
NOTIC: [8] Undefined variable: field D:\Install\wamp\www\VRAppItem\VRAppItem\Backstage\Controller\VideoController.class.php 第 113 行.
NOTIC: [8] Undefined variable: Limit D:\Install\wamp\www\VRAppItem\VRAppItem\Backstage\Controller\VideoController.class.php 第 113 行.
NOTIC: [8] Undefined variable: join D:\Install\wamp\www\VRAppItem\VRAppItem\Backstage\Controller\VideoController.class.php 第 113 行.
SQL: SELECT COUNT(*) AS tp_count FROM `vr_video` WHERE `recycle` = 1 AND `father` = 1 LIMIT 1   [ RunTime:0.0000s ]
SQL: SELECT * FROM `vr_video` WHERE `recycle` = 1 AND `father` = 1 ORDER BY addtime desc LIMIT 0,100   [ RunTime:0.0010s ]
SQL: SELECT `id`,`title` FROM `vr_class`  [ RunTime:0.0000s ]
SQL: SELECT `lid` FROM `vr_vid_lab` WHERE `vid` = 37  [ RunTime:0.0000s ]
SQL: SELECT `lid` FROM `vr_vid_lab` WHERE `vid` = 36  [ RunTime:0.0000s ]
SQL: SELECT `lid` FROM `vr_vid_lab` WHERE `vid` = 35  [ RunTime:0.0000s ]
SQL: SELECT `lid` FROM `vr_vid_lab` WHERE `vid` = 34  [ RunTime:0.0000s ]
SQL: SELECT `id`,`title` FROM `vr_label`  [ RunTime:0.0000s ]
INFO: [ view_parse ] --START--
INFO: [ template_filter ] --START--
INFO: Run Behavior\ContentReplaceBehavior [ RunTime:0.000000s ]
INFO: [ template_filter ] --END-- [ RunTime:0.000000s ]
INFO: Run Behavior\ParseTemplateBehavior [ RunTime:0.014000s ]
INFO: [ view_parse ] --END-- [ RunTime:0.014000s ]
INFO: [ view_filter ] --START--
INFO: Run Behavior\WriteHtmlCacheBehavior [ RunTime:0.001000s ]
INFO: [ view_filter ] --END-- [ RunTime:0.001000s ]
INFO: [ app_end ] --START--
INFO: Run Behavior\ShowPageTraceBehavior [ RunTime:0.000000s ]
INFO: [ app_end ] --END-- [ RunTime:0.001000s ]

[ 2016-12-27T18:27:31+08:00 ] ::1 /VRAppItem/index.php/Backstage/Video/vidRecList
INFO: [ app_init ] --START--
INFO: Run Behavior\BuildLiteBehavior [ RunTime:0.000000s ]
INFO: [ app_init ] --END-- [ RunTime:0.001000s ]
INFO: [ app_begin ] --START--
INFO: Run Behavior\ReadHtmlCacheBehavior [ RunTime:0.001000s ]
INFO: [ app_begin ] --END-- [ RunTime:0.001000s ]
SQL: SHOW COLUMNS FROM `vr_carouselfigure` [ RunTime:0.0030s ]
SQL: SHOW COLUMNS FROM `vr_class` [ RunTime:0.0060s ]
SQL: SHOW COLUMNS FROM `vr_label` [ RunTime:0.0040s ]
SQL: SHOW COLUMNS FROM `vr_lab_cla` [ RunTime:0.0030s ]
NOTIC: [2048] Declaration of Backstage\Model\AdminModel::delete() should be compatible with Think\Model::delete($options = Array) D:\Install\wamp\www\VRAppItem\VRAppItem\Backstage\Model\AdminModel.class.php 第 141 行.
SQL: SHOW COLUMNS FROM `vr_admin` [ RunTime:0.0050s ]
SQL: SHOW COLUMNS FROM `vr_video` [ RunTime:0.0040s ]
SQL: SHOW COLUMNS FROM `vr_vid_lab` [ RunTime:0.0030s ]
SQL: SHOW COLUMNS FROM `vr_user` [ RunTime:0.0020s ]
SQL: SHOW COLUMNS FROM `vr_userdetail` [ RunTime:0.0030s ]
SQL: SHOW COLUMNS FROM `vr_facility` [ RunTime:0.0030s ]
NOTIC: [8] Undefined variable: field D:\Install\wamp\www\VRAppItem\VRAppItem\Backstage\Controller\VideoController.class.php 第 113 行.
NOTIC: [8] Undefined variable: Limit D:\Install\wamp\www\VRAppItem\VRAppItem\Backstage\Controller\VideoController.class.php 第 113 行.
NOTIC: [8] Undefined variable: join D:\Install\wamp\www\VRAppItem\VRAppItem\Backstage\Controller\VideoController.class.php 第 113 行.
SQL: SELECT COUNT(*) AS tp_count FROM `vr_video` WHERE `recycle` = 0 LIMIT 1   [ RunTime:0.0000s ]
SQL: SELECT * FROM `vr_video` WHERE `recycle` = 0 ORDER BY addtime desc LIMIT 0,100   [ RunTime:0.0000s ]
SQL: SELECT `id`,`title` FROM `vr_class`  [ RunTime:0.0010s ]
SQL: SELECT `id`,`title` FROM `vr_label`  [ RunTime:0.0000s ]
INFO: [ view_parse ] --START--
INFO: [ template_filter ] --START--
INFO: Run Behavior\ContentReplaceBehavior [ RunTime:0.000000s ]
INFO: [ template_filter ] --END-- [ RunTime:0.001000s ]
INFO: Run Behavior\ParseTemplateBehavior [ RunTime:0.010000s ]
INFO: [ view_parse ] --END-- [ RunTime:0.010000s ]
INFO: [ view_filter ] --START--
INFO: Run Behavior\WriteHtmlCacheBehavior [ RunTime:0.000000s ]
INFO: [ view_filter ] --END-- [ RunTime:0.001000s ]
INFO: [ app_end ] --START--
INFO: Run Behavior\ShowPageTraceBehavior [ RunTime:0.000000s ]
INFO: [ app_end ] --END-- [ RunTime:0.000000s ]

[ 2016-12-27T18:27:32+08:00 ] ::1 /VRAppItem/index.php/Backstage/Video/vidNoFather
INFO: [ app_init ] --START--
INFO: Run Behavior\BuildLiteBehavior [ RunTime:0.000000s ]
INFO: [ app_init ] --END-- [ RunTime:0.001000s ]
INFO: [ app_begin ] --START--
INFO: Run Behavior\ReadHtmlCacheBehavior [ RunTime:0.001000s ]
INFO: [ app_begin ] --END-- [ RunTime:0.002000s ]
SQL: SHOW COLUMNS FROM `vr_carouselfigure` [ RunTime:0.0030s ]
SQL: SHOW COLUMNS FROM `vr_class` [ RunTime:0.0020s ]
SQL: SHOW COLUMNS FROM `vr_label` [ RunTime:0.0020s ]
SQL: SHOW COLUMNS FROM `vr_lab_cla` [ RunTime:0.0030s ]
NOTIC: [2048] Declaration of Backstage\Model\AdminModel::delete() should be compatible with Think\Model::delete($options = Array) D:\Install\wamp\www\VRAppItem\VRAppItem\Backstage\Model\AdminModel.class.php 第 141 行.
SQL: SHOW COLUMNS FROM `vr_admin` [ RunTime:0.0030s ]
SQL: SHOW COLUMNS FROM `vr_video` [ RunTime:0.0030s ]
SQL: SHOW COLUMNS FROM `vr_vid_lab` [ RunTime:0.0030s ]
SQL: SHOW COLUMNS FROM `vr_user` [ RunTime:0.0030s ]
SQL: SHOW COLUMNS FROM `vr_userdetail` [ RunTime:0.0030s ]
SQL: SHOW COLUMNS FROM `vr_facility` [ RunTime:0.0030s ]
NOTIC: [8] Undefined variable: field D:\Install\wamp\www\VRAppItem\VRAppItem\Backstage\Controller\VideoController.class.php 第 113 行.
NOTIC: [8] Undefined variable: Limit D:\Install\wamp\www\VRAppItem\VRAppItem\Backstage\Controller\VideoController.class.php 第 113 行.
NOTIC: [8] Undefined variable: join D:\Install\wamp\www\VRAppItem\VRAppItem\Backstage\Controller\VideoController.class.php 第 113 行.
SQL: SELECT COUNT(*) AS tp_count FROM `vr_video` WHERE `father` = 0 AND `recycle` = 1 LIMIT 1   [ RunTime:0.0000s ]
SQL: SELECT * FROM `vr_video` WHERE `father` = 0 AND `recycle` = 1 ORDER BY addtime desc LIMIT 0,100   [ RunTime:0.0000s ]
SQL: SELECT `id`,`title` FROM `vr_class`  [ RunTime:0.0000s ]
SQL: SELECT `id`,`title` FROM `vr_label`  [ RunTime:0.0000s ]
INFO: [ view_parse ] --START--
INFO: [ template_filter ] --START--
INFO: Run Behavior\ContentReplaceBehavior [ RunTime:0.000000s ]
INFO: [ template_filter ] --END-- [ RunTime:0.001000s ]
INFO: Run Behavior\ParseTemplateBehavior [ RunTime:0.010000s ]
INFO: [ view_parse ] --END-- [ RunTime:0.010000s ]
INFO: [ view_filter ] --START--
INFO: Run Behavior\WriteHtmlCacheBehavior [ RunTime:0.000000s ]
INFO: [ view_filter ] --END-- [ RunTime:0.001000s ]
INFO: [ app_end ] --START--
INFO: Run Behavior\ShowPageTraceBehavior [ RunTime:0.000000s ]
INFO: [ app_end ] --END-- [ RunTime:0.001000s ]

[ 2016-12-27T18:27:33+08:00 ] ::1 /VRAppItem/index.php/Backstage/Video
INFO: [ app_init ] --START--
INFO: Run Behavior\BuildLiteBehavior [ RunTime:0.000000s ]
INFO: [ app_init ] --END-- [ RunTime:0.001000s ]
INFO: [ app_begin ] --START--
INFO: Run Behavior\ReadHtmlCacheBehavior [ RunTime:0.001000s ]
INFO: [ app_begin ] --END-- [ RunTime:0.001000s ]
SQL: SHOW COLUMNS FROM `vr_carouselfigure` [ RunTime:0.0060s ]
SQL: SHOW COLUMNS FROM `vr_class` [ RunTime:0.0050s ]
SQL: SHOW COLUMNS FROM `vr_label` [ RunTime:0.0040s ]
SQL: SHOW COLUMNS FROM `vr_lab_cla` [ RunTime:0.0050s ]
NOTIC: [2048] Declaration of Backstage\Model\AdminModel::delete() should be compatible with Think\Model::delete($options = Array) D:\Install\wamp\www\VRAppItem\VRAppItem\Backstage\Model\AdminModel.class.php 第 141 行.
SQL: SHOW COLUMNS FROM `vr_admin` [ RunTime:0.0040s ]
SQL: SHOW COLUMNS FROM `vr_video` [ RunTime:0.0050s ]
SQL: SHOW COLUMNS FROM `vr_vid_lab` [ RunTime:0.0050s ]
SQL: SHOW COLUMNS FROM `vr_user` [ RunTime:0.0060s ]
SQL: SHOW COLUMNS FROM `vr_userdetail` [ RunTime:0.0050s ]
SQL: SHOW COLUMNS FROM `vr_facility` [ RunTime:0.0050s ]
NOTIC: [8] Undefined variable: field D:\Install\wamp\www\VRAppItem\VRAppItem\Backstage\Controller\VideoController.class.php 第 113 行.
NOTIC: [8] Undefined variable: Limit D:\Install\wamp\www\VRAppItem\VRAppItem\Backstage\Controller\VideoController.class.php 第 113 行.
NOTIC: [8] Undefined variable: join D:\Install\wamp\www\VRAppItem\VRAppItem\Backstage\Controller\VideoController.class.php 第 113 行.
SQL: SELECT COUNT(*) AS tp_count FROM `vr_video` WHERE `recycle` = 1 AND `father` = 1 LIMIT 1   [ RunTime:0.0000s ]
SQL: SELECT * FROM `vr_video` WHERE `recycle` = 1 AND `father` = 1 ORDER BY addtime desc LIMIT 0,100   [ RunTime:0.0010s ]
SQL: SELECT `id`,`title` FROM `vr_class`  [ RunTime:0.0000s ]
SQL: SELECT `lid` FROM `vr_vid_lab` WHERE `vid` = 37  [ RunTime:0.0000s ]
SQL: SELECT `lid` FROM `vr_vid_lab` WHERE `vid` = 36  [ RunTime:0.0010s ]
SQL: SELECT `lid` FROM `vr_vid_lab` WHERE `vid` = 35  [ RunTime:0.0000s ]
SQL: SELECT `lid` FROM `vr_vid_lab` WHERE `vid` = 34  [ RunTime:0.0000s ]
SQL: SELECT `id`,`title` FROM `vr_label`  [ RunTime:0.0000s ]
INFO: [ view_parse ] --START--
INFO: [ template_filter ] --START--
INFO: Run Behavior\ContentReplaceBehavior [ RunTime:0.000000s ]
INFO: [ template_filter ] --END-- [ RunTime:0.001000s ]
INFO: Run Behavior\ParseTemplateBehavior [ RunTime:0.021000s ]
INFO: [ view_parse ] --END-- [ RunTime:0.021000s ]
INFO: [ view_filter ] --START--
INFO: Run Behavior\WriteHtmlCacheBehavior [ RunTime:0.001000s ]
INFO: [ view_filter ] --END-- [ RunTime:0.001000s ]
INFO: [ app_end ] --START--
INFO: Run Behavior\ShowPageTraceBehavior [ RunTime:0.001000s ]
INFO: [ app_end ] --END-- [ RunTime:0.002000s ]

[ 2016-12-27T18:27:34+08:00 ] ::1 /VRAppItem/index.php/Backstage/Video/add
INFO: [ app_init ] --START--
INFO: Run Behavior\BuildLiteBehavior [ RunTime:0.000000s ]
INFO: [ app_init ] --END-- [ RunTime:0.001000s ]
INFO: [ app_begin ] --START--
INFO: Run Behavior\ReadHtmlCacheBehavior [ RunTime:0.001000s ]
INFO: [ app_begin ] --END-- [ RunTime:0.001000s ]
SQL: SHOW COLUMNS FROM `vr_carouselfigure` [ RunTime:0.0060s ]
SQL: SHOW COLUMNS FROM `vr_class` [ RunTime:0.0050s ]
SQL: SHOW COLUMNS FROM `vr_label` [ RunTime:0.0050s ]
SQL: SHOW COLUMNS FROM `vr_lab_cla` [ RunTime:0.0050s ]
NOTIC: [2048] Declaration of Backstage\Model\AdminModel::delete() should be compatible with Think\Model::delete($options = Array) D:\Install\wamp\www\VRAppItem\VRAppItem\Backstage\Model\AdminModel.class.php 第 141 行.
SQL: SHOW COLUMNS FROM `vr_admin` [ RunTime:0.0050s ]
SQL: SHOW COLUMNS FROM `vr_video` [ RunTime:0.0060s ]
SQL: SHOW COLUMNS FROM `vr_vid_lab` [ RunTime:0.0050s ]
SQL: SHOW COLUMNS FROM `vr_user` [ RunTime:0.0050s ]
SQL: SHOW COLUMNS FROM `vr_userdetail` [ RunTime:0.0050s ]
SQL: SHOW COLUMNS FROM `vr_facility` [ RunTime:0.0060s ]
SQL: SELECT `id`,`title` FROM `vr_class`  [ RunTime:0.0000s ]
SQL: SELECT `id`,`title` FROM `vr_label`  [ RunTime:0.0000s ]
INFO: [ view_parse ] --START--
INFO: [ template_filter ] --START--
INFO: Run Behavior\ContentReplaceBehavior [ RunTime:0.000000s ]
INFO: [ template_filter ] --END-- [ RunTime:0.000000s ]
INFO: Run Behavior\ParseTemplateBehavior [ RunTime:0.018000s ]
INFO: [ view_parse ] --END-- [ RunTime:0.018000s ]
INFO: [ view_filter ] --START--
INFO: Run Behavior\WriteHtmlCacheBehavior [ RunTime:0.000000s ]
INFO: [ view_filter ] --END-- [ RunTime:0.001000s ]
INFO: [ app_end ] --START--
INFO: Run Behavior\ShowPageTraceBehavior [ RunTime:0.001000s ]
INFO: [ app_end ] --END-- [ RunTime:0.001000s ]

