[ 2017-02-23T15:02:54+08:00 ] ::1 /VRAppItem/index.php/backstage
INFO: [ app_init ] --START--
INFO: Run Behavior\BuildLiteBehavior [ RunTime:0.000000s ]
INFO: [ app_init ] --END-- [ RunTime:0.000000s ]
INFO: [ app_begin ] --START--
INFO: Run Behavior\ReadHtmlCacheBehavior [ RunTime:0.000000s ]
INFO: [ app_begin ] --END-- [ RunTime:0.001000s ]
INFO: [ view_parse ] --START--
INFO: [ template_filter ] --START--
INFO: Run Behavior\ContentReplaceBehavior [ RunTime:0.000000s ]
INFO: [ template_filter ] --END-- [ RunTime:0.000000s ]
INFO: Run Behavior\ParseTemplateBehavior [ RunTime:0.011000s ]
INFO: [ view_parse ] --END-- [ RunTime:0.011000s ]
INFO: [ view_filter ] --START--
INFO: Run Behavior\WriteHtmlCacheBehavior [ RunTime:0.001000s ]
INFO: [ view_filter ] --END-- [ RunTime:0.001000s ]
INFO: [ app_end ] --START--
INFO: Run Behavior\ShowPageTraceBehavior [ RunTime:0.001000s ]
INFO: [ app_end ] --END-- [ RunTime:0.001000s ]

[ 2017-02-23T15:02:54+08:00 ] ::1 /VRAppItem/index.php/Backstage/Index/welcome.html
INFO: [ app_init ] --START--
INFO: Run Behavior\BuildLiteBehavior [ RunTime:0.000000s ]
INFO: [ app_init ] --END-- [ RunTime:0.000000s ]
INFO: [ app_begin ] --START--
INFO: Run Behavior\ReadHtmlCacheBehavior [ RunTime:0.000000s ]
INFO: [ app_begin ] --END-- [ RunTime:0.000000s ]
INFO: [ view_parse ] --START--
INFO: [ template_filter ] --START--
INFO: Run Behavior\ContentReplaceBehavior [ RunTime:0.000000s ]
INFO: [ template_filter ] --END-- [ RunTime:0.000000s ]
INFO: Run Behavior\ParseTemplateBehavior [ RunTime:0.005000s ]
INFO: [ view_parse ] --END-- [ RunTime:0.005000s ]
INFO: [ view_filter ] --START--
INFO: Run Behavior\WriteHtmlCacheBehavior [ RunTime:0.000000s ]
INFO: [ view_filter ] --END-- [ RunTime:0.000000s ]
INFO: [ app_end ] --START--
INFO: Run Behavior\ShowPageTraceBehavior [ RunTime:0.000000s ]
INFO: [ app_end ] --END-- [ RunTime:0.001000s ]

[ 2017-02-23T15:02:56+08:00 ] ::1 /VRAppItem/index.php/Backstage/Video
INFO: [ app_init ] --START--
INFO: Run Behavior\BuildLiteBehavior [ RunTime:0.000000s ]
INFO: [ app_init ] --END-- [ RunTime:0.001000s ]
INFO: [ app_begin ] --START--
INFO: Run Behavior\ReadHtmlCacheBehavior [ RunTime:0.001000s ]
INFO: [ app_begin ] --END-- [ RunTime:0.001000s ]
SQL: SHOW COLUMNS FROM `vr_carouselfigure` [ RunTime:0.0010s ]
SQL: SHOW COLUMNS FROM `vr_class` [ RunTime:0.0010s ]
SQL: SHOW COLUMNS FROM `vr_label` [ RunTime:0.0020s ]
SQL: SHOW COLUMNS FROM `vr_lab_cla` [ RunTime:0.0010s ]
SQL: SHOW COLUMNS FROM `vr_admin` [ RunTime:0.0030s ]
SQL: SHOW COLUMNS FROM `vr_video` [ RunTime:0.0020s ]
SQL: SHOW COLUMNS FROM `vr_vid_lab` [ RunTime:0.0020s ]
SQL: SHOW COLUMNS FROM `vr_user` [ RunTime:0.0020s ]
SQL: SHOW COLUMNS FROM `vr_userdetail` [ RunTime:0.0010s ]
SQL: SHOW COLUMNS FROM `vr_facility` [ RunTime:0.0010s ]
SQL: SHOW COLUMNS FROM `vr_comment` [ RunTime:0.0020s ]
SQL: SHOW COLUMNS FROM `vr_panorama` [ RunTime:0.0030s ]
NOTIC: [8] Undefined variable: limit D:\Install\wamp\www\VRAppItem\VRAppItem\Backstage\Controller\VideoController.class.php 第 88 行.
NOTIC: [8] Undefined variable: join D:\Install\wamp\www\VRAppItem\VRAppItem\Backstage\Controller\VideoController.class.php 第 88 行.
SQL: SELECT COUNT(*) AS tp_count FROM `vr_video` WHERE `recycle` = 1 LIMIT 1   [ RunTime:0.0010s ]
SQL: SELECT `v_id`,`v_cid`,`v_title`,`v_describe`,`v_type`,`v_data1`,`v_data2`,`v_firstimgurl`,`v_secondimgurl`,`limit`,from_unixtime(v_addtime,'%Y-%m-%d %H:%i:%s')v_addtime,`v_status`,`v_publisherid`,`playnum`,`recycle` FROM `vr_video` WHERE `recycle` = 1 ORDER BY v_id desc LIMIT 0,3   [ RunTime:0.0000s ]
SQL: SELECT `lid` FROM `vr_vid_lab` WHERE `vid` = 7  [ RunTime:0.0010s ]
SQL: SELECT `lid` FROM `vr_vid_lab` WHERE `vid` = 6  [ RunTime:0.0000s ]
SQL: SELECT `lid` FROM `vr_vid_lab` WHERE `vid` = 5  [ RunTime:0.0000s ]
SQL: SELECT `l_id`,`l_title` FROM `vr_label`  [ RunTime:0.0010s ]
SQL: SELECT `c_id`,`c_title` FROM `vr_class` WHERE ( c_fid != 0 )  [ RunTime:0.0000s ]
INFO: [ view_parse ] --START--
INFO: [ template_filter ] --START--
INFO: Run Behavior\ContentReplaceBehavior [ RunTime:0.000000s ]
INFO: [ template_filter ] --END-- [ RunTime:0.000000s ]
NOTIC: [8] Undefined index: c_fid D:\Install\wamp\www\VRAppItem\VRAppItem\Runtime\Cache\Backstage\922566dafd4996b988b72a04b17e550b.php 第 42 行.
NOTIC: [8] Undefined index: c_fid D:\Install\wamp\www\VRAppItem\VRAppItem\Runtime\Cache\Backstage\922566dafd4996b988b72a04b17e550b.php 第 42 行.
NOTIC: [8] Undefined index: c_fid D:\Install\wamp\www\VRAppItem\VRAppItem\Runtime\Cache\Backstage\922566dafd4996b988b72a04b17e550b.php 第 42 行.
INFO: Run Behavior\ParseTemplateBehavior [ RunTime:0.014000s ]
INFO: [ view_parse ] --END-- [ RunTime:0.014000s ]
INFO: [ view_filter ] --START--
INFO: Run Behavior\WriteHtmlCacheBehavior [ RunTime:0.000000s ]
INFO: [ view_filter ] --END-- [ RunTime:0.001000s ]
INFO: [ app_end ] --START--
INFO: Run Behavior\ShowPageTraceBehavior [ RunTime:0.001000s ]
INFO: [ app_end ] --END-- [ RunTime:0.001000s ]

[ 2017-02-23T15:03:00+08:00 ] ::1 /VRAppItem/index.php/Backstage/Video
INFO: [ app_init ] --START--
INFO: Run Behavior\BuildLiteBehavior [ RunTime:0.000000s ]
INFO: [ app_init ] --END-- [ RunTime:0.000000s ]
INFO: [ app_begin ] --START--
INFO: Run Behavior\ReadHtmlCacheBehavior [ RunTime:0.000000s ]
INFO: [ app_begin ] --END-- [ RunTime:0.000000s ]
SQL: SHOW COLUMNS FROM `vr_carouselfigure` [ RunTime:0.0010s ]
SQL: SHOW COLUMNS FROM `vr_class` [ RunTime:0.0010s ]
SQL: SHOW COLUMNS FROM `vr_label` [ RunTime:0.0020s ]
SQL: SHOW COLUMNS FROM `vr_lab_cla` [ RunTime:0.0010s ]
SQL: SHOW COLUMNS FROM `vr_admin` [ RunTime:0.0010s ]
SQL: SHOW COLUMNS FROM `vr_video` [ RunTime:0.0020s ]
SQL: SHOW COLUMNS FROM `vr_vid_lab` [ RunTime:0.0020s ]
SQL: SHOW COLUMNS FROM `vr_user` [ RunTime:0.0020s ]
SQL: SHOW COLUMNS FROM `vr_userdetail` [ RunTime:0.0010s ]
SQL: SHOW COLUMNS FROM `vr_facility` [ RunTime:0.0010s ]
SQL: SHOW COLUMNS FROM `vr_comment` [ RunTime:0.0010s ]
SQL: SHOW COLUMNS FROM `vr_panorama` [ RunTime:0.0020s ]
NOTIC: [8] Undefined variable: limit D:\Install\wamp\www\VRAppItem\VRAppItem\Backstage\Controller\VideoController.class.php 第 88 行.
NOTIC: [8] Undefined variable: join D:\Install\wamp\www\VRAppItem\VRAppItem\Backstage\Controller\VideoController.class.php 第 88 行.
SQL: SELECT COUNT(*) AS tp_count FROM `vr_video` WHERE `recycle` = 1 LIMIT 1   [ RunTime:0.0000s ]
SQL: SELECT `v_id`,`v_cid`,`v_title`,`v_describe`,`v_type`,`v_data1`,`v_data2`,`v_firstimgurl`,`v_secondimgurl`,`limit`,from_unixtime(v_addtime,'%Y-%m-%d %H:%i:%s')v_addtime,`v_status`,`v_publisherid`,`playnum`,`recycle` FROM `vr_video` WHERE `recycle` = 1 ORDER BY v_id desc LIMIT 0,3   [ RunTime:0.0010s ]
SQL: SELECT `lid` FROM `vr_vid_lab` WHERE `vid` = 7  [ RunTime:0.0000s ]
SQL: SELECT `lid` FROM `vr_vid_lab` WHERE `vid` = 6  [ RunTime:0.0000s ]
SQL: SELECT `lid` FROM `vr_vid_lab` WHERE `vid` = 5  [ RunTime:0.0010s ]
SQL: SELECT `l_id`,`l_title` FROM `vr_label`  [ RunTime:0.0000s ]
SQL: SELECT `c_id`,`c_title` FROM `vr_class` WHERE ( c_fid != 0 )  [ RunTime:0.0000s ]
INFO: [ view_parse ] --START--
INFO: [ template_filter ] --START--
INFO: Run Behavior\ContentReplaceBehavior [ RunTime:0.001000s ]
INFO: [ template_filter ] --END-- [ RunTime:0.001000s ]
NOTIC: [8] Undefined index: c_fid D:\Install\wamp\www\VRAppItem\VRAppItem\Runtime\Cache\Backstage\922566dafd4996b988b72a04b17e550b.php 第 42 行.
NOTIC: [8] Undefined index: c_fid D:\Install\wamp\www\VRAppItem\VRAppItem\Runtime\Cache\Backstage\922566dafd4996b988b72a04b17e550b.php 第 42 行.
NOTIC: [8] Undefined index: c_fid D:\Install\wamp\www\VRAppItem\VRAppItem\Runtime\Cache\Backstage\922566dafd4996b988b72a04b17e550b.php 第 42 行.
INFO: Run Behavior\ParseTemplateBehavior [ RunTime:0.011000s ]
INFO: [ view_parse ] --END-- [ RunTime:0.011000s ]
INFO: [ view_filter ] --START--
INFO: Run Behavior\WriteHtmlCacheBehavior [ RunTime:0.001000s ]
INFO: [ view_filter ] --END-- [ RunTime:0.001000s ]
INFO: [ app_end ] --START--
INFO: Run Behavior\ShowPageTraceBehavior [ RunTime:0.001000s ]
INFO: [ app_end ] --END-- [ RunTime:0.001000s ]

[ 2017-02-23T15:32:30+08:00 ] ::1 /VRAppItem/index.php/backstage
INFO: [ app_init ] --START--
INFO: Run Behavior\BuildLiteBehavior [ RunTime:0.000000s ]
INFO: [ app_init ] --END-- [ RunTime:0.000000s ]
INFO: [ app_begin ] --START--
INFO: Run Behavior\ReadHtmlCacheBehavior [ RunTime:0.001000s ]
INFO: [ app_begin ] --END-- [ RunTime:0.001000s ]
INFO: [ view_parse ] --START--
INFO: [ template_filter ] --START--
INFO: Run Behavior\ContentReplaceBehavior [ RunTime:0.000000s ]
INFO: [ template_filter ] --END-- [ RunTime:0.000000s ]
INFO: Run Behavior\ParseTemplateBehavior [ RunTime:0.010000s ]
INFO: [ view_parse ] --END-- [ RunTime:0.010000s ]
INFO: [ view_filter ] --START--
INFO: Run Behavior\WriteHtmlCacheBehavior [ RunTime:0.001000s ]
INFO: [ view_filter ] --END-- [ RunTime:0.001000s ]
INFO: [ app_end ] --START--
INFO: Run Behavior\ShowPageTraceBehavior [ RunTime:0.001000s ]
INFO: [ app_end ] --END-- [ RunTime:0.001000s ]

[ 2017-02-23T15:32:30+08:00 ] ::1 /VRAppItem/index.php/Backstage/Index/welcome.html
INFO: [ app_init ] --START--
INFO: Run Behavior\BuildLiteBehavior [ RunTime:0.000000s ]
INFO: [ app_init ] --END-- [ RunTime:0.001000s ]
INFO: [ app_begin ] --START--
INFO: Run Behavior\ReadHtmlCacheBehavior [ RunTime:0.000000s ]
INFO: [ app_begin ] --END-- [ RunTime:0.000000s ]
INFO: [ view_parse ] --START--
INFO: [ template_filter ] --START--
INFO: Run Behavior\ContentReplaceBehavior [ RunTime:0.001000s ]
INFO: [ template_filter ] --END-- [ RunTime:0.001000s ]
INFO: Run Behavior\ParseTemplateBehavior [ RunTime:0.006000s ]
INFO: [ view_parse ] --END-- [ RunTime:0.006000s ]
INFO: [ view_filter ] --START--
INFO: Run Behavior\WriteHtmlCacheBehavior [ RunTime:0.000000s ]
INFO: [ view_filter ] --END-- [ RunTime:0.000000s ]
INFO: [ app_end ] --START--
INFO: Run Behavior\ShowPageTraceBehavior [ RunTime:0.001000s ]
INFO: [ app_end ] --END-- [ RunTime:0.001000s ]

[ 2017-02-23T15:32:32+08:00 ] ::1 /VRAppItem/index.php/Backstage/Video
INFO: [ app_init ] --START--
INFO: Run Behavior\BuildLiteBehavior [ RunTime:0.000000s ]
INFO: [ app_init ] --END-- [ RunTime:0.000000s ]
INFO: [ app_begin ] --START--
INFO: Run Behavior\ReadHtmlCacheBehavior [ RunTime:0.001000s ]
INFO: [ app_begin ] --END-- [ RunTime:0.001000s ]
SQL: SHOW COLUMNS FROM `vr_carouselfigure` [ RunTime:0.0030s ]
SQL: SHOW COLUMNS FROM `vr_class` [ RunTime:0.0020s ]
SQL: SHOW COLUMNS FROM `vr_label` [ RunTime:0.0010s ]
SQL: SHOW COLUMNS FROM `vr_lab_cla` [ RunTime:0.0020s ]
SQL: SHOW COLUMNS FROM `vr_admin` [ RunTime:0.0030s ]
SQL: SHOW COLUMNS FROM `vr_video` [ RunTime:0.0010s ]
SQL: SHOW COLUMNS FROM `vr_vid_lab` [ RunTime:0.0010s ]
SQL: SHOW COLUMNS FROM `vr_user` [ RunTime:0.0020s ]
SQL: SHOW COLUMNS FROM `vr_userdetail` [ RunTime:0.0010s ]
SQL: SHOW COLUMNS FROM `vr_facility` [ RunTime:0.0010s ]
SQL: SHOW COLUMNS FROM `vr_comment` [ RunTime:0.0020s ]
SQL: SHOW COLUMNS FROM `vr_panorama` [ RunTime:0.0010s ]
NOTIC: [8] Undefined variable: limit D:\Install\wamp\www\VRAppItem\VRAppItem\Backstage\Controller\VideoController.class.php 第 89 行.
NOTIC: [8] Undefined variable: join D:\Install\wamp\www\VRAppItem\VRAppItem\Backstage\Controller\VideoController.class.php 第 89 行.
SQL: SELECT COUNT(*) AS tp_count FROM `vr_video` WHERE `recycle` = 1 LIMIT 1   [ RunTime:0.0000s ]
SQL: SELECT `v_id`,`v_cid`,`v_title`,`v_describe`,`v_type`,`v_data1`,`v_data2`,`v_firstimgurl`,`v_secondimgurl`,`limit`,from_unixtime(v_addtime,'%Y-%m-%d %H:%i:%s')v_addtime,`v_status`,`v_publisherid`,`playnum`,`recycle` FROM `vr_video` WHERE `recycle` = 1 ORDER BY v_id desc LIMIT 0,3   [ RunTime:0.0000s ]
SQL: SELECT `lid` FROM `vr_vid_lab` WHERE `vid` = 7  [ RunTime:0.0000s ]
SQL: SELECT `lid` FROM `vr_vid_lab` WHERE `vid` = 6  [ RunTime:0.0000s ]
SQL: SELECT `lid` FROM `vr_vid_lab` WHERE `vid` = 5  [ RunTime:0.0000s ]
SQL: SELECT `l_id`,`l_title` FROM `vr_label`  [ RunTime:0.0000s ]
SQL: SELECT `c_id`,`c_title` FROM `vr_class` WHERE ( c_fid != 0 )  [ RunTime:0.0000s ]
INFO: [ view_parse ] --START--
INFO: [ template_filter ] --START--
INFO: Run Behavior\ContentReplaceBehavior [ RunTime:0.000000s ]
INFO: [ template_filter ] --END-- [ RunTime:0.001000s ]
NOTIC: [8] Undefined index: c_fid D:\Install\wamp\www\VRAppItem\VRAppItem\Runtime\Cache\Backstage\922566dafd4996b988b72a04b17e550b.php 第 42 行.
NOTIC: [8] Undefined index: c_fid D:\Install\wamp\www\VRAppItem\VRAppItem\Runtime\Cache\Backstage\922566dafd4996b988b72a04b17e550b.php 第 42 行.
NOTIC: [8] Undefined index: c_fid D:\Install\wamp\www\VRAppItem\VRAppItem\Runtime\Cache\Backstage\922566dafd4996b988b72a04b17e550b.php 第 42 行.
INFO: Run Behavior\ParseTemplateBehavior [ RunTime:0.013000s ]
INFO: [ view_parse ] --END-- [ RunTime:0.014000s ]
INFO: [ view_filter ] --START--
INFO: Run Behavior\WriteHtmlCacheBehavior [ RunTime:0.000000s ]
INFO: [ view_filter ] --END-- [ RunTime:0.000000s ]
NOTIC: [2] Cannot modify header information - headers already sent by (output started at D:\Install\wamp\www\VRAppItem\ThinkPHP\Common\functions.php:850) D:\Install\wamp\www\VRAppItem\ThinkPHP\Library\Think\View.class.php 第 91 行.
NOTIC: [2] Cannot modify header information - headers already sent by (output started at D:\Install\wamp\www\VRAppItem\ThinkPHP\Common\functions.php:850) D:\Install\wamp\www\VRAppItem\ThinkPHP\Library\Think\View.class.php 第 92 行.
NOTIC: [2] Cannot modify header information - headers already sent by (output started at D:\Install\wamp\www\VRAppItem\ThinkPHP\Common\functions.php:850) D:\Install\wamp\www\VRAppItem\ThinkPHP\Library\Think\View.class.php 第 93 行.
INFO: [ app_end ] --START--
INFO: Run Behavior\ShowPageTraceBehavior [ RunTime:0.001000s ]
INFO: [ app_end ] --END-- [ RunTime:0.001000s ]

