[ 2017-01-19T10:53:30+08:00 ] ::1 /VRAppItem/index.php/Api/List/classHomePage?classID=4
INFO: [ app_init ] --START--
INFO: Run Behavior\BuildLiteBehavior [ RunTime:0.000000s ]
INFO: [ app_init ] --END-- [ RunTime:0.004000s ]
INFO: [ app_begin ] --START--
INFO: Run Behavior\ReadHtmlCacheBehavior [ RunTime:0.000000s ]
INFO: [ app_begin ] --END-- [ RunTime:0.000000s ]
SQL: SHOW COLUMNS FROM `vr_carouselfigure` [ RunTime:0.0040s ]
SQL: SHOW COLUMNS FROM `vr_class` [ RunTime:0.0030s ]
SQL: SHOW COLUMNS FROM `vr_label` [ RunTime:0.0030s ]
SQL: SHOW COLUMNS FROM `vr_lab_cla` [ RunTime:0.0020s ]
SQL: SHOW COLUMNS FROM `vr_video` [ RunTime:0.0030s ]
SQL: SHOW COLUMNS FROM `vr_vid_lab` [ RunTime:0.0020s ]
SQL: SHOW COLUMNS FROM `vr_user` [ RunTime:0.0010s ]
SQL: SHOW COLUMNS FROM `vr_userdetail` [ RunTime:0.0010s ]
SQL: SHOW COLUMNS FROM `vr_facility` [ RunTime:0.0030s ]
SQL: SHOW COLUMNS FROM `vr_comment` [ RunTime:0.0010s ]
NOTIC: [8] Undefined index: p D:\Install\wamp\www\VRAppItem\VRAppItem\Api\Controller\ListController.class.php 第 19 行.
SQL: SELECT c_id as id,c_title as title,c_describe as 'describe' FROM `vr_class` WHERE `c_id` = 4 LIMIT 1   [ RunTime:0.0000s ]
SQL: SELECT vlb.l_id as id,vlb.l_title as title FROM `vr_lab_cla` left join vr_label vlb on vr_lab_cla.lid = vlb.l_id  WHERE `cid` = '4'  [ RunTime:0.0000s ]
SQL: SELECT v_id as id,v_title as title,concat('http://192.168.31.219/VRAppItem/Public/',v_secondimgurl)imgurl,v_subname as subname,`playnum` FROM `vr_video` WHERE `v_cid` = 4 ORDER BY playnum desc  [ RunTime:0.0000s ]
INFO: [ app_end ] --START--
INFO: Run Behavior\ShowPageTraceBehavior [ RunTime:0.001000s ]
INFO: [ app_end ] --END-- [ RunTime:0.001000s ]

[ 2017-01-19T10:53:37+08:00 ] ::1 /VRAppItem/index.php/Api/Videodetail/videoDetailPage?id=3
INFO: [ app_init ] --START--
INFO: Run Behavior\BuildLiteBehavior [ RunTime:0.000000s ]
INFO: [ app_init ] --END-- [ RunTime:0.000000s ]
INFO: [ app_begin ] --START--
INFO: Run Behavior\ReadHtmlCacheBehavior [ RunTime:0.000000s ]
INFO: [ app_begin ] --END-- [ RunTime:0.001000s ]

[ 2017-01-19T10:53:47+08:00 ] ::1 /VRAppItem/index.php/Api/Videodetail/videoDetailPage?id=3
INFO: [ app_init ] --START--
INFO: Run Behavior\BuildLiteBehavior [ RunTime:0.000000s ]
INFO: [ app_init ] --END-- [ RunTime:0.000000s ]
INFO: [ app_begin ] --START--
INFO: Run Behavior\ReadHtmlCacheBehavior [ RunTime:0.001000s ]
INFO: [ app_begin ] --END-- [ RunTime:0.001000s ]
SQL: SHOW COLUMNS FROM `vr_carouselfigure` [ RunTime:0.0020s ]
SQL: SHOW COLUMNS FROM `vr_class` [ RunTime:0.0020s ]
SQL: SHOW COLUMNS FROM `vr_label` [ RunTime:0.0020s ]
SQL: SHOW COLUMNS FROM `vr_lab_cla` [ RunTime:0.0020s ]
SQL: SHOW COLUMNS FROM `vr_video` [ RunTime:0.0010s ]
SQL: SHOW COLUMNS FROM `vr_vid_lab` [ RunTime:0.0010s ]
SQL: SHOW COLUMNS FROM `vr_user` [ RunTime:0.0010s ]
SQL: SHOW COLUMNS FROM `vr_userdetail` [ RunTime:0.0020s ]
SQL: SHOW COLUMNS FROM `vr_facility` [ RunTime:0.0010s ]
SQL: SHOW COLUMNS FROM `vr_comment` [ RunTime:0.0020s ]
SQL: SELECT v_id as id,v_cid as fid,v_title as title,v_subname as subname,v_describe as 'describe',v_type as type,v_data1 as video1,v_data2 as video2,`limit`,from_unixtime(v_addtime,'%Y-%m-%d')addtime,`playnum`,v_firstimgurl as firstimgurl,v_secondimgurl as secondimgurl,`duration`,count(*)comments FROM `vr_video` left join vr_comment vmm on vr_video.v_id = vmm.resourceid  WHERE `v_id` = '3' LIMIT 1   [ RunTime:0.0040s ]
SQL: SELECT vl.l_title as title,vl.l_id as id FROM `vr_vid_lab` left join vr_label vl on vr_vid_lab.lid = vl.l_id  WHERE `vid` = '3'  [ RunTime:0.0010s ]
SQL: SELECT v_publisherid as publisherid FROM `vr_video` WHERE `v_id` = 3 LIMIT 1   [ RunTime:0.0000s ]
SQL: SELECT `id`,`username`,concat('http://192.168.31.219/VRAppItem/Public/',vud.profileimg)photo,count(vuf.fans)fansnum FROM `vr_user` left join vr_userdetail vud on vr_user.id = vud.hostid left join vr_userfans vuf on vr_user.id = vuf.user  WHERE `id` = '2' LIMIT 1   [ RunTime:0.6960s ]
SQL: SELECT concat('http://192.168.31.219/VRAppItem/Public/',v_firstimgurl)firstImgUrl,concat('http://192.168.31.219/VRAppItem/Public/',v_secondimgurl)secondImgUrl,v_title as title,v_describe as subname,v_id as id,`playnum`,from_unixtime(v_addtime,'%Y-%m-%d')addTime FROM `vr_video` WHERE `v_publisherid` = 2  [ RunTime:0.0010s ]
SQL: SELECT * FROM `vr_comment` ORDER BY time desc LIMIT 20   [ RunTime:0.0020s ]
INFO: [ app_end ] --START--
INFO: Run Behavior\ShowPageTraceBehavior [ RunTime:0.001000s ]
INFO: [ app_end ] --END-- [ RunTime:0.001000s ]

[ 2017-01-19T11:17:04+08:00 ] ::1 /VRAppItem/index.php/Api/Videodetail/videoDetailPage?id=3
INFO: [ app_init ] --START--
INFO: Run Behavior\BuildLiteBehavior [ RunTime:0.000000s ]
INFO: [ app_init ] --END-- [ RunTime:0.001000s ]
INFO: [ app_begin ] --START--
INFO: Run Behavior\ReadHtmlCacheBehavior [ RunTime:0.001000s ]
INFO: [ app_begin ] --END-- [ RunTime:0.001000s ]
SQL: SHOW COLUMNS FROM `vr_carouselfigure` [ RunTime:0.0020s ]
SQL: SHOW COLUMNS FROM `vr_class` [ RunTime:0.0020s ]
SQL: SHOW COLUMNS FROM `vr_label` [ RunTime:0.0020s ]
SQL: SHOW COLUMNS FROM `vr_lab_cla` [ RunTime:0.0020s ]
SQL: SHOW COLUMNS FROM `vr_video` [ RunTime:0.0020s ]
SQL: SHOW COLUMNS FROM `vr_vid_lab` [ RunTime:0.0020s ]
SQL: SHOW COLUMNS FROM `vr_user` [ RunTime:0.0020s ]
SQL: SHOW COLUMNS FROM `vr_userdetail` [ RunTime:0.0020s ]
SQL: SHOW COLUMNS FROM `vr_facility` [ RunTime:0.0020s ]
SQL: SHOW COLUMNS FROM `vr_comment` [ RunTime:0.0020s ]
SQL: SELECT v_id as id,v_cid as fid,v_title as title,v_subname as subname,v_describe as 'describe',v_type as type,v_data1 as video1,v_data2 as video2,`limit`,from_unixtime(v_addtime,'%Y-%m-%d')addtime,`playnum`,v_firstimgurl as firstimgurl,v_secondimgurl as secondimgurl,`duration`,count(*)comments FROM `vr_video` left join vr_comment vmm on vr_video.v_id = vmm.resourceid  WHERE `v_id` = '3' LIMIT 1   [ RunTime:0.0020s ]
SQL: SELECT vl.l_title as title,vl.l_id as id FROM `vr_vid_lab` left join vr_label vl on vr_vid_lab.lid = vl.l_id  WHERE `vid` = '3'  [ RunTime:0.0000s ]
SQL: SELECT v_publisherid as publisherid FROM `vr_video` WHERE `v_id` = 3 LIMIT 1   [ RunTime:0.0000s ]
SQL: SELECT `id`,`username`,concat('http://192.168.31.219/VRAppItem/Public/',vud.profileimg)photo,count(vuf.fans)fansnum FROM `vr_user` left join vr_userdetail vud on vr_user.id = vud.hostid left join vr_userfans vuf on vr_user.id = vuf.user  WHERE `id` = '2' LIMIT 1   [ RunTime:0.7030s ]
SQL: SELECT concat('http://192.168.31.219/VRAppItem/Public/',v_firstimgurl)firstImgUrl,concat('http://192.168.31.219/VRAppItem/Public/',v_secondimgurl)secondImgUrl,v_title as title,v_describe as subname,v_id as id,`playnum`,from_unixtime(v_addtime,'%Y-%m-%d')addTime FROM `vr_video` WHERE `v_publisherid` = 2  [ RunTime:0.0010s ]
NOTIC: [8] Undefined variable: field D:\Install\wamp\www\VRAppItem\VRAppItem\Api\Controller\VideodetailController.class.php 第 132 行.
SQL: SELECT * FROM `vr_comment` WHERE `resourceid` = 3 ORDER BY time desc LIMIT 20   [ RunTime:0.0020s ]
INFO: [ app_end ] --START--
INFO: Run Behavior\ShowPageTraceBehavior [ RunTime:0.001000s ]
INFO: [ app_end ] --END-- [ RunTime:0.001000s ]

[ 2017-01-19T11:19:17+08:00 ] ::1 /VRAppItem/index.php/Api/Videodetail/videoDetailPage?id=3
INFO: [ app_init ] --START--
INFO: Run Behavior\BuildLiteBehavior [ RunTime:0.000000s ]
INFO: [ app_init ] --END-- [ RunTime:0.001000s ]
INFO: [ app_begin ] --START--
INFO: Run Behavior\ReadHtmlCacheBehavior [ RunTime:0.001000s ]
INFO: [ app_begin ] --END-- [ RunTime:0.002000s ]
SQL: SHOW COLUMNS FROM `vr_carouselfigure` [ RunTime:0.0020s ]
SQL: SHOW COLUMNS FROM `vr_class` [ RunTime:0.0010s ]
SQL: SHOW COLUMNS FROM `vr_label` [ RunTime:0.0020s ]
SQL: SHOW COLUMNS FROM `vr_lab_cla` [ RunTime:0.0020s ]
SQL: SHOW COLUMNS FROM `vr_video` [ RunTime:0.0020s ]
SQL: SHOW COLUMNS FROM `vr_vid_lab` [ RunTime:0.0010s ]
SQL: SHOW COLUMNS FROM `vr_user` [ RunTime:0.0020s ]
SQL: SHOW COLUMNS FROM `vr_userdetail` [ RunTime:0.0020s ]
SQL: SHOW COLUMNS FROM `vr_facility` [ RunTime:0.0020s ]
SQL: SHOW COLUMNS FROM `vr_comment` [ RunTime:0.0010s ]
SQL: SELECT v_id as id,v_cid as fid,v_title as title,v_subname as subname,v_describe as 'describe',v_type as type,v_data1 as video1,v_data2 as video2,`limit`,from_unixtime(v_addtime,'%Y-%m-%d')addtime,`playnum`,v_firstimgurl as firstimgurl,v_secondimgurl as secondimgurl,`duration`,count(*)comments FROM `vr_video` left join vr_comment vmm on vr_video.v_id = vmm.resourceid  WHERE `v_id` = '3' LIMIT 1   [ RunTime:0.0030s ]
SQL: SELECT vl.l_title as title,vl.l_id as id FROM `vr_vid_lab` left join vr_label vl on vr_vid_lab.lid = vl.l_id  WHERE `vid` = '3'  [ RunTime:0.0000s ]
SQL: SELECT v_publisherid as publisherid FROM `vr_video` WHERE `v_id` = 3 LIMIT 1   [ RunTime:0.0000s ]
SQL: SELECT `id`,`username`,concat('http://192.168.31.219/VRAppItem/Public/',vud.profileimg)photo,count(vuf.fans)fansnum FROM `vr_user` left join vr_userdetail vud on vr_user.id = vud.hostid left join vr_userfans vuf on vr_user.id = vuf.user  WHERE `id` = '2' LIMIT 1   [ RunTime:0.7180s ]
SQL: SELECT concat('http://192.168.31.219/VRAppItem/Public/',v_firstimgurl)firstImgUrl,concat('http://192.168.31.219/VRAppItem/Public/',v_secondimgurl)secondImgUrl,v_title as title,v_describe as subname,v_id as id,`playnum`,from_unixtime(v_addtime,'%Y-%m-%d')addTime FROM `vr_video` WHERE `v_publisherid` = 2  [ RunTime:0.0000s ]
SQL: SELECT `id`,`userid`,from_unixtime(time,'%Y-%m-%d')time,`content`,`like` FROM `vr_comment` WHERE `resourceid` = 3 ORDER BY time desc LIMIT 20   [ RunTime:0.0020s ]
INFO: [ app_end ] --START--
INFO: Run Behavior\ShowPageTraceBehavior [ RunTime:0.001000s ]
INFO: [ app_end ] --END-- [ RunTime:0.001000s ]

[ 2017-01-19T11:25:03+08:00 ] ::1 /VRAppItem/index.php/Api/Videodetail/videoDetailPage?id=3
INFO: [ app_init ] --START--
INFO: Run Behavior\BuildLiteBehavior [ RunTime:0.000000s ]
INFO: [ app_init ] --END-- [ RunTime:0.001000s ]
INFO: [ app_begin ] --START--
INFO: Run Behavior\ReadHtmlCacheBehavior [ RunTime:0.001000s ]
INFO: [ app_begin ] --END-- [ RunTime:0.001000s ]
SQL: SHOW COLUMNS FROM `vr_carouselfigure` [ RunTime:0.0020s ]
SQL: SHOW COLUMNS FROM `vr_class` [ RunTime:0.0020s ]
SQL: SHOW COLUMNS FROM `vr_label` [ RunTime:0.0020s ]
SQL: SHOW COLUMNS FROM `vr_lab_cla` [ RunTime:0.0010s ]
SQL: SHOW COLUMNS FROM `vr_video` [ RunTime:0.0010s ]
SQL: SHOW COLUMNS FROM `vr_vid_lab` [ RunTime:0.0010s ]
SQL: SHOW COLUMNS FROM `vr_user` [ RunTime:0.0010s ]
SQL: SHOW COLUMNS FROM `vr_userdetail` [ RunTime:0.0020s ]
SQL: SHOW COLUMNS FROM `vr_facility` [ RunTime:0.0020s ]
SQL: SHOW COLUMNS FROM `vr_comment` [ RunTime:0.0010s ]
SQL: SELECT v_id as id,v_cid as fid,v_title as title,v_subname as subname,v_describe as 'describe',v_type as type,v_data1 as video1,v_data2 as video2,`limit`,from_unixtime(v_addtime,'%Y-%m-%d')addtime,`playnum`,v_firstimgurl as firstimgurl,v_secondimgurl as secondimgurl,`duration`,count(*)comments FROM `vr_video` left join vr_comment vmm on vr_video.v_id = vmm.resourceid  WHERE `v_id` = '3' LIMIT 1   [ RunTime:0.0010s ]
SQL: SELECT vl.l_title as title,vl.l_id as id FROM `vr_vid_lab` left join vr_label vl on vr_vid_lab.lid = vl.l_id  WHERE `vid` = '3'  [ RunTime:0.0000s ]
SQL: SELECT v_publisherid as publisherid FROM `vr_video` WHERE `v_id` = 3 LIMIT 1   [ RunTime:0.0000s ]
SQL: SELECT `id`,`username`,concat('http://192.168.31.219/VRAppItem/Public/',vud.profileimg)photo,count(vuf.fans)fansnum FROM `vr_user` left join vr_userdetail vud on vr_user.id = vud.hostid left join vr_userfans vuf on vr_user.id = vuf.user  WHERE `id` = '2' LIMIT 1   [ RunTime:0.7080s ]
SQL: SELECT concat('http://192.168.31.219/VRAppItem/Public/',v_firstimgurl)firstImgUrl,concat('http://192.168.31.219/VRAppItem/Public/',v_secondimgurl)secondImgUrl,v_title as title,v_describe as subname,v_id as id,`playnum`,from_unixtime(v_addtime,'%Y-%m-%d')addTime FROM `vr_video` WHERE `v_publisherid` = 2  [ RunTime:0.0000s ]
SQL: SELECT `id`,`userid`,from_unixtime(time,'%Y-%m-%d')time,`content`,`like`,`resourceid` FROM `vr_comment` WHERE `resourceid` = 3 ORDER BY time desc LIMIT 20   [ RunTime:0.0020s ]
INFO: [ app_end ] --START--
INFO: Run Behavior\ShowPageTraceBehavior [ RunTime:0.001000s ]
INFO: [ app_end ] --END-- [ RunTime:0.001000s ]

[ 2017-01-19T11:25:22+08:00 ] ::1 /VRAppItem/index.php/Api/Videodetail/videoDetailPage?id=3
INFO: [ app_init ] --START--
INFO: Run Behavior\BuildLiteBehavior [ RunTime:0.000000s ]
INFO: [ app_init ] --END-- [ RunTime:0.000000s ]
INFO: [ app_begin ] --START--
INFO: Run Behavior\ReadHtmlCacheBehavior [ RunTime:0.001000s ]
INFO: [ app_begin ] --END-- [ RunTime:0.001000s ]
SQL: SHOW COLUMNS FROM `vr_carouselfigure` [ RunTime:0.0020s ]
SQL: SHOW COLUMNS FROM `vr_class` [ RunTime:0.0010s ]
SQL: SHOW COLUMNS FROM `vr_label` [ RunTime:0.0010s ]
SQL: SHOW COLUMNS FROM `vr_lab_cla` [ RunTime:0.0010s ]
SQL: SHOW COLUMNS FROM `vr_video` [ RunTime:0.0010s ]
SQL: SHOW COLUMNS FROM `vr_vid_lab` [ RunTime:0.0010s ]
SQL: SHOW COLUMNS FROM `vr_user` [ RunTime:0.0010s ]
SQL: SHOW COLUMNS FROM `vr_userdetail` [ RunTime:0.0010s ]
SQL: SHOW COLUMNS FROM `vr_facility` [ RunTime:0.0010s ]
SQL: SHOW COLUMNS FROM `vr_comment` [ RunTime:0.0010s ]
SQL: SELECT v_id as id,v_cid as fid,v_title as title,v_subname as subname,v_describe as 'describe',v_type as type,v_data1 as video1,v_data2 as video2,`limit`,from_unixtime(v_addtime,'%Y-%m-%d')addtime,`playnum`,v_firstimgurl as firstimgurl,v_secondimgurl as secondimgurl,`duration`,count(*)comments FROM `vr_video` left join vr_comment vmm on vr_video.v_id = vmm.resourceid  WHERE `v_id` = '3' LIMIT 1   [ RunTime:0.0020s ]
SQL: SELECT vl.l_title as title,vl.l_id as id FROM `vr_vid_lab` left join vr_label vl on vr_vid_lab.lid = vl.l_id  WHERE `vid` = '3'  [ RunTime:0.0000s ]
SQL: SELECT v_publisherid as publisherid FROM `vr_video` WHERE `v_id` = 3 LIMIT 1   [ RunTime:0.0010s ]
SQL: SELECT `id`,`username`,concat('http://192.168.31.219/VRAppItem/Public/',vud.profileimg)photo,count(vuf.fans)fansnum FROM `vr_user` left join vr_userdetail vud on vr_user.id = vud.hostid left join vr_userfans vuf on vr_user.id = vuf.user  WHERE `id` = '2' LIMIT 1   [ RunTime:0.6960s ]
SQL: SELECT concat('http://192.168.31.219/VRAppItem/Public/',v_firstimgurl)firstImgUrl,concat('http://192.168.31.219/VRAppItem/Public/',v_secondimgurl)secondImgUrl,v_title as title,v_describe as subname,v_id as id,`playnum`,from_unixtime(v_addtime,'%Y-%m-%d')addTime FROM `vr_video` WHERE `v_publisherid` = 2  [ RunTime:0.0010s ]
SQL: SELECT `id`,`userid`,from_unixtime(time,'%Y-%m-%d')time,`content`,`like` FROM `vr_comment` WHERE `resourceid` = 3 ORDER BY time desc LIMIT 20   [ RunTime:0.0020s ]
INFO: [ app_end ] --START--
INFO: Run Behavior\ShowPageTraceBehavior [ RunTime:0.001000s ]
INFO: [ app_end ] --END-- [ RunTime:0.001000s ]

[ 2017-01-19T11:46:04+08:00 ] ::1 /VRAppItem/index.php/Api/Videodetail/videoDetailPage?id=3
INFO: [ app_init ] --START--
INFO: Run Behavior\BuildLiteBehavior [ RunTime:0.000000s ]
INFO: [ app_init ] --END-- [ RunTime:0.001000s ]
INFO: [ app_begin ] --START--
INFO: Run Behavior\ReadHtmlCacheBehavior [ RunTime:0.001000s ]
INFO: [ app_begin ] --END-- [ RunTime:0.001000s ]

[ 2017-01-19T11:46:21+08:00 ] ::1 /VRAppItem/index.php/Api/Videodetail/videoDetailPage?id=3
INFO: [ app_init ] --START--
INFO: Run Behavior\BuildLiteBehavior [ RunTime:0.000000s ]
INFO: [ app_init ] --END-- [ RunTime:0.000000s ]
INFO: [ app_begin ] --START--
INFO: Run Behavior\ReadHtmlCacheBehavior [ RunTime:0.000000s ]
INFO: [ app_begin ] --END-- [ RunTime:0.000000s ]
SQL: SHOW COLUMNS FROM `vr_carouselfigure` [ RunTime:0.0030s ]
SQL: SHOW COLUMNS FROM `vr_class` [ RunTime:0.0010s ]
SQL: SHOW COLUMNS FROM `vr_label` [ RunTime:0.0010s ]
SQL: SHOW COLUMNS FROM `vr_lab_cla` [ RunTime:0.0010s ]
SQL: SHOW COLUMNS FROM `vr_video` [ RunTime:0.0010s ]
SQL: SHOW COLUMNS FROM `vr_vid_lab` [ RunTime:0.0010s ]
SQL: SHOW COLUMNS FROM `vr_user` [ RunTime:0.0010s ]
SQL: SHOW COLUMNS FROM `vr_userdetail` [ RunTime:0.0010s ]
SQL: SHOW COLUMNS FROM `vr_facility` [ RunTime:0.0010s ]
SQL: SHOW COLUMNS FROM `vr_comment` [ RunTime:0.0010s ]
SQL: SELECT v_id as id,v_cid as fid,v_title as title,v_subname as subname,v_describe as 'describe',v_type as type,v_data1 as video1,v_data2 as video2,`limit`,from_unixtime(v_addtime,'%Y-%m-%d')addtime,`playnum`,v_firstimgurl as firstimgurl,v_secondimgurl as secondimgurl,`duration`,count(*)comments FROM `vr_video` left join vr_comment vmm on vr_video.v_id = vmm.resourceid  WHERE `v_id` = '3' LIMIT 1   [ RunTime:0.0010s ]
SQL: SELECT vl.l_title as title,vl.l_id as id FROM `vr_vid_lab` left join vr_label vl on vr_vid_lab.lid = vl.l_id  WHERE `vid` = '3'  [ RunTime:0.0000s ]
SQL: SELECT v_publisherid as publisherid FROM `vr_video` WHERE `v_id` = 3 LIMIT 1   [ RunTime:0.0010s ]
SQL: SELECT `id`,`username`,concat('http://192.168.31.219/VRAppItem/Public/',vud.profileimg)photo,count(vuf.fans)fansnum FROM `vr_user` left join vr_userdetail vud on vr_user.id = vud.hostid left join vr_userfans vuf on vr_user.id = vuf.user  WHERE `id` = '2' LIMIT 1   [ RunTime:0.6900s ]
SQL: SELECT concat('http://192.168.31.219/VRAppItem/Public/',v_firstimgurl)firstImgUrl,concat('http://192.168.31.219/VRAppItem/Public/',v_secondimgurl)secondImgUrl,v_title as title,v_describe as subname,v_id as id,`playnum`,from_unixtime(v_addtime,'%Y-%m-%d')addTime FROM `vr_video` WHERE `v_publisherid` = 2  [ RunTime:0.0010s ]
SQL: SELECT `id`,`userid`,from_unixtime(time,'%Y-%m-%d')time,`content`,`like` FROM `vr_comment` WHERE `resourceid` = 3 ORDER BY time desc LIMIT 20   [ RunTime:0.0030s ]
INFO: [ app_end ] --START--
INFO: Run Behavior\ShowPageTraceBehavior [ RunTime:0.001000s ]
INFO: [ app_end ] --END-- [ RunTime:0.001000s ]

[ 2017-01-19T11:46:37+08:00 ] ::1 /VRAppItem/index.php/Api/Videodetail/videoDetailPage?id=3
INFO: [ app_init ] --START--
INFO: Run Behavior\BuildLiteBehavior [ RunTime:0.000000s ]
INFO: [ app_init ] --END-- [ RunTime:0.000000s ]
INFO: [ app_begin ] --START--
INFO: Run Behavior\ReadHtmlCacheBehavior [ RunTime:0.000000s ]
INFO: [ app_begin ] --END-- [ RunTime:0.000000s ]
SQL: SHOW COLUMNS FROM `vr_carouselfigure` [ RunTime:0.0030s ]
SQL: SHOW COLUMNS FROM `vr_class` [ RunTime:0.0010s ]
SQL: SHOW COLUMNS FROM `vr_label` [ RunTime:0.0010s ]
SQL: SHOW COLUMNS FROM `vr_lab_cla` [ RunTime:0.0010s ]
SQL: SHOW COLUMNS FROM `vr_video` [ RunTime:0.0020s ]
SQL: SHOW COLUMNS FROM `vr_vid_lab` [ RunTime:0.0010s ]
SQL: SHOW COLUMNS FROM `vr_user` [ RunTime:0.0010s ]
SQL: SHOW COLUMNS FROM `vr_userdetail` [ RunTime:0.0010s ]
SQL: SHOW COLUMNS FROM `vr_facility` [ RunTime:0.0010s ]
SQL: SHOW COLUMNS FROM `vr_comment` [ RunTime:0.0010s ]
SQL: SELECT v_id as id,v_cid as fid,v_title as title,v_subname as subname,v_describe as 'describe',v_type as type,v_data1 as video1,v_data2 as video2,`limit`,from_unixtime(v_addtime,'%Y-%m-%d')addtime,`playnum`,v_firstimgurl as firstimgurl,v_secondimgurl as secondimgurl,`duration`,count(*)comments FROM `vr_video` left join vr_comment vmm on vr_video.v_id = vmm.resourceid  WHERE `v_id` = '3' LIMIT 1   [ RunTime:0.0010s ]
SQL: SELECT vl.l_title as title,vl.l_id as id FROM `vr_vid_lab` left join vr_label vl on vr_vid_lab.lid = vl.l_id  WHERE `vid` = '3'  [ RunTime:0.0000s ]
SQL: SELECT v_publisherid as publisherid FROM `vr_video` WHERE `v_id` = 3 LIMIT 1   [ RunTime:0.0000s ]
SQL: SELECT `id`,`username`,concat('http://192.168.31.219/VRAppItem/Public/',vud.profileimg)photo,count(vuf.fans)fansnum FROM `vr_user` left join vr_userdetail vud on vr_user.id = vud.hostid left join vr_userfans vuf on vr_user.id = vuf.user  WHERE `id` = '2' LIMIT 1   [ RunTime:0.6950s ]
SQL: SELECT concat('http://192.168.31.219/VRAppItem/Public/',v_firstimgurl)firstImgUrl,concat('http://192.168.31.219/VRAppItem/Public/',v_secondimgurl)secondImgUrl,v_title as title,v_describe as subname,v_id as id,`playnum`,from_unixtime(v_addtime,'%Y-%m-%d')addTime FROM `vr_video` WHERE `v_publisherid` = 2  [ RunTime:0.0010s ]
SQL: SELECT `id`,`userid`,from_unixtime(time,'%Y-%m-%d')time,`content`,`like` FROM `vr_comment` WHERE `resourceid` = 3 ORDER BY time desc LIMIT 20   [ RunTime:0.0020s ]
INFO: [ app_end ] --START--
INFO: Run Behavior\ShowPageTraceBehavior [ RunTime:0.001000s ]
INFO: [ app_end ] --END-- [ RunTime:0.001000s ]

[ 2017-01-19T11:47:16+08:00 ] ::1 /VRAppItem/index.php/Api/Videodetail/videoDetailPage?id=3
INFO: [ app_init ] --START--
INFO: Run Behavior\BuildLiteBehavior [ RunTime:0.000000s ]
INFO: [ app_init ] --END-- [ RunTime:0.001000s ]
INFO: [ app_begin ] --START--
INFO: Run Behavior\ReadHtmlCacheBehavior [ RunTime:0.001000s ]
INFO: [ app_begin ] --END-- [ RunTime:0.002000s ]
SQL: SHOW COLUMNS FROM `vr_carouselfigure` [ RunTime:0.0020s ]
SQL: SHOW COLUMNS FROM `vr_class` [ RunTime:0.0020s ]
SQL: SHOW COLUMNS FROM `vr_label` [ RunTime:0.0030s ]
SQL: SHOW COLUMNS FROM `vr_lab_cla` [ RunTime:0.0020s ]
SQL: SHOW COLUMNS FROM `vr_video` [ RunTime:0.0030s ]
SQL: SHOW COLUMNS FROM `vr_vid_lab` [ RunTime:0.0020s ]
SQL: SHOW COLUMNS FROM `vr_user` [ RunTime:0.0020s ]
SQL: SHOW COLUMNS FROM `vr_userdetail` [ RunTime:0.0020s ]
SQL: SHOW COLUMNS FROM `vr_facility` [ RunTime:0.0020s ]
SQL: SHOW COLUMNS FROM `vr_comment` [ RunTime:0.0020s ]
SQL: SELECT v_id as id,v_cid as fid,v_title as title,v_subname as subname,v_describe as 'describe',v_type as type,v_data1 as video1,v_data2 as video2,`limit`,from_unixtime(v_addtime,'%Y-%m-%d')addtime,`playnum`,v_firstimgurl as firstimgurl,v_secondimgurl as secondimgurl,`duration`,count(*)comments FROM `vr_video` left join vr_comment vmm on vr_video.v_id = vmm.resourceid  WHERE `v_id` = '3' LIMIT 1   [ RunTime:0.0030s ]
SQL: SELECT vl.l_title as title,vl.l_id as id FROM `vr_vid_lab` left join vr_label vl on vr_vid_lab.lid = vl.l_id  WHERE `vid` = '3'  [ RunTime:0.0000s ]
SQL: SELECT v_publisherid as publisherid FROM `vr_video` WHERE `v_id` = 3 LIMIT 1   [ RunTime:0.0010s ]
SQL: SELECT `id`,`username`,concat('http://192.168.31.219/VRAppItem/Public/',vud.profileimg)photo,count(vuf.fans)fansnum FROM `vr_user` left join vr_userdetail vud on vr_user.id = vud.hostid left join vr_userfans vuf on vr_user.id = vuf.user  WHERE `id` = '2' LIMIT 1   [ RunTime:0.7230s ]
SQL: SELECT concat('http://192.168.31.219/VRAppItem/Public/',v_firstimgurl)firstImgUrl,concat('http://192.168.31.219/VRAppItem/Public/',v_secondimgurl)secondImgUrl,v_title as title,v_describe as subname,v_id as id,`playnum`,from_unixtime(v_addtime,'%Y-%m-%d')addTime FROM `vr_video` WHERE `v_publisherid` = 2  [ RunTime:0.0000s ]
SQL: SELECT `id`,`userid`,from_unixtime(time,'%Y-%m-%d')time,`content`,`like` FROM `vr_comment` WHERE `resourceid` = 3 ORDER BY time desc LIMIT 20   [ RunTime:0.0020s ]
INFO: [ app_end ] --START--
INFO: Run Behavior\ShowPageTraceBehavior [ RunTime:0.001000s ]
INFO: [ app_end ] --END-- [ RunTime:0.001000s ]

[ 2017-01-19T11:47:46+08:00 ] ::1 /VRAppItem/index.php/Api/Videodetail/videoDetailPage?id=3
INFO: [ app_init ] --START--
INFO: Run Behavior\BuildLiteBehavior [ RunTime:0.000000s ]
INFO: [ app_init ] --END-- [ RunTime:0.000000s ]
INFO: [ app_begin ] --START--
INFO: Run Behavior\ReadHtmlCacheBehavior [ RunTime:0.000000s ]
INFO: [ app_begin ] --END-- [ RunTime:0.000000s ]
SQL: SHOW COLUMNS FROM `vr_carouselfigure` [ RunTime:0.0010s ]
SQL: SHOW COLUMNS FROM `vr_class` [ RunTime:0.0010s ]
SQL: SHOW COLUMNS FROM `vr_label` [ RunTime:0.0010s ]
SQL: SHOW COLUMNS FROM `vr_lab_cla` [ RunTime:0.0020s ]
SQL: SHOW COLUMNS FROM `vr_video` [ RunTime:0.0020s ]
SQL: SHOW COLUMNS FROM `vr_vid_lab` [ RunTime:0.0010s ]
SQL: SHOW COLUMNS FROM `vr_user` [ RunTime:0.0010s ]
SQL: SHOW COLUMNS FROM `vr_userdetail` [ RunTime:0.0010s ]
SQL: SHOW COLUMNS FROM `vr_facility` [ RunTime:0.0010s ]
SQL: SHOW COLUMNS FROM `vr_comment` [ RunTime:0.0010s ]
SQL: SELECT v_id as id,v_cid as fid,v_title as title,v_subname as subname,v_describe as 'describe',v_type as type,v_data1 as video1,v_data2 as video2,`limit`,from_unixtime(v_addtime,'%Y-%m-%d')addtime,`playnum`,v_firstimgurl as firstimgurl,v_secondimgurl as secondimgurl,`duration`,count(*)comments FROM `vr_video` left join vr_comment vmm on vr_video.v_id = vmm.resourceid  WHERE `v_id` = '3' LIMIT 1   [ RunTime:0.0020s ]
SQL: SELECT vl.l_title as title,vl.l_id as id FROM `vr_vid_lab` left join vr_label vl on vr_vid_lab.lid = vl.l_id  WHERE `vid` = '3'  [ RunTime:0.0000s ]
SQL: SELECT v_publisherid as publisherid FROM `vr_video` WHERE `v_id` = 3 LIMIT 1   [ RunTime:0.0000s ]
SQL: SELECT `id`,`username`,concat('http://192.168.31.219/VRAppItem/Public/',vud.profileimg)photo,count(vuf.fans)fansnum FROM `vr_user` left join vr_userdetail vud on vr_user.id = vud.hostid left join vr_userfans vuf on vr_user.id = vuf.user  WHERE `id` = '2' LIMIT 1   [ RunTime:0.7060s ]
SQL: SELECT concat('http://192.168.31.219/VRAppItem/Public/',v_firstimgurl)firstImgUrl,concat('http://192.168.31.219/VRAppItem/Public/',v_secondimgurl)secondImgUrl,v_title as title,v_describe as subname,v_id as id,`playnum`,from_unixtime(v_addtime,'%Y-%m-%d')addTime FROM `vr_video` WHERE `v_publisherid` = 2  [ RunTime:0.0000s ]
SQL: SELECT `id`,`userid`,from_unixtime(time,'%Y-%m-%d')time,`content`,`like` FROM `vr_comment` WHERE `resourceid` = 3 ORDER BY time desc LIMIT 20   [ RunTime:0.0020s ]
SQL: SELECT `id`,`username`,vud.profileimg as photo FROM `vr_user` left join vr_userdetail vud on vr_user.id = vud.hostid   WHERE `id` = 815 LIMIT 1   [ RunTime:0.0010s ]
INFO: [ app_end ] --START--
INFO: Run Behavior\ShowPageTraceBehavior [ RunTime:0.001000s ]
INFO: [ app_end ] --END-- [ RunTime:0.001000s ]

[ 2017-01-19T11:48:11+08:00 ] ::1 /VRAppItem/index.php/Api/Videodetail/videoDetailPage?id=3
INFO: [ app_init ] --START--
INFO: Run Behavior\BuildLiteBehavior [ RunTime:0.000000s ]
INFO: [ app_init ] --END-- [ RunTime:0.001000s ]
INFO: [ app_begin ] --START--
INFO: Run Behavior\ReadHtmlCacheBehavior [ RunTime:0.000000s ]
INFO: [ app_begin ] --END-- [ RunTime:0.001000s ]
SQL: SHOW COLUMNS FROM `vr_carouselfigure` [ RunTime:0.0030s ]
SQL: SHOW COLUMNS FROM `vr_class` [ RunTime:0.0010s ]
SQL: SHOW COLUMNS FROM `vr_label` [ RunTime:0.0010s ]
SQL: SHOW COLUMNS FROM `vr_lab_cla` [ RunTime:0.0010s ]
SQL: SHOW COLUMNS FROM `vr_video` [ RunTime:0.0020s ]
SQL: SHOW COLUMNS FROM `vr_vid_lab` [ RunTime:0.0010s ]
SQL: SHOW COLUMNS FROM `vr_user` [ RunTime:0.0010s ]
SQL: SHOW COLUMNS FROM `vr_userdetail` [ RunTime:0.0010s ]
SQL: SHOW COLUMNS FROM `vr_facility` [ RunTime:0.0020s ]
SQL: SHOW COLUMNS FROM `vr_comment` [ RunTime:0.0010s ]
SQL: SELECT v_id as id,v_cid as fid,v_title as title,v_subname as subname,v_describe as 'describe',v_type as type,v_data1 as video1,v_data2 as video2,`limit`,from_unixtime(v_addtime,'%Y-%m-%d')addtime,`playnum`,v_firstimgurl as firstimgurl,v_secondimgurl as secondimgurl,`duration`,count(*)comments FROM `vr_video` left join vr_comment vmm on vr_video.v_id = vmm.resourceid  WHERE `v_id` = '3' LIMIT 1   [ RunTime:0.0010s ]
SQL: SELECT vl.l_title as title,vl.l_id as id FROM `vr_vid_lab` left join vr_label vl on vr_vid_lab.lid = vl.l_id  WHERE `vid` = '3'  [ RunTime:0.0000s ]
SQL: SELECT v_publisherid as publisherid FROM `vr_video` WHERE `v_id` = 3 LIMIT 1   [ RunTime:0.0010s ]
SQL: SELECT `id`,`username`,concat('http://192.168.31.219/VRAppItem/Public/',vud.profileimg)photo,count(vuf.fans)fansnum FROM `vr_user` left join vr_userdetail vud on vr_user.id = vud.hostid left join vr_userfans vuf on vr_user.id = vuf.user  WHERE `id` = '2' LIMIT 1   [ RunTime:0.7390s ]
SQL: SELECT concat('http://192.168.31.219/VRAppItem/Public/',v_firstimgurl)firstImgUrl,concat('http://192.168.31.219/VRAppItem/Public/',v_secondimgurl)secondImgUrl,v_title as title,v_describe as subname,v_id as id,`playnum`,from_unixtime(v_addtime,'%Y-%m-%d')addTime FROM `vr_video` WHERE `v_publisherid` = 2  [ RunTime:0.0000s ]
SQL: SELECT `id`,`userid`,from_unixtime(time,'%Y-%m-%d')time,`content`,`like` FROM `vr_comment` WHERE `resourceid` = 3 ORDER BY time desc LIMIT 20   [ RunTime:0.0020s ]
SQL: SELECT `id`,`username`,vud.profileimg as photo FROM `vr_user` left join vr_userdetail vud on vr_user.id = vud.hostid   WHERE `id` = 1 LIMIT 1   [ RunTime:0.0010s ]
INFO: [ app_end ] --START--
INFO: Run Behavior\ShowPageTraceBehavior [ RunTime:0.000000s ]
INFO: [ app_end ] --END-- [ RunTime:0.001000s ]

[ 2017-01-19T11:49:40+08:00 ] ::1 /VRAppItem/index.php/Api/Videodetail/videoDetailPage?id=3
INFO: [ app_init ] --START--
INFO: Run Behavior\BuildLiteBehavior [ RunTime:0.000000s ]
INFO: [ app_init ] --END-- [ RunTime:0.001000s ]
INFO: [ app_begin ] --START--
INFO: Run Behavior\ReadHtmlCacheBehavior [ RunTime:0.001000s ]
INFO: [ app_begin ] --END-- [ RunTime:0.002000s ]
SQL: SHOW COLUMNS FROM `vr_carouselfigure` [ RunTime:0.0040s ]
SQL: SHOW COLUMNS FROM `vr_class` [ RunTime:0.0030s ]
SQL: SHOW COLUMNS FROM `vr_label` [ RunTime:0.0030s ]
SQL: SHOW COLUMNS FROM `vr_lab_cla` [ RunTime:0.0030s ]
SQL: SHOW COLUMNS FROM `vr_video` [ RunTime:0.0030s ]
SQL: SHOW COLUMNS FROM `vr_vid_lab` [ RunTime:0.0020s ]
SQL: SHOW COLUMNS FROM `vr_user` [ RunTime:0.0020s ]
SQL: SHOW COLUMNS FROM `vr_userdetail` [ RunTime:0.0030s ]
SQL: SHOW COLUMNS FROM `vr_facility` [ RunTime:0.0030s ]
SQL: SHOW COLUMNS FROM `vr_comment` [ RunTime:0.0030s ]
SQL: SELECT v_id as id,v_cid as fid,v_title as title,v_subname as subname,v_describe as 'describe',v_type as type,v_data1 as video1,v_data2 as video2,`limit`,from_unixtime(v_addtime,'%Y-%m-%d')addtime,`playnum`,v_firstimgurl as firstimgurl,v_secondimgurl as secondimgurl,`duration`,count(*)comments FROM `vr_video` left join vr_comment vmm on vr_video.v_id = vmm.resourceid  WHERE `v_id` = '3' LIMIT 1   [ RunTime:0.0030s ]
SQL: SELECT vl.l_title as title,vl.l_id as id FROM `vr_vid_lab` left join vr_label vl on vr_vid_lab.lid = vl.l_id  WHERE `vid` = '3'  [ RunTime:0.0010s ]
SQL: SELECT v_publisherid as publisherid FROM `vr_video` WHERE `v_id` = 3 LIMIT 1   [ RunTime:0.0000s ]
SQL: SELECT `id`,`username`,concat('http://192.168.31.219/VRAppItem/Public/',vud.profileimg)photo,count(vuf.fans)fansnum FROM `vr_user` left join vr_userdetail vud on vr_user.id = vud.hostid left join vr_userfans vuf on vr_user.id = vuf.user  WHERE `id` = '2' LIMIT 1   [ RunTime:0.7090s ]
SQL: SELECT concat('http://192.168.31.219/VRAppItem/Public/',v_firstimgurl)firstImgUrl,concat('http://192.168.31.219/VRAppItem/Public/',v_secondimgurl)secondImgUrl,v_title as title,v_describe as subname,v_id as id,`playnum`,from_unixtime(v_addtime,'%Y-%m-%d')addTime FROM `vr_video` WHERE `v_publisherid` = 2  [ RunTime:0.0000s ]
SQL: SELECT `id`,`userid`,from_unixtime(time,'%Y-%m-%d')time,`content`,`like` FROM `vr_comment` WHERE `resourceid` = 3 ORDER BY time desc LIMIT 20   [ RunTime:0.0020s ]
INFO: [ app_end ] --START--
INFO: Run Behavior\ShowPageTraceBehavior [ RunTime:0.001000s ]
INFO: [ app_end ] --END-- [ RunTime:0.001000s ]

[ 2017-01-19T13:03:47+08:00 ] ::1 /VRAppItem/index.php/Api/Videodetail/videoDetailPage?id=3
INFO: [ app_init ] --START--
INFO: Run Behavior\BuildLiteBehavior [ RunTime:0.000000s ]
INFO: [ app_init ] --END-- [ RunTime:0.000000s ]
INFO: [ app_begin ] --START--
INFO: Run Behavior\ReadHtmlCacheBehavior [ RunTime:0.001000s ]
INFO: [ app_begin ] --END-- [ RunTime:0.001000s ]

[ 2017-01-19T13:04:11+08:00 ] ::1 /VRAppItem/index.php/Api/Videodetail/videoDetailPage?id=3
INFO: [ app_init ] --START--
INFO: Run Behavior\BuildLiteBehavior [ RunTime:0.000000s ]
INFO: [ app_init ] --END-- [ RunTime:0.001000s ]
INFO: [ app_begin ] --START--
INFO: Run Behavior\ReadHtmlCacheBehavior [ RunTime:0.000000s ]
INFO: [ app_begin ] --END-- [ RunTime:0.000000s ]
SQL: SHOW COLUMNS FROM `vr_carouselfigure` [ RunTime:0.0020s ]
SQL: SHOW COLUMNS FROM `vr_class` [ RunTime:0.0020s ]
SQL: SHOW COLUMNS FROM `vr_label` [ RunTime:0.0020s ]
SQL: SHOW COLUMNS FROM `vr_lab_cla` [ RunTime:0.0010s ]
SQL: SHOW COLUMNS FROM `vr_video` [ RunTime:0.0010s ]
SQL: SHOW COLUMNS FROM `vr_vid_lab` [ RunTime:0.0010s ]
SQL: SHOW COLUMNS FROM `vr_user` [ RunTime:0.0010s ]
SQL: SHOW COLUMNS FROM `vr_userdetail` [ RunTime:0.0010s ]
SQL: SHOW COLUMNS FROM `vr_facility` [ RunTime:0.0010s ]
SQL: SHOW COLUMNS FROM `vr_comment` [ RunTime:0.0010s ]
SQL: SELECT v_id as id,v_cid as fid,v_title as title,v_subname as subname,v_describe as 'describe',v_type as type,v_data1 as video1,v_data2 as video2,`limit`,from_unixtime(v_addtime,'%Y-%m-%d')addtime,`playnum`,v_firstimgurl as firstimgurl,v_secondimgurl as secondimgurl,`duration`,count(*)comments FROM `vr_video` left join vr_comment vmm on vr_video.v_id = vmm.resourceid  WHERE `v_id` = '3' LIMIT 1   [ RunTime:0.0020s ]
SQL: SELECT vl.l_title as title,vl.l_id as id FROM `vr_vid_lab` left join vr_label vl on vr_vid_lab.lid = vl.l_id  WHERE `vid` = '3'  [ RunTime:0.0000s ]
SQL: SELECT v_publisherid as publisherid FROM `vr_video` WHERE `v_id` = 3 LIMIT 1   [ RunTime:0.0000s ]
SQL: SELECT `id`,`username`,concat('http://192.168.31.219/VRAppItem/Public/',vud.profileimg)photo,count(vuf.fans)fansnum FROM `vr_user` left join vr_userdetail vud on vr_user.id = vud.hostid left join vr_userfans vuf on vr_user.id = vuf.user  WHERE `id` = '2' LIMIT 1   [ RunTime:0.6980s ]
SQL: SELECT concat('http://192.168.31.219/VRAppItem/Public/',v_firstimgurl)firstImgUrl,concat('http://192.168.31.219/VRAppItem/Public/',v_secondimgurl)secondImgUrl,v_title as title,v_describe as subname,v_id as id,`playnum`,from_unixtime(v_addtime,'%Y-%m-%d')addTime FROM `vr_video` WHERE `v_publisherid` = 2  [ RunTime:0.0010s ]
SQL: SELECT `id`,`userid`,from_unixtime(time,'%Y-%m-%d')time,`content`,`like` FROM `vr_comment` WHERE `resourceid` = 3 ORDER BY time desc LIMIT 20   [ RunTime:0.0020s ]
SQL: SELECT `id`,`username`,vud.profileimg as photo FROM `vr_user` left join vr_userdetail vud on vr_user.id = vud.hostid   WHERE `id` = '815' LIMIT 1   [ RunTime:0.0010s ]
SQL: SELECT `id`,`username`,vud.profileimg as photo FROM `vr_user` left join vr_userdetail vud on vr_user.id = vud.hostid   WHERE `id` = '1156' LIMIT 1   [ RunTime:0.0000s ]
SQL: SELECT `id`,`username`,vud.profileimg as photo FROM `vr_user` left join vr_userdetail vud on vr_user.id = vud.hostid   WHERE `id` = '121' LIMIT 1   [ RunTime:0.0000s ]
SQL: SELECT `id`,`username`,vud.profileimg as photo FROM `vr_user` left join vr_userdetail vud on vr_user.id = vud.hostid   WHERE `id` = '1058' LIMIT 1   [ RunTime:0.0000s ]
SQL: SELECT `id`,`username`,vud.profileimg as photo FROM `vr_user` left join vr_userdetail vud on vr_user.id = vud.hostid   WHERE `id` = '1270' LIMIT 1   [ RunTime:0.0000s ]
SQL: SELECT `id`,`username`,vud.profileimg as photo FROM `vr_user` left join vr_userdetail vud on vr_user.id = vud.hostid   WHERE `id` = '868' LIMIT 1   [ RunTime:0.0010s ]
SQL: SELECT `id`,`username`,vud.profileimg as photo FROM `vr_user` left join vr_userdetail vud on vr_user.id = vud.hostid   WHERE `id` = '1140' LIMIT 1   [ RunTime:0.0000s ]
SQL: SELECT `id`,`username`,vud.profileimg as photo FROM `vr_user` left join vr_userdetail vud on vr_user.id = vud.hostid   WHERE `id` = '690' LIMIT 1   [ RunTime:0.0010s ]
SQL: SELECT `id`,`username`,vud.profileimg as photo FROM `vr_user` left join vr_userdetail vud on vr_user.id = vud.hostid   WHERE `id` = '1231' LIMIT 1   [ RunTime:0.0000s ]
SQL: SELECT `id`,`username`,vud.profileimg as photo FROM `vr_user` left join vr_userdetail vud on vr_user.id = vud.hostid   WHERE `id` = '875' LIMIT 1   [ RunTime:0.0000s ]
SQL: SELECT `id`,`username`,vud.profileimg as photo FROM `vr_user` left join vr_userdetail vud on vr_user.id = vud.hostid   WHERE `id` = '387' LIMIT 1   [ RunTime:0.0000s ]
SQL: SELECT `id`,`username`,vud.profileimg as photo FROM `vr_user` left join vr_userdetail vud on vr_user.id = vud.hostid   WHERE `id` = '513' LIMIT 1   [ RunTime:0.0000s ]
SQL: SELECT `id`,`username`,vud.profileimg as photo FROM `vr_user` left join vr_userdetail vud on vr_user.id = vud.hostid   WHERE `id` = '641' LIMIT 1   [ RunTime:0.0010s ]
SQL: SELECT `id`,`username`,vud.profileimg as photo FROM `vr_user` left join vr_userdetail vud on vr_user.id = vud.hostid   WHERE `id` = '813' LIMIT 1   [ RunTime:0.0000s ]
SQL: SELECT `id`,`username`,vud.profileimg as photo FROM `vr_user` left join vr_userdetail vud on vr_user.id = vud.hostid   WHERE `id` = '574' LIMIT 1   [ RunTime:0.0000s ]
SQL: SELECT `id`,`username`,vud.profileimg as photo FROM `vr_user` left join vr_userdetail vud on vr_user.id = vud.hostid   WHERE `id` = '1557' LIMIT 1   [ RunTime:0.0010s ]
SQL: SELECT `id`,`username`,vud.profileimg as photo FROM `vr_user` left join vr_userdetail vud on vr_user.id = vud.hostid   WHERE `id` = '1595' LIMIT 1   [ RunTime:0.0000s ]
SQL: SELECT `id`,`username`,vud.profileimg as photo FROM `vr_user` left join vr_userdetail vud on vr_user.id = vud.hostid   WHERE `id` = '616' LIMIT 1   [ RunTime:0.0000s ]
SQL: SELECT `id`,`username`,vud.profileimg as photo FROM `vr_user` left join vr_userdetail vud on vr_user.id = vud.hostid   WHERE `id` = '684' LIMIT 1   [ RunTime:0.0010s ]
SQL: SELECT `id`,`username`,vud.profileimg as photo FROM `vr_user` left join vr_userdetail vud on vr_user.id = vud.hostid   WHERE `id` = '540' LIMIT 1   [ RunTime:0.0010s ]
NOTIC: [8] Undefined offset: 20 D:\Install\wamp\www\VRAppItem\VRAppItem\Api\Controller\VideodetailController.class.php 第 135 行.
SQL: SELECT `id`,`username`,vud.profileimg as photo FROM `vr_user` left join vr_userdetail vud on vr_user.id = vud.hostid   WHERE `id` = null LIMIT 1   [ RunTime:0.0000s ]
INFO: [ app_end ] --START--
INFO: Run Behavior\ShowPageTraceBehavior [ RunTime:0.000000s ]
INFO: [ app_end ] --END-- [ RunTime:0.000000s ]

[ 2017-01-19T13:04:33+08:00 ] ::1 /VRAppItem/index.php/Api/Videodetail/videoDetailPage?id=3
INFO: [ app_init ] --START--
INFO: Run Behavior\BuildLiteBehavior [ RunTime:0.000000s ]
INFO: [ app_init ] --END-- [ RunTime:0.001000s ]
INFO: [ app_begin ] --START--
INFO: Run Behavior\ReadHtmlCacheBehavior [ RunTime:0.001000s ]
INFO: [ app_begin ] --END-- [ RunTime:0.002000s ]
SQL: SHOW COLUMNS FROM `vr_carouselfigure` [ RunTime:0.0020s ]
SQL: SHOW COLUMNS FROM `vr_class` [ RunTime:0.0020s ]
SQL: SHOW COLUMNS FROM `vr_label` [ RunTime:0.0020s ]
SQL: SHOW COLUMNS FROM `vr_lab_cla` [ RunTime:0.0020s ]
SQL: SHOW COLUMNS FROM `vr_video` [ RunTime:0.0020s ]
SQL: SHOW COLUMNS FROM `vr_vid_lab` [ RunTime:0.0020s ]
SQL: SHOW COLUMNS FROM `vr_user` [ RunTime:0.0010s ]
SQL: SHOW COLUMNS FROM `vr_userdetail` [ RunTime:0.0020s ]
SQL: SHOW COLUMNS FROM `vr_facility` [ RunTime:0.0020s ]
SQL: SHOW COLUMNS FROM `vr_comment` [ RunTime:0.0020s ]
SQL: SELECT v_id as id,v_cid as fid,v_title as title,v_subname as subname,v_describe as 'describe',v_type as type,v_data1 as video1,v_data2 as video2,`limit`,from_unixtime(v_addtime,'%Y-%m-%d')addtime,`playnum`,v_firstimgurl as firstimgurl,v_secondimgurl as secondimgurl,`duration`,count(*)comments FROM `vr_video` left join vr_comment vmm on vr_video.v_id = vmm.resourceid  WHERE `v_id` = '3' LIMIT 1   [ RunTime:0.0020s ]
SQL: SELECT vl.l_title as title,vl.l_id as id FROM `vr_vid_lab` left join vr_label vl on vr_vid_lab.lid = vl.l_id  WHERE `vid` = '3'  [ RunTime:0.0000s ]
SQL: SELECT v_publisherid as publisherid FROM `vr_video` WHERE `v_id` = 3 LIMIT 1   [ RunTime:0.0000s ]
SQL: SELECT `id`,`username`,concat('http://192.168.31.219/VRAppItem/Public/',vud.profileimg)photo,count(vuf.fans)fansnum FROM `vr_user` left join vr_userdetail vud on vr_user.id = vud.hostid left join vr_userfans vuf on vr_user.id = vuf.user  WHERE `id` = '2' LIMIT 1   [ RunTime:0.6990s ]
SQL: SELECT concat('http://192.168.31.219/VRAppItem/Public/',v_firstimgurl)firstImgUrl,concat('http://192.168.31.219/VRAppItem/Public/',v_secondimgurl)secondImgUrl,v_title as title,v_describe as subname,v_id as id,`playnum`,from_unixtime(v_addtime,'%Y-%m-%d')addTime FROM `vr_video` WHERE `v_publisherid` = 2  [ RunTime:0.0000s ]
SQL: SELECT `id`,`userid`,from_unixtime(time,'%Y-%m-%d')time,`content`,`like` FROM `vr_comment` WHERE `resourceid` = 3 ORDER BY time desc LIMIT 20   [ RunTime:0.0030s ]
SQL: SELECT `id`,`username`,vud.profileimg as photo FROM `vr_user` left join vr_userdetail vud on vr_user.id = vud.hostid   WHERE `id` = '815' LIMIT 1   [ RunTime:0.0000s ]
SQL: SELECT `id`,`username`,vud.profileimg as photo FROM `vr_user` left join vr_userdetail vud on vr_user.id = vud.hostid   WHERE `id` = '1156' LIMIT 1   [ RunTime:0.0000s ]
SQL: SELECT `id`,`username`,vud.profileimg as photo FROM `vr_user` left join vr_userdetail vud on vr_user.id = vud.hostid   WHERE `id` = '121' LIMIT 1   [ RunTime:0.0010s ]
SQL: SELECT `id`,`username`,vud.profileimg as photo FROM `vr_user` left join vr_userdetail vud on vr_user.id = vud.hostid   WHERE `id` = '1058' LIMIT 1   [ RunTime:0.0000s ]
SQL: SELECT `id`,`username`,vud.profileimg as photo FROM `vr_user` left join vr_userdetail vud on vr_user.id = vud.hostid   WHERE `id` = '1270' LIMIT 1   [ RunTime:0.0000s ]
SQL: SELECT `id`,`username`,vud.profileimg as photo FROM `vr_user` left join vr_userdetail vud on vr_user.id = vud.hostid   WHERE `id` = '868' LIMIT 1   [ RunTime:0.0000s ]
SQL: SELECT `id`,`username`,vud.profileimg as photo FROM `vr_user` left join vr_userdetail vud on vr_user.id = vud.hostid   WHERE `id` = '1140' LIMIT 1   [ RunTime:0.0010s ]
SQL: SELECT `id`,`username`,vud.profileimg as photo FROM `vr_user` left join vr_userdetail vud on vr_user.id = vud.hostid   WHERE `id` = '690' LIMIT 1   [ RunTime:0.0000s ]
SQL: SELECT `id`,`username`,vud.profileimg as photo FROM `vr_user` left join vr_userdetail vud on vr_user.id = vud.hostid   WHERE `id` = '1231' LIMIT 1   [ RunTime:0.0000s ]
SQL: SELECT `id`,`username`,vud.profileimg as photo FROM `vr_user` left join vr_userdetail vud on vr_user.id = vud.hostid   WHERE `id` = '875' LIMIT 1   [ RunTime:0.0010s ]
SQL: SELECT `id`,`username`,vud.profileimg as photo FROM `vr_user` left join vr_userdetail vud on vr_user.id = vud.hostid   WHERE `id` = '387' LIMIT 1   [ RunTime:0.0000s ]
SQL: SELECT `id`,`username`,vud.profileimg as photo FROM `vr_user` left join vr_userdetail vud on vr_user.id = vud.hostid   WHERE `id` = '513' LIMIT 1   [ RunTime:0.0010s ]
SQL: SELECT `id`,`username`,vud.profileimg as photo FROM `vr_user` left join vr_userdetail vud on vr_user.id = vud.hostid   WHERE `id` = '641' LIMIT 1   [ RunTime:0.0010s ]
SQL: SELECT `id`,`username`,vud.profileimg as photo FROM `vr_user` left join vr_userdetail vud on vr_user.id = vud.hostid   WHERE `id` = '813' LIMIT 1   [ RunTime:0.0000s ]
SQL: SELECT `id`,`username`,vud.profileimg as photo FROM `vr_user` left join vr_userdetail vud on vr_user.id = vud.hostid   WHERE `id` = '574' LIMIT 1   [ RunTime:0.0000s ]
SQL: SELECT `id`,`username`,vud.profileimg as photo FROM `vr_user` left join vr_userdetail vud on vr_user.id = vud.hostid   WHERE `id` = '1557' LIMIT 1   [ RunTime:0.0000s ]
SQL: SELECT `id`,`username`,vud.profileimg as photo FROM `vr_user` left join vr_userdetail vud on vr_user.id = vud.hostid   WHERE `id` = '1595' LIMIT 1   [ RunTime:0.0000s ]
SQL: SELECT `id`,`username`,vud.profileimg as photo FROM `vr_user` left join vr_userdetail vud on vr_user.id = vud.hostid   WHERE `id` = '616' LIMIT 1   [ RunTime:0.0010s ]
SQL: SELECT `id`,`username`,vud.profileimg as photo FROM `vr_user` left join vr_userdetail vud on vr_user.id = vud.hostid   WHERE `id` = '684' LIMIT 1   [ RunTime:0.0000s ]
SQL: SELECT `id`,`username`,vud.profileimg as photo FROM `vr_user` left join vr_userdetail vud on vr_user.id = vud.hostid   WHERE `id` = '540' LIMIT 1   [ RunTime:0.0000s ]
INFO: [ app_end ] --START--
INFO: Run Behavior\ShowPageTraceBehavior [ RunTime:0.000000s ]
INFO: [ app_end ] --END-- [ RunTime:0.001000s ]

[ 2017-01-19T13:06:02+08:00 ] ::1 /VRAppItem/index.php/Api/Videodetail/videoDetailPage?id=3
INFO: [ app_init ] --START--
INFO: Run Behavior\BuildLiteBehavior [ RunTime:0.000000s ]
INFO: [ app_init ] --END-- [ RunTime:0.001000s ]
INFO: [ app_begin ] --START--
INFO: Run Behavior\ReadHtmlCacheBehavior [ RunTime:0.000000s ]
INFO: [ app_begin ] --END-- [ RunTime:0.000000s ]
SQL: SHOW COLUMNS FROM `vr_carouselfigure` [ RunTime:0.0020s ]
SQL: SHOW COLUMNS FROM `vr_class` [ RunTime:0.0010s ]
SQL: SHOW COLUMNS FROM `vr_label` [ RunTime:0.0020s ]
SQL: SHOW COLUMNS FROM `vr_lab_cla` [ RunTime:0.0010s ]
SQL: SHOW COLUMNS FROM `vr_video` [ RunTime:0.0010s ]
SQL: SHOW COLUMNS FROM `vr_vid_lab` [ RunTime:0.0010s ]
SQL: SHOW COLUMNS FROM `vr_user` [ RunTime:0.0010s ]
SQL: SHOW COLUMNS FROM `vr_userdetail` [ RunTime:0.0010s ]
SQL: SHOW COLUMNS FROM `vr_facility` [ RunTime:0.0010s ]
SQL: SHOW COLUMNS FROM `vr_comment` [ RunTime:0.0010s ]
SQL: SELECT v_id as id,v_cid as fid,v_title as title,v_subname as subname,v_describe as 'describe',v_type as type,v_data1 as video1,v_data2 as video2,`limit`,from_unixtime(v_addtime,'%Y-%m-%d')addtime,`playnum`,v_firstimgurl as firstimgurl,v_secondimgurl as secondimgurl,`duration`,count(*)comments FROM `vr_video` left join vr_comment vmm on vr_video.v_id = vmm.resourceid  WHERE `v_id` = '3' LIMIT 1   [ RunTime:0.0020s ]
SQL: SELECT vl.l_title as title,vl.l_id as id FROM `vr_vid_lab` left join vr_label vl on vr_vid_lab.lid = vl.l_id  WHERE `vid` = '3'  [ RunTime:0.0000s ]
SQL: SELECT v_publisherid as publisherid FROM `vr_video` WHERE `v_id` = 3 LIMIT 1   [ RunTime:0.0000s ]
SQL: SELECT `id`,`username`,concat('http://192.168.31.219/VRAppItem/Public/',vud.profileimg)photo,count(vuf.fans)fansnum FROM `vr_user` left join vr_userdetail vud on vr_user.id = vud.hostid left join vr_userfans vuf on vr_user.id = vuf.user  WHERE `id` = '2' LIMIT 1   [ RunTime:0.7230s ]
SQL: SELECT concat('http://192.168.31.219/VRAppItem/Public/',v_firstimgurl)firstImgUrl,concat('http://192.168.31.219/VRAppItem/Public/',v_secondimgurl)secondImgUrl,v_title as title,v_describe as subname,v_id as id,`playnum`,from_unixtime(v_addtime,'%Y-%m-%d')addTime FROM `vr_video` WHERE `v_publisherid` = 2  [ RunTime:0.0000s ]
SQL: SELECT `id`,`userid`,from_unixtime(time,'%Y-%m-%d')time,`content`,`like` FROM `vr_comment` WHERE `resourceid` = 3 ORDER BY time desc LIMIT 20   [ RunTime:0.0020s ]
SQL: SELECT `id`,`username`,vud.profileimg as photo FROM `vr_user` left join vr_userdetail vud on vr_user.id = vud.hostid   WHERE `id` = '815' LIMIT 1   [ RunTime:0.0010s ]
SQL: SELECT `id`,`username`,vud.profileimg as photo FROM `vr_user` left join vr_userdetail vud on vr_user.id = vud.hostid   WHERE `id` = '1156' LIMIT 1   [ RunTime:0.0000s ]
SQL: SELECT `id`,`username`,vud.profileimg as photo FROM `vr_user` left join vr_userdetail vud on vr_user.id = vud.hostid   WHERE `id` = '121' LIMIT 1   [ RunTime:0.0000s ]
SQL: SELECT `id`,`username`,vud.profileimg as photo FROM `vr_user` left join vr_userdetail vud on vr_user.id = vud.hostid   WHERE `id` = '1058' LIMIT 1   [ RunTime:0.0000s ]
SQL: SELECT `id`,`username`,vud.profileimg as photo FROM `vr_user` left join vr_userdetail vud on vr_user.id = vud.hostid   WHERE `id` = '1270' LIMIT 1   [ RunTime:0.0010s ]
SQL: SELECT `id`,`username`,vud.profileimg as photo FROM `vr_user` left join vr_userdetail vud on vr_user.id = vud.hostid   WHERE `id` = '868' LIMIT 1   [ RunTime:0.0000s ]
SQL: SELECT `id`,`username`,vud.profileimg as photo FROM `vr_user` left join vr_userdetail vud on vr_user.id = vud.hostid   WHERE `id` = '1140' LIMIT 1   [ RunTime:0.0000s ]
SQL: SELECT `id`,`username`,vud.profileimg as photo FROM `vr_user` left join vr_userdetail vud on vr_user.id = vud.hostid   WHERE `id` = '690' LIMIT 1   [ RunTime:0.0010s ]
SQL: SELECT `id`,`username`,vud.profileimg as photo FROM `vr_user` left join vr_userdetail vud on vr_user.id = vud.hostid   WHERE `id` = '1231' LIMIT 1   [ RunTime:0.0000s ]
SQL: SELECT `id`,`username`,vud.profileimg as photo FROM `vr_user` left join vr_userdetail vud on vr_user.id = vud.hostid   WHERE `id` = '875' LIMIT 1   [ RunTime:0.0000s ]
SQL: SELECT `id`,`username`,vud.profileimg as photo FROM `vr_user` left join vr_userdetail vud on vr_user.id = vud.hostid   WHERE `id` = '387' LIMIT 1   [ RunTime:0.0000s ]
SQL: SELECT `id`,`username`,vud.profileimg as photo FROM `vr_user` left join vr_userdetail vud on vr_user.id = vud.hostid   WHERE `id` = '513' LIMIT 1   [ RunTime:0.0000s ]
SQL: SELECT `id`,`username`,vud.profileimg as photo FROM `vr_user` left join vr_userdetail vud on vr_user.id = vud.hostid   WHERE `id` = '641' LIMIT 1   [ RunTime:0.0000s ]
SQL: SELECT `id`,`username`,vud.profileimg as photo FROM `vr_user` left join vr_userdetail vud on vr_user.id = vud.hostid   WHERE `id` = '813' LIMIT 1   [ RunTime:0.0000s ]
SQL: SELECT `id`,`username`,vud.profileimg as photo FROM `vr_user` left join vr_userdetail vud on vr_user.id = vud.hostid   WHERE `id` = '574' LIMIT 1   [ RunTime:0.0000s ]
SQL: SELECT `id`,`username`,vud.profileimg as photo FROM `vr_user` left join vr_userdetail vud on vr_user.id = vud.hostid   WHERE `id` = '1557' LIMIT 1   [ RunTime:0.0010s ]
SQL: SELECT `id`,`username`,vud.profileimg as photo FROM `vr_user` left join vr_userdetail vud on vr_user.id = vud.hostid   WHERE `id` = '1595' LIMIT 1   [ RunTime:0.0000s ]
SQL: SELECT `id`,`username`,vud.profileimg as photo FROM `vr_user` left join vr_userdetail vud on vr_user.id = vud.hostid   WHERE `id` = '616' LIMIT 1   [ RunTime:0.0000s ]
SQL: SELECT `id`,`username`,vud.profileimg as photo FROM `vr_user` left join vr_userdetail vud on vr_user.id = vud.hostid   WHERE `id` = '684' LIMIT 1   [ RunTime:0.0010s ]
SQL: SELECT `id`,`username`,vud.profileimg as photo FROM `vr_user` left join vr_userdetail vud on vr_user.id = vud.hostid   WHERE `id` = '540' LIMIT 1   [ RunTime:0.0000s ]
INFO: [ app_end ] --START--
INFO: Run Behavior\ShowPageTraceBehavior [ RunTime:0.001000s ]
INFO: [ app_end ] --END-- [ RunTime:0.001000s ]

[ 2017-01-19T13:11:30+08:00 ] ::1 /VRAppItem/index.php/Api/Videodetail/videoDetailPage
INFO: [ app_init ] --START--
INFO: Run Behavior\BuildLiteBehavior [ RunTime:0.000000s ]
INFO: [ app_init ] --END-- [ RunTime:0.001000s ]
INFO: [ app_begin ] --START--
INFO: Run Behavior\ReadHtmlCacheBehavior [ RunTime:0.001000s ]
INFO: [ app_begin ] --END-- [ RunTime:0.001000s ]
SQL: SHOW COLUMNS FROM `vr_carouselfigure` [ RunTime:0.0030s ]
SQL: SHOW COLUMNS FROM `vr_class` [ RunTime:0.0020s ]
SQL: SHOW COLUMNS FROM `vr_label` [ RunTime:0.0020s ]
SQL: SHOW COLUMNS FROM `vr_lab_cla` [ RunTime:0.0020s ]
SQL: SHOW COLUMNS FROM `vr_video` [ RunTime:0.0020s ]
SQL: SHOW COLUMNS FROM `vr_vid_lab` [ RunTime:0.0020s ]
SQL: SHOW COLUMNS FROM `vr_user` [ RunTime:0.0020s ]
SQL: SHOW COLUMNS FROM `vr_userdetail` [ RunTime:0.0020s ]
SQL: SHOW COLUMNS FROM `vr_facility` [ RunTime:0.0030s ]
SQL: SHOW COLUMNS FROM `vr_comment` [ RunTime:0.0030s ]
NOTIC: [8] Undefined index: id D:\Install\wamp\www\VRAppItem\VRAppItem\Api\Controller\VideodetailController.class.php 第 19 行.
SQL: SELECT v_id as id,v_cid as fid,v_title as title,v_subname as subname,v_describe as 'describe',v_type as type,v_data1 as video1,v_data2 as video2,`limit`,from_unixtime(v_addtime,'%Y-%m-%d')addtime,`playnum`,v_firstimgurl as firstimgurl,v_secondimgurl as secondimgurl,`duration`,count(*)comments FROM `vr_video` left join vr_comment vmm on vr_video.v_id = vmm.resourceid  WHERE `v_id` = null LIMIT 1   [ RunTime:0.0000s ]
SQL: SELECT vl.l_title as title,vl.l_id as id FROM `vr_vid_lab` left join vr_label vl on vr_vid_lab.lid = vl.l_id  WHERE `vid` = null  [ RunTime:0.0010s ]
SQL: SELECT v_publisherid as publisherid FROM `vr_video` WHERE `v_id` = null LIMIT 1   [ RunTime:0.0010s ]
SQL: SELECT `id`,`username`,concat('http://192.168.31.219/VRAppItem/Public/',vud.profileimg)photo,count(vuf.fans)fansnum FROM `vr_user` left join vr_userdetail vud on vr_user.id = vud.hostid left join vr_userfans vuf on vr_user.id = vuf.user  WHERE `id` = null LIMIT 1   [ RunTime:0.0000s ]
SQL: SELECT concat('http://192.168.31.219/VRAppItem/Public/',v_firstimgurl)firstImgUrl,concat('http://192.168.31.219/VRAppItem/Public/',v_secondimgurl)secondImgUrl,v_title as title,v_describe as subname,v_id as id,`playnum`,from_unixtime(v_addtime,'%Y-%m-%d')addTime FROM `vr_video` WHERE `v_publisherid` = null  [ RunTime:0.0010s ]
SQL: SELECT `id`,`userid`,from_unixtime(time,'%Y-%m-%d')time,`content`,`like` FROM `vr_comment` WHERE `resourceid` = null ORDER BY time desc LIMIT 20   [ RunTime:0.0030s ]
INFO: [ app_end ] --START--
INFO: Run Behavior\ShowPageTraceBehavior [ RunTime:0.001000s ]
INFO: [ app_end ] --END-- [ RunTime:0.001000s ]

[ 2017-01-19T13:13:50+08:00 ] ::1 /VRAppItem/index.php/Api/Videodetail/videoDetailPage
INFO: [ app_init ] --START--
INFO: Run Behavior\BuildLiteBehavior [ RunTime:0.000000s ]
INFO: [ app_init ] --END-- [ RunTime:0.001000s ]
INFO: [ app_begin ] --START--
INFO: Run Behavior\ReadHtmlCacheBehavior [ RunTime:0.000000s ]
INFO: [ app_begin ] --END-- [ RunTime:0.000000s ]
SQL: SHOW COLUMNS FROM `vr_carouselfigure` [ RunTime:0.0030s ]
SQL: SHOW COLUMNS FROM `vr_class` [ RunTime:0.0010s ]
SQL: SHOW COLUMNS FROM `vr_label` [ RunTime:0.0010s ]
SQL: SHOW COLUMNS FROM `vr_lab_cla` [ RunTime:0.0010s ]
SQL: SHOW COLUMNS FROM `vr_video` [ RunTime:0.0010s ]
SQL: SHOW COLUMNS FROM `vr_vid_lab` [ RunTime:0.0020s ]
SQL: SHOW COLUMNS FROM `vr_user` [ RunTime:0.0010s ]
SQL: SHOW COLUMNS FROM `vr_userdetail` [ RunTime:0.0010s ]
SQL: SHOW COLUMNS FROM `vr_facility` [ RunTime:0.0010s ]
SQL: SHOW COLUMNS FROM `vr_comment` [ RunTime:0.0010s ]
NOTIC: [8] Undefined index: id D:\Install\wamp\www\VRAppItem\VRAppItem\Api\Controller\VideodetailController.class.php 第 20 行.
SQL: SELECT v_id as id,v_cid as fid,v_title as title,v_subname as subname,v_describe as 'describe',v_type as type,v_data1 as video1,v_data2 as video2,`limit`,from_unixtime(v_addtime,'%Y-%m-%d')addtime,`playnum`,v_firstimgurl as firstimgurl,v_secondimgurl as secondimgurl,`duration`,count(*)comments FROM `vr_video` left join vr_comment vmm on vr_video.v_id = vmm.resourceid  WHERE `v_id` = null LIMIT 1   [ RunTime:0.0000s ]
SQL: SELECT vl.l_title as title,vl.l_id as id FROM `vr_vid_lab` left join vr_label vl on vr_vid_lab.lid = vl.l_id  WHERE `vid` = null  [ RunTime:0.0000s ]
SQL: SELECT v_publisherid as publisherid FROM `vr_video` WHERE `v_id` = null LIMIT 1   [ RunTime:0.0010s ]
SQL: SELECT `id`,`username`,concat('http://192.168.31.219/VRAppItem/Public/',vud.profileimg)photo,count(vuf.fans)fansnum FROM `vr_user` left join vr_userdetail vud on vr_user.id = vud.hostid left join vr_userfans vuf on vr_user.id = vuf.user  WHERE `id` = null LIMIT 1   [ RunTime:0.0000s ]
SQL: SELECT concat('http://192.168.31.219/VRAppItem/Public/',v_firstimgurl)firstImgUrl,concat('http://192.168.31.219/VRAppItem/Public/',v_secondimgurl)secondImgUrl,v_title as title,v_describe as subname,v_id as id,`playnum`,from_unixtime(v_addtime,'%Y-%m-%d')addTime FROM `vr_video` WHERE `v_publisherid` = null  [ RunTime:0.0000s ]
SQL: SELECT `id`,`userid`,from_unixtime(time,'%Y-%m-%d')time,`content`,`like` FROM `vr_comment` WHERE `resourceid` = null ORDER BY time desc LIMIT 20   [ RunTime:0.0020s ]
INFO: [ app_end ] --START--
INFO: Run Behavior\ShowPageTraceBehavior [ RunTime:0.000000s ]
INFO: [ app_end ] --END-- [ RunTime:0.000000s ]

[ 2017-01-19T13:13:51+08:00 ] ::1 /VRAppItem/index.php/Api/Videodetail/videoDetailPage
INFO: [ app_init ] --START--
INFO: Run Behavior\BuildLiteBehavior [ RunTime:0.000000s ]
INFO: [ app_init ] --END-- [ RunTime:0.000000s ]
INFO: [ app_begin ] --START--
INFO: Run Behavior\ReadHtmlCacheBehavior [ RunTime:0.001000s ]
INFO: [ app_begin ] --END-- [ RunTime:0.001000s ]
SQL: SHOW COLUMNS FROM `vr_carouselfigure` [ RunTime:0.0010s ]
SQL: SHOW COLUMNS FROM `vr_class` [ RunTime:0.0010s ]
SQL: SHOW COLUMNS FROM `vr_label` [ RunTime:0.0020s ]
SQL: SHOW COLUMNS FROM `vr_lab_cla` [ RunTime:0.0010s ]
SQL: SHOW COLUMNS FROM `vr_video` [ RunTime:0.0020s ]
SQL: SHOW COLUMNS FROM `vr_vid_lab` [ RunTime:0.0010s ]
SQL: SHOW COLUMNS FROM `vr_user` [ RunTime:0.0020s ]
SQL: SHOW COLUMNS FROM `vr_userdetail` [ RunTime:0.0010s ]
SQL: SHOW COLUMNS FROM `vr_facility` [ RunTime:0.0020s ]
SQL: SHOW COLUMNS FROM `vr_comment` [ RunTime:0.0010s ]
NOTIC: [8] Undefined index: id D:\Install\wamp\www\VRAppItem\VRAppItem\Api\Controller\VideodetailController.class.php 第 20 行.
SQL: SELECT v_id as id,v_cid as fid,v_title as title,v_subname as subname,v_describe as 'describe',v_type as type,v_data1 as video1,v_data2 as video2,`limit`,from_unixtime(v_addtime,'%Y-%m-%d')addtime,`playnum`,v_firstimgurl as firstimgurl,v_secondimgurl as secondimgurl,`duration`,count(*)comments FROM `vr_video` left join vr_comment vmm on vr_video.v_id = vmm.resourceid  WHERE `v_id` = null LIMIT 1   [ RunTime:0.0010s ]
SQL: SELECT vl.l_title as title,vl.l_id as id FROM `vr_vid_lab` left join vr_label vl on vr_vid_lab.lid = vl.l_id  WHERE `vid` = null  [ RunTime:0.0000s ]
SQL: SELECT v_publisherid as publisherid FROM `vr_video` WHERE `v_id` = null LIMIT 1   [ RunTime:0.0000s ]
SQL: SELECT `id`,`username`,concat('http://192.168.31.219/VRAppItem/Public/',vud.profileimg)photo,count(vuf.fans)fansnum FROM `vr_user` left join vr_userdetail vud on vr_user.id = vud.hostid left join vr_userfans vuf on vr_user.id = vuf.user  WHERE `id` = null LIMIT 1   [ RunTime:0.0000s ]
SQL: SELECT concat('http://192.168.31.219/VRAppItem/Public/',v_firstimgurl)firstImgUrl,concat('http://192.168.31.219/VRAppItem/Public/',v_secondimgurl)secondImgUrl,v_title as title,v_describe as subname,v_id as id,`playnum`,from_unixtime(v_addtime,'%Y-%m-%d')addTime FROM `vr_video` WHERE `v_publisherid` = null  [ RunTime:0.0000s ]
SQL: SELECT `id`,`userid`,from_unixtime(time,'%Y-%m-%d')time,`content`,`like` FROM `vr_comment` WHERE `resourceid` = null ORDER BY time desc LIMIT 20   [ RunTime:0.0010s ]
INFO: [ app_end ] --START--
INFO: Run Behavior\ShowPageTraceBehavior [ RunTime:0.000000s ]
INFO: [ app_end ] --END-- [ RunTime:0.000000s ]

[ 2017-01-19T13:13:52+08:00 ] ::1 /VRAppItem/index.php/Api/Videodetail/videoDetailPage
INFO: [ app_init ] --START--
INFO: Run Behavior\BuildLiteBehavior [ RunTime:0.001000s ]
INFO: [ app_init ] --END-- [ RunTime:0.001000s ]
INFO: [ app_begin ] --START--
INFO: Run Behavior\ReadHtmlCacheBehavior [ RunTime:0.001000s ]
INFO: [ app_begin ] --END-- [ RunTime:0.002000s ]
SQL: SHOW COLUMNS FROM `vr_carouselfigure` [ RunTime:0.0020s ]
SQL: SHOW COLUMNS FROM `vr_class` [ RunTime:0.0020s ]
SQL: SHOW COLUMNS FROM `vr_label` [ RunTime:0.0020s ]
SQL: SHOW COLUMNS FROM `vr_lab_cla` [ RunTime:0.0010s ]
SQL: SHOW COLUMNS FROM `vr_video` [ RunTime:0.0010s ]
SQL: SHOW COLUMNS FROM `vr_vid_lab` [ RunTime:0.0010s ]
SQL: SHOW COLUMNS FROM `vr_user` [ RunTime:0.0010s ]
SQL: SHOW COLUMNS FROM `vr_userdetail` [ RunTime:0.0010s ]
SQL: SHOW COLUMNS FROM `vr_facility` [ RunTime:0.0010s ]
SQL: SHOW COLUMNS FROM `vr_comment` [ RunTime:0.0010s ]
NOTIC: [8] Undefined index: id D:\Install\wamp\www\VRAppItem\VRAppItem\Api\Controller\VideodetailController.class.php 第 20 行.
SQL: SELECT v_id as id,v_cid as fid,v_title as title,v_subname as subname,v_describe as 'describe',v_type as type,v_data1 as video1,v_data2 as video2,`limit`,from_unixtime(v_addtime,'%Y-%m-%d')addtime,`playnum`,v_firstimgurl as firstimgurl,v_secondimgurl as secondimgurl,`duration`,count(*)comments FROM `vr_video` left join vr_comment vmm on vr_video.v_id = vmm.resourceid  WHERE `v_id` = null LIMIT 1   [ RunTime:0.0010s ]
SQL: SELECT vl.l_title as title,vl.l_id as id FROM `vr_vid_lab` left join vr_label vl on vr_vid_lab.lid = vl.l_id  WHERE `vid` = null  [ RunTime:0.0010s ]
SQL: SELECT v_publisherid as publisherid FROM `vr_video` WHERE `v_id` = null LIMIT 1   [ RunTime:0.0000s ]
SQL: SELECT `id`,`username`,concat('http://192.168.31.219/VRAppItem/Public/',vud.profileimg)photo,count(vuf.fans)fansnum FROM `vr_user` left join vr_userdetail vud on vr_user.id = vud.hostid left join vr_userfans vuf on vr_user.id = vuf.user  WHERE `id` = null LIMIT 1   [ RunTime:0.0000s ]
SQL: SELECT concat('http://192.168.31.219/VRAppItem/Public/',v_firstimgurl)firstImgUrl,concat('http://192.168.31.219/VRAppItem/Public/',v_secondimgurl)secondImgUrl,v_title as title,v_describe as subname,v_id as id,`playnum`,from_unixtime(v_addtime,'%Y-%m-%d')addTime FROM `vr_video` WHERE `v_publisherid` = null  [ RunTime:0.0000s ]
SQL: SELECT `id`,`userid`,from_unixtime(time,'%Y-%m-%d')time,`content`,`like` FROM `vr_comment` WHERE `resourceid` = null ORDER BY time desc LIMIT 20   [ RunTime:0.0020s ]
INFO: [ app_end ] --START--
INFO: Run Behavior\ShowPageTraceBehavior [ RunTime:0.001000s ]
INFO: [ app_end ] --END-- [ RunTime:0.001000s ]

[ 2017-01-19T13:13:52+08:00 ] ::1 /VRAppItem/index.php/Api/Videodetail/videoDetailPage
INFO: [ app_init ] --START--
INFO: Run Behavior\BuildLiteBehavior [ RunTime:0.001000s ]
INFO: [ app_init ] --END-- [ RunTime:0.001000s ]
INFO: [ app_begin ] --START--
INFO: Run Behavior\ReadHtmlCacheBehavior [ RunTime:0.001000s ]
INFO: [ app_begin ] --END-- [ RunTime:0.001000s ]
SQL: SHOW COLUMNS FROM `vr_carouselfigure` [ RunTime:0.0030s ]
SQL: SHOW COLUMNS FROM `vr_class` [ RunTime:0.0030s ]
SQL: SHOW COLUMNS FROM `vr_label` [ RunTime:0.0020s ]
SQL: SHOW COLUMNS FROM `vr_lab_cla` [ RunTime:0.0010s ]
SQL: SHOW COLUMNS FROM `vr_video` [ RunTime:0.0020s ]
SQL: SHOW COLUMNS FROM `vr_vid_lab` [ RunTime:0.0020s ]
SQL: SHOW COLUMNS FROM `vr_user` [ RunTime:0.0020s ]
SQL: SHOW COLUMNS FROM `vr_userdetail` [ RunTime:0.0020s ]
SQL: SHOW COLUMNS FROM `vr_facility` [ RunTime:0.0020s ]
SQL: SHOW COLUMNS FROM `vr_comment` [ RunTime:0.0030s ]
NOTIC: [8] Undefined index: id D:\Install\wamp\www\VRAppItem\VRAppItem\Api\Controller\VideodetailController.class.php 第 20 行.
SQL: SELECT v_id as id,v_cid as fid,v_title as title,v_subname as subname,v_describe as 'describe',v_type as type,v_data1 as video1,v_data2 as video2,`limit`,from_unixtime(v_addtime,'%Y-%m-%d')addtime,`playnum`,v_firstimgurl as firstimgurl,v_secondimgurl as secondimgurl,`duration`,count(*)comments FROM `vr_video` left join vr_comment vmm on vr_video.v_id = vmm.resourceid  WHERE `v_id` = null LIMIT 1   [ RunTime:0.0010s ]
SQL: SELECT vl.l_title as title,vl.l_id as id FROM `vr_vid_lab` left join vr_label vl on vr_vid_lab.lid = vl.l_id  WHERE `vid` = null  [ RunTime:0.0010s ]
SQL: SELECT v_publisherid as publisherid FROM `vr_video` WHERE `v_id` = null LIMIT 1   [ RunTime:0.0010s ]
SQL: SELECT `id`,`username`,concat('http://192.168.31.219/VRAppItem/Public/',vud.profileimg)photo,count(vuf.fans)fansnum FROM `vr_user` left join vr_userdetail vud on vr_user.id = vud.hostid left join vr_userfans vuf on vr_user.id = vuf.user  WHERE `id` = null LIMIT 1   [ RunTime:0.0010s ]
SQL: SELECT concat('http://192.168.31.219/VRAppItem/Public/',v_firstimgurl)firstImgUrl,concat('http://192.168.31.219/VRAppItem/Public/',v_secondimgurl)secondImgUrl,v_title as title,v_describe as subname,v_id as id,`playnum`,from_unixtime(v_addtime,'%Y-%m-%d')addTime FROM `vr_video` WHERE `v_publisherid` = null  [ RunTime:0.0010s ]
SQL: SELECT `id`,`userid`,from_unixtime(time,'%Y-%m-%d')time,`content`,`like` FROM `vr_comment` WHERE `resourceid` = null ORDER BY time desc LIMIT 20   [ RunTime:0.0030s ]
INFO: [ app_end ] --START--
INFO: Run Behavior\ShowPageTraceBehavior [ RunTime:0.001000s ]
INFO: [ app_end ] --END-- [ RunTime:0.001000s ]

[ 2017-01-19T13:13:52+08:00 ] ::1 /VRAppItem/index.php/Api/Videodetail/videoDetailPage
INFO: [ app_init ] --START--
INFO: Run Behavior\BuildLiteBehavior [ RunTime:0.000000s ]
INFO: [ app_init ] --END-- [ RunTime:0.001000s ]
INFO: [ app_begin ] --START--
INFO: Run Behavior\ReadHtmlCacheBehavior [ RunTime:0.000000s ]
INFO: [ app_begin ] --END-- [ RunTime:0.002000s ]
SQL: SHOW COLUMNS FROM `vr_carouselfigure` [ RunTime:0.0030s ]
SQL: SHOW COLUMNS FROM `vr_class` [ RunTime:0.0020s ]
SQL: SHOW COLUMNS FROM `vr_label` [ RunTime:0.0030s ]
SQL: SHOW COLUMNS FROM `vr_lab_cla` [ RunTime:0.0020s ]
SQL: SHOW COLUMNS FROM `vr_video` [ RunTime:0.0030s ]
SQL: SHOW COLUMNS FROM `vr_vid_lab` [ RunTime:0.0020s ]
SQL: SHOW COLUMNS FROM `vr_user` [ RunTime:0.0020s ]
SQL: SHOW COLUMNS FROM `vr_userdetail` [ RunTime:0.0020s ]
SQL: SHOW COLUMNS FROM `vr_facility` [ RunTime:0.0020s ]
SQL: SHOW COLUMNS FROM `vr_comment` [ RunTime:0.0020s ]
NOTIC: [8] Undefined index: id D:\Install\wamp\www\VRAppItem\VRAppItem\Api\Controller\VideodetailController.class.php 第 20 行.
SQL: SELECT v_id as id,v_cid as fid,v_title as title,v_subname as subname,v_describe as 'describe',v_type as type,v_data1 as video1,v_data2 as video2,`limit`,from_unixtime(v_addtime,'%Y-%m-%d')addtime,`playnum`,v_firstimgurl as firstimgurl,v_secondimgurl as secondimgurl,`duration`,count(*)comments FROM `vr_video` left join vr_comment vmm on vr_video.v_id = vmm.resourceid  WHERE `v_id` = null LIMIT 1   [ RunTime:0.0000s ]
SQL: SELECT vl.l_title as title,vl.l_id as id FROM `vr_vid_lab` left join vr_label vl on vr_vid_lab.lid = vl.l_id  WHERE `vid` = null  [ RunTime:0.0010s ]
SQL: SELECT v_publisherid as publisherid FROM `vr_video` WHERE `v_id` = null LIMIT 1   [ RunTime:0.0010s ]
SQL: SELECT `id`,`username`,concat('http://192.168.31.219/VRAppItem/Public/',vud.profileimg)photo,count(vuf.fans)fansnum FROM `vr_user` left join vr_userdetail vud on vr_user.id = vud.hostid left join vr_userfans vuf on vr_user.id = vuf.user  WHERE `id` = null LIMIT 1   [ RunTime:0.0010s ]
SQL: SELECT concat('http://192.168.31.219/VRAppItem/Public/',v_firstimgurl)firstImgUrl,concat('http://192.168.31.219/VRAppItem/Public/',v_secondimgurl)secondImgUrl,v_title as title,v_describe as subname,v_id as id,`playnum`,from_unixtime(v_addtime,'%Y-%m-%d')addTime FROM `vr_video` WHERE `v_publisherid` = null  [ RunTime:0.0000s ]
SQL: SELECT `id`,`userid`,from_unixtime(time,'%Y-%m-%d')time,`content`,`like` FROM `vr_comment` WHERE `resourceid` = null ORDER BY time desc LIMIT 20   [ RunTime:0.0030s ]
INFO: [ app_end ] --START--
INFO: Run Behavior\ShowPageTraceBehavior [ RunTime:0.001000s ]
INFO: [ app_end ] --END-- [ RunTime:0.001000s ]

[ 2017-01-19T13:13:52+08:00 ] ::1 /VRAppItem/index.php/Api/Videodetail/videoDetailPage
INFO: [ app_init ] --START--
INFO: Run Behavior\BuildLiteBehavior [ RunTime:0.000000s ]
INFO: [ app_init ] --END-- [ RunTime:0.001000s ]
INFO: [ app_begin ] --START--
INFO: Run Behavior\ReadHtmlCacheBehavior [ RunTime:0.000000s ]
INFO: [ app_begin ] --END-- [ RunTime:0.002000s ]
SQL: SHOW COLUMNS FROM `vr_carouselfigure` [ RunTime:0.0030s ]
SQL: SHOW COLUMNS FROM `vr_class` [ RunTime:0.0020s ]
SQL: SHOW COLUMNS FROM `vr_label` [ RunTime:0.0030s ]
SQL: SHOW COLUMNS FROM `vr_lab_cla` [ RunTime:0.0020s ]
SQL: SHOW COLUMNS FROM `vr_video` [ RunTime:0.0030s ]
SQL: SHOW COLUMNS FROM `vr_vid_lab` [ RunTime:0.0030s ]
SQL: SHOW COLUMNS FROM `vr_user` [ RunTime:0.0030s ]
SQL: SHOW COLUMNS FROM `vr_userdetail` [ RunTime:0.0030s ]
SQL: SHOW COLUMNS FROM `vr_facility` [ RunTime:0.0030s ]
SQL: SHOW COLUMNS FROM `vr_comment` [ RunTime:0.0030s ]
NOTIC: [8] Undefined index: id D:\Install\wamp\www\VRAppItem\VRAppItem\Api\Controller\VideodetailController.class.php 第 20 行.
SQL: SELECT v_id as id,v_cid as fid,v_title as title,v_subname as subname,v_describe as 'describe',v_type as type,v_data1 as video1,v_data2 as video2,`limit`,from_unixtime(v_addtime,'%Y-%m-%d')addtime,`playnum`,v_firstimgurl as firstimgurl,v_secondimgurl as secondimgurl,`duration`,count(*)comments FROM `vr_video` left join vr_comment vmm on vr_video.v_id = vmm.resourceid  WHERE `v_id` = null LIMIT 1   [ RunTime:0.0010s ]
SQL: SELECT vl.l_title as title,vl.l_id as id FROM `vr_vid_lab` left join vr_label vl on vr_vid_lab.lid = vl.l_id  WHERE `vid` = null  [ RunTime:0.0010s ]
SQL: SELECT v_publisherid as publisherid FROM `vr_video` WHERE `v_id` = null LIMIT 1   [ RunTime:0.0000s ]
SQL: SELECT `id`,`username`,concat('http://192.168.31.219/VRAppItem/Public/',vud.profileimg)photo,count(vuf.fans)fansnum FROM `vr_user` left join vr_userdetail vud on vr_user.id = vud.hostid left join vr_userfans vuf on vr_user.id = vuf.user  WHERE `id` = null LIMIT 1   [ RunTime:0.0000s ]
SQL: SELECT concat('http://192.168.31.219/VRAppItem/Public/',v_firstimgurl)firstImgUrl,concat('http://192.168.31.219/VRAppItem/Public/',v_secondimgurl)secondImgUrl,v_title as title,v_describe as subname,v_id as id,`playnum`,from_unixtime(v_addtime,'%Y-%m-%d')addTime FROM `vr_video` WHERE `v_publisherid` = null  [ RunTime:0.0000s ]
SQL: SELECT `id`,`userid`,from_unixtime(time,'%Y-%m-%d')time,`content`,`like` FROM `vr_comment` WHERE `resourceid` = null ORDER BY time desc LIMIT 20   [ RunTime:0.0020s ]
INFO: [ app_end ] --START--
INFO: Run Behavior\ShowPageTraceBehavior [ RunTime:0.001000s ]
INFO: [ app_end ] --END-- [ RunTime:0.001000s ]

[ 2017-01-19T13:13:52+08:00 ] ::1 /VRAppItem/index.php/Api/Videodetail/videoDetailPage
INFO: [ app_init ] --START--
INFO: Run Behavior\BuildLiteBehavior [ RunTime:0.000000s ]
INFO: [ app_init ] --END-- [ RunTime:0.000000s ]
INFO: [ app_begin ] --START--
INFO: Run Behavior\ReadHtmlCacheBehavior [ RunTime:0.000000s ]
INFO: [ app_begin ] --END-- [ RunTime:0.001000s ]
SQL: SHOW COLUMNS FROM `vr_carouselfigure` [ RunTime:0.0020s ]
SQL: SHOW COLUMNS FROM `vr_class` [ RunTime:0.0020s ]
SQL: SHOW COLUMNS FROM `vr_label` [ RunTime:0.0010s ]
SQL: SHOW COLUMNS FROM `vr_lab_cla` [ RunTime:0.0010s ]
SQL: SHOW COLUMNS FROM `vr_video` [ RunTime:0.0020s ]
SQL: SHOW COLUMNS FROM `vr_vid_lab` [ RunTime:0.0020s ]
SQL: SHOW COLUMNS FROM `vr_user` [ RunTime:0.0010s ]
SQL: SHOW COLUMNS FROM `vr_userdetail` [ RunTime:0.0010s ]
SQL: SHOW COLUMNS FROM `vr_facility` [ RunTime:0.0010s ]
SQL: SHOW COLUMNS FROM `vr_comment` [ RunTime:0.0010s ]
NOTIC: [8] Undefined index: id D:\Install\wamp\www\VRAppItem\VRAppItem\Api\Controller\VideodetailController.class.php 第 20 行.
SQL: SELECT v_id as id,v_cid as fid,v_title as title,v_subname as subname,v_describe as 'describe',v_type as type,v_data1 as video1,v_data2 as video2,`limit`,from_unixtime(v_addtime,'%Y-%m-%d')addtime,`playnum`,v_firstimgurl as firstimgurl,v_secondimgurl as secondimgurl,`duration`,count(*)comments FROM `vr_video` left join vr_comment vmm on vr_video.v_id = vmm.resourceid  WHERE `v_id` = null LIMIT 1   [ RunTime:0.0000s ]
SQL: SELECT vl.l_title as title,vl.l_id as id FROM `vr_vid_lab` left join vr_label vl on vr_vid_lab.lid = vl.l_id  WHERE `vid` = null  [ RunTime:0.0000s ]
SQL: SELECT v_publisherid as publisherid FROM `vr_video` WHERE `v_id` = null LIMIT 1   [ RunTime:0.0000s ]
SQL: SELECT `id`,`username`,concat('http://192.168.31.219/VRAppItem/Public/',vud.profileimg)photo,count(vuf.fans)fansnum FROM `vr_user` left join vr_userdetail vud on vr_user.id = vud.hostid left join vr_userfans vuf on vr_user.id = vuf.user  WHERE `id` = null LIMIT 1   [ RunTime:0.0010s ]
SQL: SELECT concat('http://192.168.31.219/VRAppItem/Public/',v_firstimgurl)firstImgUrl,concat('http://192.168.31.219/VRAppItem/Public/',v_secondimgurl)secondImgUrl,v_title as title,v_describe as subname,v_id as id,`playnum`,from_unixtime(v_addtime,'%Y-%m-%d')addTime FROM `vr_video` WHERE `v_publisherid` = null  [ RunTime:0.0010s ]
SQL: SELECT `id`,`userid`,from_unixtime(time,'%Y-%m-%d')time,`content`,`like` FROM `vr_comment` WHERE `resourceid` = null ORDER BY time desc LIMIT 20   [ RunTime:0.0020s ]
INFO: [ app_end ] --START--
INFO: Run Behavior\ShowPageTraceBehavior [ RunTime:0.001000s ]
INFO: [ app_end ] --END-- [ RunTime:0.001000s ]

[ 2017-01-19T13:13:58+08:00 ] ::1 /VRAppItem/index.php/Api/Videodetail/videoDetailPage
INFO: [ app_init ] --START--
INFO: Run Behavior\BuildLiteBehavior [ RunTime:0.000000s ]
INFO: [ app_init ] --END-- [ RunTime:0.001000s ]
INFO: [ app_begin ] --START--
INFO: Run Behavior\ReadHtmlCacheBehavior [ RunTime:0.000000s ]
INFO: [ app_begin ] --END-- [ RunTime:0.002000s ]

[ 2017-01-19T13:14:08+08:00 ] ::1 /VRAppItem/index.php/Api/Videodetail/videoDetailPage
INFO: [ app_init ] --START--
INFO: Run Behavior\BuildLiteBehavior [ RunTime:0.000000s ]
INFO: [ app_init ] --END-- [ RunTime:0.001000s ]
INFO: [ app_begin ] --START--
INFO: Run Behavior\ReadHtmlCacheBehavior [ RunTime:0.001000s ]
INFO: [ app_begin ] --END-- [ RunTime:0.002000s ]
SQL: SHOW COLUMNS FROM `vr_carouselfigure` [ RunTime:0.0040s ]
SQL: SHOW COLUMNS FROM `vr_class` [ RunTime:0.0020s ]
SQL: SHOW COLUMNS FROM `vr_label` [ RunTime:0.0020s ]
SQL: SHOW COLUMNS FROM `vr_lab_cla` [ RunTime:0.0020s ]
SQL: SHOW COLUMNS FROM `vr_video` [ RunTime:0.0020s ]
SQL: SHOW COLUMNS FROM `vr_vid_lab` [ RunTime:0.0010s ]
SQL: SHOW COLUMNS FROM `vr_user` [ RunTime:0.0010s ]
SQL: SHOW COLUMNS FROM `vr_userdetail` [ RunTime:0.0010s ]
SQL: SHOW COLUMNS FROM `vr_facility` [ RunTime:0.0020s ]
SQL: SHOW COLUMNS FROM `vr_comment` [ RunTime:0.0010s ]
NOTIC: [8] Undefined index: id D:\Install\wamp\www\VRAppItem\VRAppItem\Api\Controller\VideodetailController.class.php 第 20 行.
SQL: SELECT v_id as id,v_cid as fid,v_title as title,v_subname as subname,v_describe as 'describe',v_type as type,v_data1 as video1,v_data2 as video2,`limit`,from_unixtime(v_addtime,'%Y-%m-%d')addtime,`playnum`,v_firstimgurl as firstimgurl,v_secondimgurl as secondimgurl,`duration`,count(*)comments FROM `vr_video` left join vr_comment vmm on vr_video.v_id = vmm.resourceid  WHERE `v_id` = null LIMIT 1   [ RunTime:0.0000s ]
SQL: SELECT vl.l_title as title,vl.l_id as id FROM `vr_vid_lab` left join vr_label vl on vr_vid_lab.lid = vl.l_id  WHERE `vid` = null  [ RunTime:0.0000s ]
SQL: SELECT v_publisherid as publisherid FROM `vr_video` WHERE `v_id` = null LIMIT 1   [ RunTime:0.0000s ]
SQL: SELECT `id`,`username`,concat('http://192.168.31.219/VRAppItem/Public/',vud.profileimg)photo,count(vuf.fans)fansnum FROM `vr_user` left join vr_userdetail vud on vr_user.id = vud.hostid left join vr_userfans vuf on vr_user.id = vuf.user  WHERE `id` = null LIMIT 1   [ RunTime:0.0010s ]
SQL: SELECT concat('http://192.168.31.219/VRAppItem/Public/',v_firstimgurl)firstImgUrl,concat('http://192.168.31.219/VRAppItem/Public/',v_secondimgurl)secondImgUrl,v_title as title,v_describe as subname,v_id as id,`playnum`,from_unixtime(v_addtime,'%Y-%m-%d')addTime FROM `vr_video` WHERE `v_publisherid` = null  [ RunTime:0.0000s ]
SQL: SELECT `id`,`userid`,from_unixtime(time,'%Y-%m-%d')time,`content`,`like` FROM `vr_comment` WHERE `resourceid` = null ORDER BY time desc LIMIT 20   [ RunTime:0.0020s ]
INFO: [ app_end ] --START--
INFO: Run Behavior\ShowPageTraceBehavior [ RunTime:0.001000s ]
INFO: [ app_end ] --END-- [ RunTime:0.001000s ]

[ 2017-01-19T13:14:14+08:00 ] ::1 /VRAppItem/index.php/Api/Videodetail/videoDetailPage?id=3
INFO: [ app_init ] --START--
INFO: Run Behavior\BuildLiteBehavior [ RunTime:0.000000s ]
INFO: [ app_init ] --END-- [ RunTime:0.001000s ]
INFO: [ app_begin ] --START--
INFO: Run Behavior\ReadHtmlCacheBehavior [ RunTime:0.001000s ]
INFO: [ app_begin ] --END-- [ RunTime:0.001000s ]
SQL: SHOW COLUMNS FROM `vr_carouselfigure` [ RunTime:0.0020s ]
SQL: SHOW COLUMNS FROM `vr_class` [ RunTime:0.0020s ]
SQL: SHOW COLUMNS FROM `vr_label` [ RunTime:0.0020s ]
SQL: SHOW COLUMNS FROM `vr_lab_cla` [ RunTime:0.0020s ]
SQL: SHOW COLUMNS FROM `vr_video` [ RunTime:0.0020s ]
SQL: SHOW COLUMNS FROM `vr_vid_lab` [ RunTime:0.0020s ]
SQL: SHOW COLUMNS FROM `vr_user` [ RunTime:0.0020s ]
SQL: SHOW COLUMNS FROM `vr_userdetail` [ RunTime:0.0020s ]
SQL: SHOW COLUMNS FROM `vr_facility` [ RunTime:0.0020s ]
SQL: SHOW COLUMNS FROM `vr_comment` [ RunTime:0.0020s ]
SQL: SELECT v_id as id,v_cid as fid,v_title as title,v_subname as subname,v_describe as 'describe',v_type as type,v_data1 as video1,v_data2 as video2,`limit`,from_unixtime(v_addtime,'%Y-%m-%d')addtime,`playnum`,v_firstimgurl as firstimgurl,v_secondimgurl as secondimgurl,`duration`,count(*)comments FROM `vr_video` left join vr_comment vmm on vr_video.v_id = vmm.resourceid  WHERE `v_id` = '3' LIMIT 1   [ RunTime:0.0020s ]
SQL: SELECT vl.l_title as title,vl.l_id as id FROM `vr_vid_lab` left join vr_label vl on vr_vid_lab.lid = vl.l_id  WHERE `vid` = '3'  [ RunTime:0.0000s ]
SQL: SELECT v_publisherid as publisherid FROM `vr_video` WHERE `v_id` = 3 LIMIT 1   [ RunTime:0.0010s ]
SQL: SELECT `id`,`username`,concat('http://192.168.31.219/VRAppItem/Public/',vud.profileimg)photo,count(vuf.fans)fansnum FROM `vr_user` left join vr_userdetail vud on vr_user.id = vud.hostid left join vr_userfans vuf on vr_user.id = vuf.user  WHERE `id` = '2' LIMIT 1   [ RunTime:0.7390s ]
SQL: SELECT concat('http://192.168.31.219/VRAppItem/Public/',v_firstimgurl)firstImgUrl,concat('http://192.168.31.219/VRAppItem/Public/',v_secondimgurl)secondImgUrl,v_title as title,v_describe as subname,v_id as id,`playnum`,from_unixtime(v_addtime,'%Y-%m-%d')addTime FROM `vr_video` WHERE `v_publisherid` = 2  [ RunTime:0.0010s ]
SQL: SELECT `id`,`userid`,from_unixtime(time,'%Y-%m-%d')time,`content`,`like` FROM `vr_comment` WHERE `resourceid` = 3 ORDER BY time desc LIMIT 20   [ RunTime:0.0030s ]
SQL: SELECT `id`,`username`,vud.profileimg as photo FROM `vr_user` left join vr_userdetail vud on vr_user.id = vud.hostid   WHERE `id` = '815' LIMIT 1   [ RunTime:0.0000s ]
SQL: SELECT `id`,`username`,vud.profileimg as photo FROM `vr_user` left join vr_userdetail vud on vr_user.id = vud.hostid   WHERE `id` = '1156' LIMIT 1   [ RunTime:0.0000s ]
SQL: SELECT `id`,`username`,vud.profileimg as photo FROM `vr_user` left join vr_userdetail vud on vr_user.id = vud.hostid   WHERE `id` = '121' LIMIT 1   [ RunTime:0.0010s ]
SQL: SELECT `id`,`username`,vud.profileimg as photo FROM `vr_user` left join vr_userdetail vud on vr_user.id = vud.hostid   WHERE `id` = '1058' LIMIT 1   [ RunTime:0.0000s ]
SQL: SELECT `id`,`username`,vud.profileimg as photo FROM `vr_user` left join vr_userdetail vud on vr_user.id = vud.hostid   WHERE `id` = '1270' LIMIT 1   [ RunTime:0.0000s ]
SQL: SELECT `id`,`username`,vud.profileimg as photo FROM `vr_user` left join vr_userdetail vud on vr_user.id = vud.hostid   WHERE `id` = '868' LIMIT 1   [ RunTime:0.0010s ]
SQL: SELECT `id`,`username`,vud.profileimg as photo FROM `vr_user` left join vr_userdetail vud on vr_user.id = vud.hostid   WHERE `id` = '1140' LIMIT 1   [ RunTime:0.0000s ]
SQL: SELECT `id`,`username`,vud.profileimg as photo FROM `vr_user` left join vr_userdetail vud on vr_user.id = vud.hostid   WHERE `id` = '690' LIMIT 1   [ RunTime:0.0000s ]
SQL: SELECT `id`,`username`,vud.profileimg as photo FROM `vr_user` left join vr_userdetail vud on vr_user.id = vud.hostid   WHERE `id` = '1231' LIMIT 1   [ RunTime:0.0000s ]
SQL: SELECT `id`,`username`,vud.profileimg as photo FROM `vr_user` left join vr_userdetail vud on vr_user.id = vud.hostid   WHERE `id` = '875' LIMIT 1   [ RunTime:0.0010s ]
SQL: SELECT `id`,`username`,vud.profileimg as photo FROM `vr_user` left join vr_userdetail vud on vr_user.id = vud.hostid   WHERE `id` = '387' LIMIT 1   [ RunTime:0.0000s ]
SQL: SELECT `id`,`username`,vud.profileimg as photo FROM `vr_user` left join vr_userdetail vud on vr_user.id = vud.hostid   WHERE `id` = '513' LIMIT 1   [ RunTime:0.0000s ]
SQL: SELECT `id`,`username`,vud.profileimg as photo FROM `vr_user` left join vr_userdetail vud on vr_user.id = vud.hostid   WHERE `id` = '641' LIMIT 1   [ RunTime:0.0000s ]
SQL: SELECT `id`,`username`,vud.profileimg as photo FROM `vr_user` left join vr_userdetail vud on vr_user.id = vud.hostid   WHERE `id` = '813' LIMIT 1   [ RunTime:0.0000s ]
SQL: SELECT `id`,`username`,vud.profileimg as photo FROM `vr_user` left join vr_userdetail vud on vr_user.id = vud.hostid   WHERE `id` = '574' LIMIT 1   [ RunTime:0.0000s ]
SQL: SELECT `id`,`username`,vud.profileimg as photo FROM `vr_user` left join vr_userdetail vud on vr_user.id = vud.hostid   WHERE `id` = '1557' LIMIT 1   [ RunTime:0.0000s ]
SQL: SELECT `id`,`username`,vud.profileimg as photo FROM `vr_user` left join vr_userdetail vud on vr_user.id = vud.hostid   WHERE `id` = '1595' LIMIT 1   [ RunTime:0.0000s ]
SQL: SELECT `id`,`username`,vud.profileimg as photo FROM `vr_user` left join vr_userdetail vud on vr_user.id = vud.hostid   WHERE `id` = '616' LIMIT 1   [ RunTime:0.0010s ]
SQL: SELECT `id`,`username`,vud.profileimg as photo FROM `vr_user` left join vr_userdetail vud on vr_user.id = vud.hostid   WHERE `id` = '684' LIMIT 1   [ RunTime:0.0000s ]
SQL: SELECT `id`,`username`,vud.profileimg as photo FROM `vr_user` left join vr_userdetail vud on vr_user.id = vud.hostid   WHERE `id` = '540' LIMIT 1   [ RunTime:0.0000s ]
INFO: [ app_end ] --START--
INFO: Run Behavior\ShowPageTraceBehavior [ RunTime:0.001000s ]
INFO: [ app_end ] --END-- [ RunTime:0.001000s ]

[ 2017-01-19T13:14:37+08:00 ] ::1 /VRAppItem/index.php/Api/Videodetail/videoDetailPage?id=3
INFO: [ app_init ] --START--
INFO: Run Behavior\BuildLiteBehavior [ RunTime:0.001000s ]
INFO: [ app_init ] --END-- [ RunTime:0.001000s ]
INFO: [ app_begin ] --START--
INFO: Run Behavior\ReadHtmlCacheBehavior [ RunTime:0.000000s ]
INFO: [ app_begin ] --END-- [ RunTime:0.002000s ]
SQL: SHOW COLUMNS FROM `vr_carouselfigure` [ RunTime:0.0020s ]
SQL: SHOW COLUMNS FROM `vr_class` [ RunTime:0.0020s ]
SQL: SHOW COLUMNS FROM `vr_label` [ RunTime:0.0020s ]
SQL: SHOW COLUMNS FROM `vr_lab_cla` [ RunTime:0.0020s ]
SQL: SHOW COLUMNS FROM `vr_video` [ RunTime:0.0020s ]
SQL: SHOW COLUMNS FROM `vr_vid_lab` [ RunTime:0.0020s ]
SQL: SHOW COLUMNS FROM `vr_user` [ RunTime:0.0020s ]
SQL: SHOW COLUMNS FROM `vr_userdetail` [ RunTime:0.0020s ]
SQL: SHOW COLUMNS FROM `vr_facility` [ RunTime:0.0020s ]
SQL: SHOW COLUMNS FROM `vr_comment` [ RunTime:0.0020s ]
ERR: SQLSTATE[42S22]: Column not found: 1054 Champ 'vr_video._id' inconnu dans on clause

[ 2017-01-19T13:14:51+08:00 ] ::1 /VRAppItem/index.php/Api/Videodetail/videoDetailPage?id=3
INFO: [ app_init ] --START--
INFO: Run Behavior\BuildLiteBehavior [ RunTime:0.000000s ]
INFO: [ app_init ] --END-- [ RunTime:0.001000s ]
INFO: [ app_begin ] --START--
INFO: Run Behavior\ReadHtmlCacheBehavior [ RunTime:0.001000s ]
INFO: [ app_begin ] --END-- [ RunTime:0.001000s ]
SQL: SHOW COLUMNS FROM `vr_carouselfigure` [ RunTime:0.0040s ]
SQL: SHOW COLUMNS FROM `vr_class` [ RunTime:0.0020s ]
SQL: SHOW COLUMNS FROM `vr_label` [ RunTime:0.0020s ]
SQL: SHOW COLUMNS FROM `vr_lab_cla` [ RunTime:0.0020s ]
SQL: SHOW COLUMNS FROM `vr_video` [ RunTime:0.0020s ]
SQL: SHOW COLUMNS FROM `vr_vid_lab` [ RunTime:0.0010s ]
SQL: SHOW COLUMNS FROM `vr_user` [ RunTime:0.0020s ]
SQL: SHOW COLUMNS FROM `vr_userdetail` [ RunTime:0.0020s ]
SQL: SHOW COLUMNS FROM `vr_facility` [ RunTime:0.0020s ]
SQL: SHOW COLUMNS FROM `vr_comment` [ RunTime:0.0020s ]
ERR: SQLSTATE[42S22]: Column not found: 1054 Champ 'vr_video._id' inconnu dans on clause

[ 2017-01-19T13:15:07+08:00 ] ::1 /VRAppItem/index.php/Api/Videodetail/videoDetailPage?id=3
INFO: [ app_init ] --START--
INFO: Run Behavior\BuildLiteBehavior [ RunTime:0.000000s ]
INFO: [ app_init ] --END-- [ RunTime:0.000000s ]
INFO: [ app_begin ] --START--
INFO: Run Behavior\ReadHtmlCacheBehavior [ RunTime:0.000000s ]
INFO: [ app_begin ] --END-- [ RunTime:0.001000s ]
SQL: SHOW COLUMNS FROM `vr_carouselfigure` [ RunTime:0.0030s ]
SQL: SHOW COLUMNS FROM `vr_class` [ RunTime:0.0020s ]
SQL: SHOW COLUMNS FROM `vr_label` [ RunTime:0.0020s ]
SQL: SHOW COLUMNS FROM `vr_lab_cla` [ RunTime:0.0020s ]
SQL: SHOW COLUMNS FROM `vr_video` [ RunTime:0.0020s ]
SQL: SHOW COLUMNS FROM `vr_vid_lab` [ RunTime:0.0020s ]
SQL: SHOW COLUMNS FROM `vr_user` [ RunTime:0.0020s ]
SQL: SHOW COLUMNS FROM `vr_userdetail` [ RunTime:0.0010s ]
SQL: SHOW COLUMNS FROM `vr_facility` [ RunTime:0.0020s ]
SQL: SHOW COLUMNS FROM `vr_comment` [ RunTime:0.0020s ]
SQL: SELECT v_id as id,v_cid as fid,v_title as title,v_subname as subname,v_describe as 'describe',v_type as type,v_data1 as video1,v_data2 as video2,`limit`,from_unixtime(v_addtime,'%Y-%m-%d')addtime,`playnum`,v_firstimgurl as firstimgurl,v_secondimgurl as secondimgurl,`duration`,count(*)comments FROM `vr_video` left join vr_comment vmm on vr_video.v_id = vmm.resourceid  WHERE `v_id` = '3' LIMIT 1   [ RunTime:0.0030s ]
SQL: SELECT vl.l_title as title,vl.l_id as id FROM `vr_vid_lab` left join vr_label vl on vr_vid_lab.lid = vl.l_id  WHERE `vid` = '3'  [ RunTime:0.0010s ]
SQL: SELECT v_publisherid as publisherid FROM `vr_video` WHERE `v_id` = 3 LIMIT 1   [ RunTime:0.0000s ]
SQL: SELECT `id`,`username`,concat('http://192.168.31.219/VRAppItem/Public/',vud.profileimg)photo,count(vuf.fans)fansnum FROM `vr_user` left join vr_userdetail vud on vr_user.id = vud.hostid left join vr_userfans vuf on vr_user.id = vuf.user  WHERE `id` = '2' LIMIT 1   [ RunTime:0.7060s ]
SQL: SELECT concat('http://192.168.31.219/VRAppItem/Public/',v_firstimgurl)firstImgUrl,concat('http://192.168.31.219/VRAppItem/Public/',v_secondimgurl)secondImgUrl,v_title as title,v_describe as subname,v_id as id,`playnum`,from_unixtime(v_addtime,'%Y-%m-%d')addTime FROM `vr_video` WHERE `v_publisherid` = 2  [ RunTime:0.0010s ]
SQL: SELECT `id`,`userid`,from_unixtime(time,'%Y-%m-%d')time,`content`,`like` FROM `vr_comment` WHERE `resourceid` = 3 ORDER BY time desc LIMIT 20   [ RunTime:0.0020s ]
SQL: SELECT `id`,`username`,vud.profileimg as photo FROM `vr_user` left join vr_userdetail vud on vr_user.id = vud.hostid   WHERE `id` = '815' LIMIT 1   [ RunTime:0.0010s ]
SQL: SELECT `id`,`username`,vud.profileimg as photo FROM `vr_user` left join vr_userdetail vud on vr_user.id = vud.hostid   WHERE `id` = '1156' LIMIT 1   [ RunTime:0.0000s ]
SQL: SELECT `id`,`username`,vud.profileimg as photo FROM `vr_user` left join vr_userdetail vud on vr_user.id = vud.hostid   WHERE `id` = '121' LIMIT 1   [ RunTime:0.0000s ]
SQL: SELECT `id`,`username`,vud.profileimg as photo FROM `vr_user` left join vr_userdetail vud on vr_user.id = vud.hostid   WHERE `id` = '1058' LIMIT 1   [ RunTime:0.0000s ]
SQL: SELECT `id`,`username`,vud.profileimg as photo FROM `vr_user` left join vr_userdetail vud on vr_user.id = vud.hostid   WHERE `id` = '1270' LIMIT 1   [ RunTime:0.0010s ]
SQL: SELECT `id`,`username`,vud.profileimg as photo FROM `vr_user` left join vr_userdetail vud on vr_user.id = vud.hostid   WHERE `id` = '868' LIMIT 1   [ RunTime:0.0010s ]
SQL: SELECT `id`,`username`,vud.profileimg as photo FROM `vr_user` left join vr_userdetail vud on vr_user.id = vud.hostid   WHERE `id` = '1140' LIMIT 1   [ RunTime:0.0010s ]
SQL: SELECT `id`,`username`,vud.profileimg as photo FROM `vr_user` left join vr_userdetail vud on vr_user.id = vud.hostid   WHERE `id` = '690' LIMIT 1   [ RunTime:0.0000s ]
SQL: SELECT `id`,`username`,vud.profileimg as photo FROM `vr_user` left join vr_userdetail vud on vr_user.id = vud.hostid   WHERE `id` = '1231' LIMIT 1   [ RunTime:0.0010s ]
SQL: SELECT `id`,`username`,vud.profileimg as photo FROM `vr_user` left join vr_userdetail vud on vr_user.id = vud.hostid   WHERE `id` = '875' LIMIT 1   [ RunTime:0.0000s ]
SQL: SELECT `id`,`username`,vud.profileimg as photo FROM `vr_user` left join vr_userdetail vud on vr_user.id = vud.hostid   WHERE `id` = '387' LIMIT 1   [ RunTime:0.0000s ]
SQL: SELECT `id`,`username`,vud.profileimg as photo FROM `vr_user` left join vr_userdetail vud on vr_user.id = vud.hostid   WHERE `id` = '513' LIMIT 1   [ RunTime:0.0010s ]
SQL: SELECT `id`,`username`,vud.profileimg as photo FROM `vr_user` left join vr_userdetail vud on vr_user.id = vud.hostid   WHERE `id` = '641' LIMIT 1   [ RunTime:0.0000s ]
SQL: SELECT `id`,`username`,vud.profileimg as photo FROM `vr_user` left join vr_userdetail vud on vr_user.id = vud.hostid   WHERE `id` = '813' LIMIT 1   [ RunTime:0.0000s ]
SQL: SELECT `id`,`username`,vud.profileimg as photo FROM `vr_user` left join vr_userdetail vud on vr_user.id = vud.hostid   WHERE `id` = '574' LIMIT 1   [ RunTime:0.0010s ]
SQL: SELECT `id`,`username`,vud.profileimg as photo FROM `vr_user` left join vr_userdetail vud on vr_user.id = vud.hostid   WHERE `id` = '1557' LIMIT 1   [ RunTime:0.0010s ]
SQL: SELECT `id`,`username`,vud.profileimg as photo FROM `vr_user` left join vr_userdetail vud on vr_user.id = vud.hostid   WHERE `id` = '1595' LIMIT 1   [ RunTime:0.0000s ]
SQL: SELECT `id`,`username`,vud.profileimg as photo FROM `vr_user` left join vr_userdetail vud on vr_user.id = vud.hostid   WHERE `id` = '616' LIMIT 1   [ RunTime:0.0010s ]
SQL: SELECT `id`,`username`,vud.profileimg as photo FROM `vr_user` left join vr_userdetail vud on vr_user.id = vud.hostid   WHERE `id` = '684' LIMIT 1   [ RunTime:0.0000s ]
SQL: SELECT `id`,`username`,vud.profileimg as photo FROM `vr_user` left join vr_userdetail vud on vr_user.id = vud.hostid   WHERE `id` = '540' LIMIT 1   [ RunTime:0.0000s ]
INFO: [ app_end ] --START--
INFO: Run Behavior\ShowPageTraceBehavior [ RunTime:0.000000s ]
INFO: [ app_end ] --END-- [ RunTime:0.001000s ]

