[ 2017-01-11T13:46:41+08:00 ] ::1 /VRAppItem/index.php/Api/Home/home
INFO: [ app_init ] --START--
INFO: Run Behavior\BuildLiteBehavior [ RunTime:0.000000s ]
INFO: [ app_init ] --END-- [ RunTime:0.001000s ]
INFO: [ app_begin ] --START--
INFO: Run Behavior\ReadHtmlCacheBehavior [ RunTime:0.002000s ]
INFO: [ app_begin ] --END-- [ RunTime:0.002000s ]

[ 2017-01-11T13:53:34+08:00 ] ::1 /VRAppItem/index.php/Api/Home/carouselFigure
INFO: [ app_init ] --START--
INFO: Run Behavior\BuildLiteBehavior [ RunTime:0.000000s ]
INFO: [ app_init ] --END-- [ RunTime:0.002000s ]
INFO: [ app_begin ] --START--
INFO: Run Behavior\ReadHtmlCacheBehavior [ RunTime:0.002000s ]
INFO: [ app_begin ] --END-- [ RunTime:0.002000s ]

[ 2017-01-11T13:53:37+08:00 ] ::1 /VRAppItem/index.php/Api/Home/carouselFigure
INFO: [ app_init ] --START--
INFO: Run Behavior\BuildLiteBehavior [ RunTime:0.000000s ]
INFO: [ app_init ] --END-- [ RunTime:0.001000s ]
INFO: [ app_begin ] --START--
INFO: Run Behavior\ReadHtmlCacheBehavior [ RunTime:0.001000s ]
INFO: [ app_begin ] --END-- [ RunTime:0.001000s ]

[ 2017-01-11T13:53:40+08:00 ] ::1 /VRAppItem/index.php/Api/Home/carouselFigure
INFO: [ app_init ] --START--
INFO: Run Behavior\BuildLiteBehavior [ RunTime:0.000000s ]
INFO: [ app_init ] --END-- [ RunTime:0.001000s ]
INFO: [ app_begin ] --START--
INFO: Run Behavior\ReadHtmlCacheBehavior [ RunTime:0.001000s ]
INFO: [ app_begin ] --END-- [ RunTime:0.001000s ]

[ 2017-01-11T13:53:55+08:00 ] ::1 /VRAppItem/index.php/Api/Home/carouselFigure
INFO: [ app_init ] --START--
INFO: Run Behavior\BuildLiteBehavior [ RunTime:0.000000s ]
INFO: [ app_init ] --END-- [ RunTime:0.001000s ]
INFO: [ app_begin ] --START--
INFO: Run Behavior\ReadHtmlCacheBehavior [ RunTime:0.001000s ]
INFO: [ app_begin ] --END-- [ RunTime:0.001000s ]
SQL: SHOW COLUMNS FROM `vr_carouselfigure` [ RunTime:0.0020s ]
SQL: SHOW COLUMNS FROM `vr_class` [ RunTime:0.0020s ]
SQL: SHOW COLUMNS FROM `vr_label` [ RunTime:0.0030s ]
SQL: SHOW COLUMNS FROM `vr_lab_cla` [ RunTime:0.0020s ]
SQL: SHOW COLUMNS FROM `vr_admin` [ RunTime:0.0020s ]
SQL: SHOW COLUMNS FROM `vr_video` [ RunTime:0.0020s ]
SQL: SHOW COLUMNS FROM `vr_vid_lab` [ RunTime:0.0020s ]
SQL: SHOW COLUMNS FROM `vr_user` [ RunTime:0.0020s ]
SQL: SHOW COLUMNS FROM `vr_userdetail` [ RunTime:0.0020s ]
SQL: SHOW COLUMNS FROM `vr_facility` [ RunTime:0.0020s ]
SQL: SELECT * FROM `vr_carouselfigure`  [ RunTime:0.0000s ]
NOTIC: [8] Undefined variable: carousel_figure D:\Install\wamp\www\VRAppItem\VRAppItem\Api\Controller\HomeController.class.php 第 27 行.
INFO: [ app_end ] --START--
INFO: Run Behavior\ShowPageTraceBehavior [ RunTime:0.001000s ]
INFO: [ app_end ] --END-- [ RunTime:0.001000s ]

[ 2017-01-11T13:54:15+08:00 ] ::1 /VRAppItem/index.php/Api/Home/carouselFigure
INFO: [ app_init ] --START--
INFO: Run Behavior\BuildLiteBehavior [ RunTime:0.000000s ]
INFO: [ app_init ] --END-- [ RunTime:0.001000s ]
INFO: [ app_begin ] --START--
INFO: Run Behavior\ReadHtmlCacheBehavior [ RunTime:0.001000s ]
INFO: [ app_begin ] --END-- [ RunTime:0.001000s ]
SQL: SHOW COLUMNS FROM `vr_carouselfigure` [ RunTime:0.0040s ]
SQL: SHOW COLUMNS FROM `vr_class` [ RunTime:0.0050s ]
SQL: SHOW COLUMNS FROM `vr_label` [ RunTime:0.0040s ]
SQL: SHOW COLUMNS FROM `vr_lab_cla` [ RunTime:0.0040s ]
SQL: SHOW COLUMNS FROM `vr_admin` [ RunTime:0.0040s ]
SQL: SHOW COLUMNS FROM `vr_video` [ RunTime:0.0020s ]
SQL: SHOW COLUMNS FROM `vr_vid_lab` [ RunTime:0.0030s ]
SQL: SHOW COLUMNS FROM `vr_user` [ RunTime:0.0030s ]
SQL: SHOW COLUMNS FROM `vr_userdetail` [ RunTime:0.0030s ]
SQL: SHOW COLUMNS FROM `vr_facility` [ RunTime:0.0030s ]
SQL: SELECT * FROM `vr_carouselfigure`  [ RunTime:0.0010s ]
INFO: [ app_end ] --START--
INFO: Run Behavior\ShowPageTraceBehavior [ RunTime:0.001000s ]
INFO: [ app_end ] --END-- [ RunTime:0.001000s ]

[ 2017-01-11T13:55:51+08:00 ] ::1 /VRAppItem/index.php/Api/Home/carouselFigure
INFO: [ app_init ] --START--
INFO: Run Behavior\BuildLiteBehavior [ RunTime:0.000000s ]
INFO: [ app_init ] --END-- [ RunTime:0.001000s ]
INFO: [ app_begin ] --START--
INFO: Run Behavior\ReadHtmlCacheBehavior [ RunTime:0.001000s ]
INFO: [ app_begin ] --END-- [ RunTime:0.001000s ]
SQL: SHOW COLUMNS FROM `vr_carouselfigure` [ RunTime:0.0030s ]
SQL: SHOW COLUMNS FROM `vr_class` [ RunTime:0.0020s ]
SQL: SHOW COLUMNS FROM `vr_label` [ RunTime:0.0030s ]
SQL: SHOW COLUMNS FROM `vr_lab_cla` [ RunTime:0.0030s ]
SQL: SHOW COLUMNS FROM `vr_admin` [ RunTime:0.0030s ]
SQL: SHOW COLUMNS FROM `vr_video` [ RunTime:0.0030s ]
SQL: SHOW COLUMNS FROM `vr_vid_lab` [ RunTime:0.0030s ]
SQL: SHOW COLUMNS FROM `vr_user` [ RunTime:0.0030s ]
SQL: SHOW COLUMNS FROM `vr_userdetail` [ RunTime:0.0030s ]
SQL: SHOW COLUMNS FROM `vr_facility` [ RunTime:0.0030s ]
SQL: SELECT * FROM `vr_carouselfigure` WHERE ( status = 1 ) ORDER BY oid desc  [ RunTime:0.0000s ]
INFO: [ app_end ] --START--
INFO: Run Behavior\ShowPageTraceBehavior [ RunTime:0.001000s ]
INFO: [ app_end ] --END-- [ RunTime:0.001000s ]

[ 2017-01-11T13:55:55+08:00 ] ::1 /VRAppItem/index.php/Api/Home/carouselFigure
INFO: [ app_init ] --START--
INFO: Run Behavior\BuildLiteBehavior [ RunTime:0.000000s ]
INFO: [ app_init ] --END-- [ RunTime:0.001000s ]
INFO: [ app_begin ] --START--
INFO: Run Behavior\ReadHtmlCacheBehavior [ RunTime:0.001000s ]
INFO: [ app_begin ] --END-- [ RunTime:0.001000s ]
SQL: SHOW COLUMNS FROM `vr_carouselfigure` [ RunTime:0.0020s ]
SQL: SHOW COLUMNS FROM `vr_class` [ RunTime:0.0020s ]
SQL: SHOW COLUMNS FROM `vr_label` [ RunTime:0.0030s ]
SQL: SHOW COLUMNS FROM `vr_lab_cla` [ RunTime:0.0020s ]
SQL: SHOW COLUMNS FROM `vr_admin` [ RunTime:0.0020s ]
SQL: SHOW COLUMNS FROM `vr_video` [ RunTime:0.0020s ]
SQL: SHOW COLUMNS FROM `vr_vid_lab` [ RunTime:0.0010s ]
SQL: SHOW COLUMNS FROM `vr_user` [ RunTime:0.0020s ]
SQL: SHOW COLUMNS FROM `vr_userdetail` [ RunTime:0.0020s ]
SQL: SHOW COLUMNS FROM `vr_facility` [ RunTime:0.0020s ]
SQL: SELECT * FROM `vr_carouselfigure` WHERE ( status = 1 ) ORDER BY oid desc  [ RunTime:0.0010s ]
INFO: [ app_end ] --START--
INFO: Run Behavior\ShowPageTraceBehavior [ RunTime:0.001000s ]
INFO: [ app_end ] --END-- [ RunTime:0.001000s ]

[ 2017-01-11T14:00:07+08:00 ] ::1 /VRAppItem/index.php/Api/Home/carouselFigure
INFO: [ app_init ] --START--
INFO: Run Behavior\BuildLiteBehavior [ RunTime:0.000000s ]
INFO: [ app_init ] --END-- [ RunTime:0.001000s ]
INFO: [ app_begin ] --START--
INFO: Run Behavior\ReadHtmlCacheBehavior [ RunTime:0.002000s ]
INFO: [ app_begin ] --END-- [ RunTime:0.002000s ]
SQL: SHOW COLUMNS FROM `vr_carouselfigure` [ RunTime:0.0030s ]
SQL: SHOW COLUMNS FROM `vr_class` [ RunTime:0.0030s ]
SQL: SHOW COLUMNS FROM `vr_label` [ RunTime:0.0030s ]
SQL: SHOW COLUMNS FROM `vr_lab_cla` [ RunTime:0.0040s ]
SQL: SHOW COLUMNS FROM `vr_admin` [ RunTime:0.0030s ]
SQL: SHOW COLUMNS FROM `vr_video` [ RunTime:0.0030s ]
SQL: SHOW COLUMNS FROM `vr_vid_lab` [ RunTime:0.0030s ]
SQL: SHOW COLUMNS FROM `vr_user` [ RunTime:0.0040s ]
SQL: SHOW COLUMNS FROM `vr_userdetail` [ RunTime:0.0030s ]
SQL: SHOW COLUMNS FROM `vr_facility` [ RunTime:0.0030s ]
SQL: SELECT `id`,`title`,`data`,`path`,from_unixtime(addtime,'%Y-%m-%d'),`describe`,`type` FROM `vr_carouselfigure` WHERE ( status = 1 ) ORDER BY oid desc  [ RunTime:0.0010s ]
INFO: [ app_end ] --START--
INFO: Run Behavior\ShowPageTraceBehavior [ RunTime:0.001000s ]
INFO: [ app_end ] --END-- [ RunTime:0.001000s ]

[ 2017-01-11T14:00:27+08:00 ] ::1 /VRAppItem/index.php/Api/Home/carouselFigure
INFO: [ app_init ] --START--
INFO: Run Behavior\BuildLiteBehavior [ RunTime:0.000000s ]
INFO: [ app_init ] --END-- [ RunTime:0.001000s ]
INFO: [ app_begin ] --START--
INFO: Run Behavior\ReadHtmlCacheBehavior [ RunTime:0.001000s ]
INFO: [ app_begin ] --END-- [ RunTime:0.001000s ]
SQL: SHOW COLUMNS FROM `vr_carouselfigure` [ RunTime:0.0020s ]
SQL: SHOW COLUMNS FROM `vr_class` [ RunTime:0.0020s ]
SQL: SHOW COLUMNS FROM `vr_label` [ RunTime:0.0020s ]
SQL: SHOW COLUMNS FROM `vr_lab_cla` [ RunTime:0.0020s ]
SQL: SHOW COLUMNS FROM `vr_admin` [ RunTime:0.0030s ]
SQL: SHOW COLUMNS FROM `vr_video` [ RunTime:0.0030s ]
SQL: SHOW COLUMNS FROM `vr_vid_lab` [ RunTime:0.0020s ]
SQL: SHOW COLUMNS FROM `vr_user` [ RunTime:0.0030s ]
SQL: SHOW COLUMNS FROM `vr_userdetail` [ RunTime:0.0030s ]
SQL: SHOW COLUMNS FROM `vr_facility` [ RunTime:0.0020s ]
SQL: SELECT `id`,`title`,`data`,`path`,from_unixtime(addtime,'%Y-%m-%d')addTime,`describe`,`type` FROM `vr_carouselfigure` WHERE ( status = 1 ) ORDER BY oid desc  [ RunTime:0.0000s ]
INFO: [ app_end ] --START--
INFO: Run Behavior\ShowPageTraceBehavior [ RunTime:0.000000s ]
INFO: [ app_end ] --END-- [ RunTime:0.001000s ]

[ 2017-01-11T14:00:40+08:00 ] ::1 /VRAppItem/index.php/Api/Home/carouselFigure
INFO: [ app_init ] --START--
INFO: Run Behavior\BuildLiteBehavior [ RunTime:0.000000s ]
INFO: [ app_init ] --END-- [ RunTime:0.000000s ]
INFO: [ app_begin ] --START--
INFO: Run Behavior\ReadHtmlCacheBehavior [ RunTime:0.001000s ]
INFO: [ app_begin ] --END-- [ RunTime:0.001000s ]
SQL: SHOW COLUMNS FROM `vr_carouselfigure` [ RunTime:0.0030s ]
SQL: SHOW COLUMNS FROM `vr_class` [ RunTime:0.0020s ]
SQL: SHOW COLUMNS FROM `vr_label` [ RunTime:0.0020s ]
SQL: SHOW COLUMNS FROM `vr_lab_cla` [ RunTime:0.0020s ]
SQL: SHOW COLUMNS FROM `vr_admin` [ RunTime:0.0030s ]
SQL: SHOW COLUMNS FROM `vr_video` [ RunTime:0.0020s ]
SQL: SHOW COLUMNS FROM `vr_vid_lab` [ RunTime:0.0020s ]
SQL: SHOW COLUMNS FROM `vr_user` [ RunTime:0.0020s ]
SQL: SHOW COLUMNS FROM `vr_userdetail` [ RunTime:0.0020s ]
SQL: SHOW COLUMNS FROM `vr_facility` [ RunTime:0.0020s ]
SQL: SELECT `id`,`title`,`data`,`path`,from_unixtime(addtime,'%Y-%m-%d')addTime,`describe`,`type` FROM `vr_carouselfigure` WHERE ( status = 1 ) ORDER BY oid desc  [ RunTime:0.0000s ]
INFO: [ app_end ] --START--
INFO: Run Behavior\ShowPageTraceBehavior [ RunTime:0.000000s ]
INFO: [ app_end ] --END-- [ RunTime:0.001000s ]

[ 2017-01-11T14:00:53+08:00 ] ::1 /VRAppItem/index.php/Api/Home/carouselFigure
INFO: [ app_init ] --START--
INFO: Run Behavior\BuildLiteBehavior [ RunTime:0.000000s ]
INFO: [ app_init ] --END-- [ RunTime:0.001000s ]
INFO: [ app_begin ] --START--
INFO: Run Behavior\ReadHtmlCacheBehavior [ RunTime:0.001000s ]
INFO: [ app_begin ] --END-- [ RunTime:0.001000s ]
SQL: SHOW COLUMNS FROM `vr_carouselfigure` [ RunTime:0.0020s ]
SQL: SHOW COLUMNS FROM `vr_class` [ RunTime:0.0020s ]
SQL: SHOW COLUMNS FROM `vr_label` [ RunTime:0.0030s ]
SQL: SHOW COLUMNS FROM `vr_lab_cla` [ RunTime:0.0020s ]
SQL: SHOW COLUMNS FROM `vr_admin` [ RunTime:0.0020s ]
SQL: SHOW COLUMNS FROM `vr_video` [ RunTime:0.0030s ]
SQL: SHOW COLUMNS FROM `vr_vid_lab` [ RunTime:0.0020s ]
SQL: SHOW COLUMNS FROM `vr_user` [ RunTime:0.0020s ]
SQL: SHOW COLUMNS FROM `vr_userdetail` [ RunTime:0.0020s ]
SQL: SHOW COLUMNS FROM `vr_facility` [ RunTime:0.0030s ]
SQL: SELECT `id`,`title`,`data`,`path`,from_unixtime(addtime,'%Y-%m-%d')addTime,`describe`,`type` FROM `vr_carouselfigure` WHERE ( status = 1 ) ORDER BY oid desc  [ RunTime:0.0010s ]
INFO: [ app_end ] --START--
INFO: Run Behavior\ShowPageTraceBehavior [ RunTime:0.000000s ]
INFO: [ app_end ] --END-- [ RunTime:0.000000s ]

[ 2017-01-11T14:00:54+08:00 ] ::1 /VRAppItem/index.php/Api/Home/carouselFigure
INFO: [ app_init ] --START--
INFO: Run Behavior\BuildLiteBehavior [ RunTime:0.000000s ]
INFO: [ app_init ] --END-- [ RunTime:0.001000s ]
INFO: [ app_begin ] --START--
INFO: Run Behavior\ReadHtmlCacheBehavior [ RunTime:0.000000s ]
INFO: [ app_begin ] --END-- [ RunTime:0.002000s ]
SQL: SHOW COLUMNS FROM `vr_carouselfigure` [ RunTime:0.0050s ]
SQL: SHOW COLUMNS FROM `vr_class` [ RunTime:0.0040s ]
SQL: SHOW COLUMNS FROM `vr_label` [ RunTime:0.0040s ]
SQL: SHOW COLUMNS FROM `vr_lab_cla` [ RunTime:0.0040s ]
SQL: SHOW COLUMNS FROM `vr_admin` [ RunTime:0.0040s ]
SQL: SHOW COLUMNS FROM `vr_video` [ RunTime:0.0030s ]
SQL: SHOW COLUMNS FROM `vr_vid_lab` [ RunTime:0.0040s ]
SQL: SHOW COLUMNS FROM `vr_user` [ RunTime:0.0020s ]
SQL: SHOW COLUMNS FROM `vr_userdetail` [ RunTime:0.0020s ]
SQL: SHOW COLUMNS FROM `vr_facility` [ RunTime:0.0020s ]
SQL: SELECT `id`,`title`,`data`,`path`,from_unixtime(addtime,'%Y-%m-%d')addTime,`describe`,`type` FROM `vr_carouselfigure` WHERE ( status = 1 ) ORDER BY oid desc  [ RunTime:0.0000s ]
INFO: [ app_end ] --START--
INFO: Run Behavior\ShowPageTraceBehavior [ RunTime:0.000000s ]
INFO: [ app_end ] --END-- [ RunTime:0.000000s ]

[ 2017-01-11T14:00:54+08:00 ] ::1 /VRAppItem/index.php/Api/Home/carouselFigure
INFO: [ app_init ] --START--
INFO: Run Behavior\BuildLiteBehavior [ RunTime:0.000000s ]
INFO: [ app_init ] --END-- [ RunTime:0.001000s ]
INFO: [ app_begin ] --START--
INFO: Run Behavior\ReadHtmlCacheBehavior [ RunTime:0.000000s ]
INFO: [ app_begin ] --END-- [ RunTime:0.001000s ]
SQL: SHOW COLUMNS FROM `vr_carouselfigure` [ RunTime:0.0040s ]
SQL: SHOW COLUMNS FROM `vr_class` [ RunTime:0.0020s ]
SQL: SHOW COLUMNS FROM `vr_label` [ RunTime:0.0020s ]
SQL: SHOW COLUMNS FROM `vr_lab_cla` [ RunTime:0.0030s ]
SQL: SHOW COLUMNS FROM `vr_admin` [ RunTime:0.0040s ]
SQL: SHOW COLUMNS FROM `vr_video` [ RunTime:0.0020s ]
SQL: SHOW COLUMNS FROM `vr_vid_lab` [ RunTime:0.0020s ]
SQL: SHOW COLUMNS FROM `vr_user` [ RunTime:0.0020s ]
SQL: SHOW COLUMNS FROM `vr_userdetail` [ RunTime:0.0030s ]
SQL: SHOW COLUMNS FROM `vr_facility` [ RunTime:0.0020s ]
SQL: SELECT `id`,`title`,`data`,`path`,from_unixtime(addtime,'%Y-%m-%d')addTime,`describe`,`type` FROM `vr_carouselfigure` WHERE ( status = 1 ) ORDER BY oid desc  [ RunTime:0.0000s ]
INFO: [ app_end ] --START--
INFO: Run Behavior\ShowPageTraceBehavior [ RunTime:0.000000s ]
INFO: [ app_end ] --END-- [ RunTime:0.001000s ]

[ 2017-01-11T14:00:54+08:00 ] ::1 /VRAppItem/index.php/Api/Home/carouselFigure
INFO: [ app_init ] --START--
INFO: Run Behavior\BuildLiteBehavior [ RunTime:0.000000s ]
INFO: [ app_init ] --END-- [ RunTime:0.001000s ]
INFO: [ app_begin ] --START--
INFO: Run Behavior\ReadHtmlCacheBehavior [ RunTime:0.002000s ]
INFO: [ app_begin ] --END-- [ RunTime:0.002000s ]
SQL: SHOW COLUMNS FROM `vr_carouselfigure` [ RunTime:0.0030s ]
SQL: SHOW COLUMNS FROM `vr_class` [ RunTime:0.0030s ]
SQL: SHOW COLUMNS FROM `vr_label` [ RunTime:0.0030s ]
SQL: SHOW COLUMNS FROM `vr_lab_cla` [ RunTime:0.0030s ]
SQL: SHOW COLUMNS FROM `vr_admin` [ RunTime:0.0030s ]
SQL: SHOW COLUMNS FROM `vr_video` [ RunTime:0.0020s ]
SQL: SHOW COLUMNS FROM `vr_vid_lab` [ RunTime:0.0030s ]
SQL: SHOW COLUMNS FROM `vr_user` [ RunTime:0.0020s ]
SQL: SHOW COLUMNS FROM `vr_userdetail` [ RunTime:0.0030s ]
SQL: SHOW COLUMNS FROM `vr_facility` [ RunTime:0.0010s ]
SQL: SELECT `id`,`title`,`data`,`path`,from_unixtime(addtime,'%Y-%m-%d')addTime,`describe`,`type` FROM `vr_carouselfigure` WHERE ( status = 1 ) ORDER BY oid desc  [ RunTime:0.0010s ]
INFO: [ app_end ] --START--
INFO: Run Behavior\ShowPageTraceBehavior [ RunTime:0.000000s ]
INFO: [ app_end ] --END-- [ RunTime:0.000000s ]

[ 2017-01-11T14:00:55+08:00 ] ::1 /VRAppItem/index.php/Api/Home/carouselFigure
INFO: [ app_init ] --START--
INFO: Run Behavior\BuildLiteBehavior [ RunTime:0.000000s ]
INFO: [ app_init ] --END-- [ RunTime:0.001000s ]
INFO: [ app_begin ] --START--
INFO: Run Behavior\ReadHtmlCacheBehavior [ RunTime:0.001000s ]
INFO: [ app_begin ] --END-- [ RunTime:0.002000s ]
SQL: SHOW COLUMNS FROM `vr_carouselfigure` [ RunTime:0.0060s ]
SQL: SHOW COLUMNS FROM `vr_class` [ RunTime:0.0060s ]
SQL: SHOW COLUMNS FROM `vr_label` [ RunTime:0.0050s ]
SQL: SHOW COLUMNS FROM `vr_lab_cla` [ RunTime:0.0080s ]
SQL: SHOW COLUMNS FROM `vr_admin` [ RunTime:0.0060s ]
SQL: SHOW COLUMNS FROM `vr_video` [ RunTime:0.0070s ]
SQL: SHOW COLUMNS FROM `vr_vid_lab` [ RunTime:0.0050s ]
SQL: SHOW COLUMNS FROM `vr_user` [ RunTime:0.0070s ]
SQL: SHOW COLUMNS FROM `vr_userdetail` [ RunTime:0.0040s ]
SQL: SHOW COLUMNS FROM `vr_facility` [ RunTime:0.0040s ]
SQL: SELECT `id`,`title`,`data`,`path`,from_unixtime(addtime,'%Y-%m-%d')addTime,`describe`,`type` FROM `vr_carouselfigure` WHERE ( status = 1 ) ORDER BY oid desc  [ RunTime:0.0010s ]
INFO: [ app_end ] --START--
INFO: Run Behavior\ShowPageTraceBehavior [ RunTime:0.001000s ]
INFO: [ app_end ] --END-- [ RunTime:0.001000s ]

[ 2017-01-11T14:00:55+08:00 ] ::1 /VRAppItem/index.php/Api/Home/carouselFigure
INFO: [ app_init ] --START--
INFO: Run Behavior\BuildLiteBehavior [ RunTime:0.000000s ]
INFO: [ app_init ] --END-- [ RunTime:0.000000s ]
INFO: [ app_begin ] --START--
INFO: Run Behavior\ReadHtmlCacheBehavior [ RunTime:0.001000s ]
INFO: [ app_begin ] --END-- [ RunTime:0.001000s ]
SQL: SHOW COLUMNS FROM `vr_carouselfigure` [ RunTime:0.0030s ]
SQL: SHOW COLUMNS FROM `vr_class` [ RunTime:0.0030s ]
SQL: SHOW COLUMNS FROM `vr_label` [ RunTime:0.0020s ]
SQL: SHOW COLUMNS FROM `vr_lab_cla` [ RunTime:0.0020s ]
SQL: SHOW COLUMNS FROM `vr_admin` [ RunTime:0.0030s ]
SQL: SHOW COLUMNS FROM `vr_video` [ RunTime:0.0030s ]
SQL: SHOW COLUMNS FROM `vr_vid_lab` [ RunTime:0.0030s ]
SQL: SHOW COLUMNS FROM `vr_user` [ RunTime:0.0030s ]
SQL: SHOW COLUMNS FROM `vr_userdetail` [ RunTime:0.0020s ]
SQL: SHOW COLUMNS FROM `vr_facility` [ RunTime:0.0030s ]
SQL: SELECT `id`,`title`,`data`,`path`,from_unixtime(addtime,'%Y-%m-%d')addTime,`describe`,`type` FROM `vr_carouselfigure` WHERE ( status = 1 ) ORDER BY oid desc  [ RunTime:0.0000s ]
INFO: [ app_end ] --START--
INFO: Run Behavior\ShowPageTraceBehavior [ RunTime:0.001000s ]
INFO: [ app_end ] --END-- [ RunTime:0.001000s ]

[ 2017-01-11T14:00:55+08:00 ] ::1 /VRAppItem/index.php/Api/Home/carouselFigure
INFO: [ app_init ] --START--
INFO: Run Behavior\BuildLiteBehavior [ RunTime:0.000000s ]
INFO: [ app_init ] --END-- [ RunTime:0.000000s ]
INFO: [ app_begin ] --START--
INFO: Run Behavior\ReadHtmlCacheBehavior [ RunTime:0.000000s ]
INFO: [ app_begin ] --END-- [ RunTime:0.000000s ]
SQL: SHOW COLUMNS FROM `vr_carouselfigure` [ RunTime:0.0020s ]
SQL: SHOW COLUMNS FROM `vr_class` [ RunTime:0.0020s ]
SQL: SHOW COLUMNS FROM `vr_label` [ RunTime:0.0020s ]
SQL: SHOW COLUMNS FROM `vr_lab_cla` [ RunTime:0.0030s ]
SQL: SHOW COLUMNS FROM `vr_admin` [ RunTime:0.0020s ]
SQL: SHOW COLUMNS FROM `vr_video` [ RunTime:0.0020s ]
SQL: SHOW COLUMNS FROM `vr_vid_lab` [ RunTime:0.0010s ]
SQL: SHOW COLUMNS FROM `vr_user` [ RunTime:0.0020s ]
SQL: SHOW COLUMNS FROM `vr_userdetail` [ RunTime:0.0020s ]
SQL: SHOW COLUMNS FROM `vr_facility` [ RunTime:0.0020s ]
SQL: SELECT `id`,`title`,`data`,`path`,from_unixtime(addtime,'%Y-%m-%d')addTime,`describe`,`type` FROM `vr_carouselfigure` WHERE ( status = 1 ) ORDER BY oid desc  [ RunTime:0.0010s ]
INFO: [ app_end ] --START--
INFO: Run Behavior\ShowPageTraceBehavior [ RunTime:0.000000s ]
INFO: [ app_end ] --END-- [ RunTime:0.000000s ]

[ 2017-01-11T14:00:55+08:00 ] ::1 /VRAppItem/index.php/Api/Home/carouselFigure
INFO: [ app_init ] --START--
INFO: Run Behavior\BuildLiteBehavior [ RunTime:0.000000s ]
INFO: [ app_init ] --END-- [ RunTime:0.001000s ]
INFO: [ app_begin ] --START--
INFO: Run Behavior\ReadHtmlCacheBehavior [ RunTime:0.001000s ]
INFO: [ app_begin ] --END-- [ RunTime:0.001000s ]
SQL: SHOW COLUMNS FROM `vr_carouselfigure` [ RunTime:0.0020s ]
SQL: SHOW COLUMNS FROM `vr_class` [ RunTime:0.0020s ]
SQL: SHOW COLUMNS FROM `vr_label` [ RunTime:0.0020s ]
SQL: SHOW COLUMNS FROM `vr_lab_cla` [ RunTime:0.0020s ]
SQL: SHOW COLUMNS FROM `vr_admin` [ RunTime:0.0030s ]
SQL: SHOW COLUMNS FROM `vr_video` [ RunTime:0.0020s ]
SQL: SHOW COLUMNS FROM `vr_vid_lab` [ RunTime:0.0030s ]
SQL: SHOW COLUMNS FROM `vr_user` [ RunTime:0.0020s ]
SQL: SHOW COLUMNS FROM `vr_userdetail` [ RunTime:0.0020s ]
SQL: SHOW COLUMNS FROM `vr_facility` [ RunTime:0.0020s ]
SQL: SELECT `id`,`title`,`data`,`path`,from_unixtime(addtime,'%Y-%m-%d')addTime,`describe`,`type` FROM `vr_carouselfigure` WHERE ( status = 1 ) ORDER BY oid desc  [ RunTime:0.0000s ]
INFO: [ app_end ] --START--
INFO: Run Behavior\ShowPageTraceBehavior [ RunTime:0.001000s ]
INFO: [ app_end ] --END-- [ RunTime:0.001000s ]

[ 2017-01-11T14:02:27+08:00 ] ::1 /VRAppItem/index.php/Api/Home/carouselFigure
INFO: [ app_init ] --START--
INFO: Run Behavior\BuildLiteBehavior [ RunTime:0.000000s ]
INFO: [ app_init ] --END-- [ RunTime:0.001000s ]
INFO: [ app_begin ] --START--
INFO: Run Behavior\ReadHtmlCacheBehavior [ RunTime:0.001000s ]
INFO: [ app_begin ] --END-- [ RunTime:0.001000s ]

[ 2017-01-11T14:02:45+08:00 ] ::1 /VRAppItem/index.php/Api/Home/carouselFigure
INFO: [ app_init ] --START--
INFO: Run Behavior\BuildLiteBehavior [ RunTime:0.000000s ]
INFO: [ app_init ] --END-- [ RunTime:0.001000s ]
INFO: [ app_begin ] --START--
INFO: Run Behavior\ReadHtmlCacheBehavior [ RunTime:0.001000s ]
INFO: [ app_begin ] --END-- [ RunTime:0.001000s ]

[ 2017-01-11T14:02:45+08:00 ] ::1 /VRAppItem/index.php/Api/Home/carouselFigure
INFO: [ app_init ] --START--
INFO: Run Behavior\BuildLiteBehavior [ RunTime:0.000000s ]
INFO: [ app_init ] --END-- [ RunTime:0.001000s ]
INFO: [ app_begin ] --START--
INFO: Run Behavior\ReadHtmlCacheBehavior [ RunTime:0.001000s ]
INFO: [ app_begin ] --END-- [ RunTime:0.001000s ]

[ 2017-01-11T14:02:46+08:00 ] ::1 /VRAppItem/index.php/Api/Home/carouselFigure
INFO: [ app_init ] --START--
INFO: Run Behavior\BuildLiteBehavior [ RunTime:0.000000s ]
INFO: [ app_init ] --END-- [ RunTime:0.000000s ]
INFO: [ app_begin ] --START--
INFO: Run Behavior\ReadHtmlCacheBehavior [ RunTime:0.001000s ]
INFO: [ app_begin ] --END-- [ RunTime:0.001000s ]

[ 2017-01-11T14:02:46+08:00 ] ::1 /VRAppItem/index.php/Api/Home/carouselFigure
INFO: [ app_init ] --START--
INFO: Run Behavior\BuildLiteBehavior [ RunTime:0.000000s ]
INFO: [ app_init ] --END-- [ RunTime:0.002000s ]
INFO: [ app_begin ] --START--
INFO: Run Behavior\ReadHtmlCacheBehavior [ RunTime:0.002000s ]
INFO: [ app_begin ] --END-- [ RunTime:0.002000s ]

[ 2017-01-11T14:03:54+08:00 ] ::1 /VRAppItem/index.php/Api/Home/carouselFigure
INFO: [ app_init ] --START--
INFO: Run Behavior\BuildLiteBehavior [ RunTime:0.000000s ]
INFO: [ app_init ] --END-- [ RunTime:0.002000s ]
INFO: [ app_begin ] --START--
INFO: Run Behavior\ReadHtmlCacheBehavior [ RunTime:0.001000s ]
INFO: [ app_begin ] --END-- [ RunTime:0.001000s ]
SQL: SHOW COLUMNS FROM `vr_carouselfigure` [ RunTime:0.0040s ]
SQL: SHOW COLUMNS FROM `vr_class` [ RunTime:0.0030s ]
SQL: SHOW COLUMNS FROM `vr_label` [ RunTime:0.0030s ]
SQL: SHOW COLUMNS FROM `vr_lab_cla` [ RunTime:0.0030s ]
SQL: SHOW COLUMNS FROM `vr_admin` [ RunTime:0.0030s ]
SQL: SHOW COLUMNS FROM `vr_video` [ RunTime:0.0030s ]
SQL: SHOW COLUMNS FROM `vr_vid_lab` [ RunTime:0.0030s ]
SQL: SHOW COLUMNS FROM `vr_user` [ RunTime:0.0030s ]
SQL: SHOW COLUMNS FROM `vr_userdetail` [ RunTime:0.0030s ]
SQL: SHOW COLUMNS FROM `vr_facility` [ RunTime:0.0020s ]
ERR: SQLSTATE[42S22]: Column not found: 1054 Champ 'PATH_IMG' inconnu dans field list

[ 2017-01-11T14:04:13+08:00 ] ::1 /VRAppItem/index.php/Api/Home/carouselFigure
INFO: [ app_init ] --START--
INFO: Run Behavior\BuildLiteBehavior [ RunTime:0.001000s ]
INFO: [ app_init ] --END-- [ RunTime:0.001000s ]
INFO: [ app_begin ] --START--
INFO: Run Behavior\ReadHtmlCacheBehavior [ RunTime:0.000000s ]
INFO: [ app_begin ] --END-- [ RunTime:0.001000s ]
SQL: SHOW COLUMNS FROM `vr_carouselfigure` [ RunTime:0.0030s ]
SQL: SHOW COLUMNS FROM `vr_class` [ RunTime:0.0030s ]
SQL: SHOW COLUMNS FROM `vr_label` [ RunTime:0.0030s ]
SQL: SHOW COLUMNS FROM `vr_lab_cla` [ RunTime:0.0030s ]
SQL: SHOW COLUMNS FROM `vr_admin` [ RunTime:0.0020s ]
SQL: SHOW COLUMNS FROM `vr_video` [ RunTime:0.0030s ]
SQL: SHOW COLUMNS FROM `vr_vid_lab` [ RunTime:0.0020s ]
SQL: SHOW COLUMNS FROM `vr_user` [ RunTime:0.0020s ]
SQL: SHOW COLUMNS FROM `vr_userdetail` [ RunTime:0.0030s ]
SQL: SHOW COLUMNS FROM `vr_facility` [ RunTime:0.0030s ]
SQL: SELECT `id`,`title`,`data`,concat('PATH_IMG',path),from_unixtime(addtime,'%Y-%m-%d')addTime,`describe`,`type` FROM `vr_carouselfigure` WHERE ( status = 1 ) ORDER BY oid desc  [ RunTime:0.0000s ]
INFO: [ app_end ] --START--
INFO: Run Behavior\ShowPageTraceBehavior [ RunTime:0.001000s ]
INFO: [ app_end ] --END-- [ RunTime:0.001000s ]

[ 2017-01-11T14:04:46+08:00 ] ::1 /VRAppItem/index.php/Api/Home/carouselFigure
INFO: [ app_init ] --START--
INFO: Run Behavior\BuildLiteBehavior [ RunTime:0.000000s ]
INFO: [ app_init ] --END-- [ RunTime:0.001000s ]
INFO: [ app_begin ] --START--
INFO: Run Behavior\ReadHtmlCacheBehavior [ RunTime:0.001000s ]
INFO: [ app_begin ] --END-- [ RunTime:0.001000s ]
SQL: SHOW COLUMNS FROM `vr_carouselfigure` [ RunTime:0.0020s ]
SQL: SHOW COLUMNS FROM `vr_class` [ RunTime:0.0020s ]
SQL: SHOW COLUMNS FROM `vr_label` [ RunTime:0.0030s ]
SQL: SHOW COLUMNS FROM `vr_lab_cla` [ RunTime:0.0020s ]
SQL: SHOW COLUMNS FROM `vr_admin` [ RunTime:0.0020s ]
SQL: SHOW COLUMNS FROM `vr_video` [ RunTime:0.0020s ]
SQL: SHOW COLUMNS FROM `vr_vid_lab` [ RunTime:0.0010s ]
SQL: SHOW COLUMNS FROM `vr_user` [ RunTime:0.0020s ]
SQL: SHOW COLUMNS FROM `vr_userdetail` [ RunTime:0.0030s ]
SQL: SHOW COLUMNS FROM `vr_facility` [ RunTime:0.0030s ]
SQL: SELECT `id`,`title`,`data`,concat('192.168.31.219',path),from_unixtime(addtime,'%Y-%m-%d')addTime,`describe`,`type` FROM `vr_carouselfigure` WHERE ( status = 1 ) ORDER BY oid desc  [ RunTime:0.0010s ]
INFO: [ app_end ] --START--
INFO: Run Behavior\ShowPageTraceBehavior [ RunTime:0.001000s ]
INFO: [ app_end ] --END-- [ RunTime:0.001000s ]

[ 2017-01-11T14:04:57+08:00 ] ::1 /VRAppItem/index.php/Api/Home/carouselFigure
INFO: [ app_init ] --START--
INFO: Run Behavior\BuildLiteBehavior [ RunTime:0.000000s ]
INFO: [ app_init ] --END-- [ RunTime:0.001000s ]
INFO: [ app_begin ] --START--
INFO: Run Behavior\ReadHtmlCacheBehavior [ RunTime:0.001000s ]
INFO: [ app_begin ] --END-- [ RunTime:0.001000s ]
SQL: SHOW COLUMNS FROM `vr_carouselfigure` [ RunTime:0.0030s ]
SQL: SHOW COLUMNS FROM `vr_class` [ RunTime:0.0030s ]
SQL: SHOW COLUMNS FROM `vr_label` [ RunTime:0.0020s ]
SQL: SHOW COLUMNS FROM `vr_lab_cla` [ RunTime:0.0030s ]
SQL: SHOW COLUMNS FROM `vr_admin` [ RunTime:0.0030s ]
SQL: SHOW COLUMNS FROM `vr_video` [ RunTime:0.0030s ]
SQL: SHOW COLUMNS FROM `vr_vid_lab` [ RunTime:0.0030s ]
SQL: SHOW COLUMNS FROM `vr_user` [ RunTime:0.0030s ]
SQL: SHOW COLUMNS FROM `vr_userdetail` [ RunTime:0.0030s ]
SQL: SHOW COLUMNS FROM `vr_facility` [ RunTime:0.0030s ]
SQL: SELECT `id`,`title`,`data`,concat('192.168.31.219/',path),from_unixtime(addtime,'%Y-%m-%d')addTime,`describe`,`type` FROM `vr_carouselfigure` WHERE ( status = 1 ) ORDER BY oid desc  [ RunTime:0.0000s ]
INFO: [ app_end ] --START--
INFO: Run Behavior\ShowPageTraceBehavior [ RunTime:0.001000s ]
INFO: [ app_end ] --END-- [ RunTime:0.001000s ]

[ 2017-01-11T14:05:41+08:00 ] ::1 /VRAppItem/index.php/Api/Home/carouselFigure
INFO: [ app_init ] --START--
INFO: Run Behavior\BuildLiteBehavior [ RunTime:0.001000s ]
INFO: [ app_init ] --END-- [ RunTime:0.001000s ]
INFO: [ app_begin ] --START--
INFO: Run Behavior\ReadHtmlCacheBehavior [ RunTime:0.001000s ]
INFO: [ app_begin ] --END-- [ RunTime:0.001000s ]
SQL: SHOW COLUMNS FROM `vr_carouselfigure` [ RunTime:0.0030s ]
SQL: SHOW COLUMNS FROM `vr_class` [ RunTime:0.0030s ]
SQL: SHOW COLUMNS FROM `vr_label` [ RunTime:0.0030s ]
SQL: SHOW COLUMNS FROM `vr_lab_cla` [ RunTime:0.0030s ]
SQL: SHOW COLUMNS FROM `vr_admin` [ RunTime:0.0020s ]
SQL: SHOW COLUMNS FROM `vr_video` [ RunTime:0.0020s ]
SQL: SHOW COLUMNS FROM `vr_vid_lab` [ RunTime:0.0030s ]
SQL: SHOW COLUMNS FROM `vr_user` [ RunTime:0.0020s ]
SQL: SHOW COLUMNS FROM `vr_userdetail` [ RunTime:0.0020s ]
SQL: SHOW COLUMNS FROM `vr_facility` [ RunTime:0.0030s ]
SQL: SELECT `id`,`title`,`data`,concat('192.168.31.219/VRAppItem//',path),from_unixtime(addtime,'%Y-%m-%d')addTime,`describe`,`type` FROM `vr_carouselfigure` WHERE ( status = 1 ) ORDER BY oid desc  [ RunTime:0.0010s ]
INFO: [ app_end ] --START--
INFO: Run Behavior\ShowPageTraceBehavior [ RunTime:0.001000s ]
INFO: [ app_end ] --END-- [ RunTime:0.001000s ]

[ 2017-01-11T14:05:53+08:00 ] ::1 /VRAppItem/index.php/Api/Home/carouselFigure
INFO: [ app_init ] --START--
INFO: Run Behavior\BuildLiteBehavior [ RunTime:0.000000s ]
INFO: [ app_init ] --END-- [ RunTime:0.000000s ]
INFO: [ app_begin ] --START--
INFO: Run Behavior\ReadHtmlCacheBehavior [ RunTime:0.000000s ]
INFO: [ app_begin ] --END-- [ RunTime:0.002000s ]
SQL: SHOW COLUMNS FROM `vr_carouselfigure` [ RunTime:0.0040s ]
SQL: SHOW COLUMNS FROM `vr_class` [ RunTime:0.0030s ]
SQL: SHOW COLUMNS FROM `vr_label` [ RunTime:0.0030s ]
SQL: SHOW COLUMNS FROM `vr_lab_cla` [ RunTime:0.0030s ]
SQL: SHOW COLUMNS FROM `vr_admin` [ RunTime:0.0040s ]
SQL: SHOW COLUMNS FROM `vr_video` [ RunTime:0.0040s ]
SQL: SHOW COLUMNS FROM `vr_vid_lab` [ RunTime:0.0040s ]
SQL: SHOW COLUMNS FROM `vr_user` [ RunTime:0.0040s ]
SQL: SHOW COLUMNS FROM `vr_userdetail` [ RunTime:0.0030s ]
SQL: SHOW COLUMNS FROM `vr_facility` [ RunTime:0.0030s ]
SQL: SELECT `id`,`title`,`data`,concat('192.168.31.219/VRAppItem/',path)path,from_unixtime(addtime,'%Y-%m-%d')addTime,`describe`,`type` FROM `vr_carouselfigure` WHERE ( status = 1 ) ORDER BY oid desc  [ RunTime:0.0000s ]
INFO: [ app_end ] --START--
INFO: Run Behavior\ShowPageTraceBehavior [ RunTime:0.001000s ]
INFO: [ app_end ] --END-- [ RunTime:0.001000s ]

[ 2017-01-11T14:06:49+08:00 ] ::1 /VRAppItem/index.php/Api/Home/carouselFigure
INFO: [ app_init ] --START--
INFO: Run Behavior\BuildLiteBehavior [ RunTime:0.000000s ]
INFO: [ app_init ] --END-- [ RunTime:0.001000s ]
INFO: [ app_begin ] --START--
INFO: Run Behavior\ReadHtmlCacheBehavior [ RunTime:0.001000s ]
INFO: [ app_begin ] --END-- [ RunTime:0.001000s ]
SQL: SHOW COLUMNS FROM `vr_carouselfigure` [ RunTime:0.0040s ]
SQL: SHOW COLUMNS FROM `vr_class` [ RunTime:0.0030s ]
SQL: SHOW COLUMNS FROM `vr_label` [ RunTime:0.0040s ]
SQL: SHOW COLUMNS FROM `vr_lab_cla` [ RunTime:0.0040s ]
SQL: SHOW COLUMNS FROM `vr_admin` [ RunTime:0.0050s ]
SQL: SHOW COLUMNS FROM `vr_video` [ RunTime:0.0030s ]
SQL: SHOW COLUMNS FROM `vr_vid_lab` [ RunTime:0.0040s ]
SQL: SHOW COLUMNS FROM `vr_user` [ RunTime:0.0040s ]
SQL: SHOW COLUMNS FROM `vr_userdetail` [ RunTime:0.0040s ]
SQL: SHOW COLUMNS FROM `vr_facility` [ RunTime:0.0040s ]
SQL: SELECT `id`,`title`,`data`,concat('http://192.168.31.219/VRAppItem/',path)path,from_unixtime(addtime,'%Y-%m-%d')addTime,`describe`,`type` FROM `vr_carouselfigure` WHERE ( status = 1 ) ORDER BY oid desc  [ RunTime:0.0010s ]
INFO: [ app_end ] --START--
INFO: Run Behavior\ShowPageTraceBehavior [ RunTime:0.001000s ]
INFO: [ app_end ] --END-- [ RunTime:0.001000s ]

[ 2017-01-11T14:07:13+08:00 ] ::1 /VRAppItem/index.php/Api/Home/carouselFigure
INFO: [ app_init ] --START--
INFO: Run Behavior\BuildLiteBehavior [ RunTime:0.000000s ]
INFO: [ app_init ] --END-- [ RunTime:0.000000s ]
INFO: [ app_begin ] --START--
INFO: Run Behavior\ReadHtmlCacheBehavior [ RunTime:0.000000s ]
INFO: [ app_begin ] --END-- [ RunTime:0.000000s ]
SQL: SHOW COLUMNS FROM `vr_carouselfigure` [ RunTime:0.0040s ]
SQL: SHOW COLUMNS FROM `vr_class` [ RunTime:0.0020s ]
SQL: SHOW COLUMNS FROM `vr_label` [ RunTime:0.0020s ]
SQL: SHOW COLUMNS FROM `vr_lab_cla` [ RunTime:0.0020s ]
SQL: SHOW COLUMNS FROM `vr_admin` [ RunTime:0.0020s ]
SQL: SHOW COLUMNS FROM `vr_video` [ RunTime:0.0020s ]
SQL: SHOW COLUMNS FROM `vr_vid_lab` [ RunTime:0.0020s ]
SQL: SHOW COLUMNS FROM `vr_user` [ RunTime:0.0020s ]
SQL: SHOW COLUMNS FROM `vr_userdetail` [ RunTime:0.0010s ]
SQL: SHOW COLUMNS FROM `vr_facility` [ RunTime:0.0020s ]
SQL: SELECT `id`,`title`,`data`,concat('http://192.168.31.219/VRAppItem/Public/',path)path,from_unixtime(addtime,'%Y-%m-%d')addTime,`describe`,`type` FROM `vr_carouselfigure` WHERE ( status = 1 ) ORDER BY oid desc  [ RunTime:0.0010s ]
INFO: [ app_end ] --START--
INFO: Run Behavior\ShowPageTraceBehavior [ RunTime:0.000000s ]
INFO: [ app_end ] --END-- [ RunTime:0.001000s ]

[ 2017-01-11T15:09:41+08:00 ] ::1 /VRAppItem/index.php/Api/Home/categories
INFO: [ app_init ] --START--
INFO: Run Behavior\BuildLiteBehavior [ RunTime:0.000000s ]
INFO: [ app_init ] --END-- [ RunTime:0.000000s ]
INFO: [ app_begin ] --START--
INFO: Run Behavior\ReadHtmlCacheBehavior [ RunTime:0.000000s ]
INFO: [ app_begin ] --END-- [ RunTime:0.001000s ]
SQL: SHOW COLUMNS FROM `vr_carouselfigure` [ RunTime:0.0030s ]
SQL: SHOW COLUMNS FROM `vr_class` [ RunTime:0.0040s ]
SQL: SHOW COLUMNS FROM `vr_label` [ RunTime:0.0030s ]
SQL: SHOW COLUMNS FROM `vr_lab_cla` [ RunTime:0.0030s ]
SQL: SHOW COLUMNS FROM `vr_admin` [ RunTime:0.0030s ]
SQL: SHOW COLUMNS FROM `vr_video` [ RunTime:0.0030s ]
SQL: SHOW COLUMNS FROM `vr_vid_lab` [ RunTime:0.0030s ]
SQL: SHOW COLUMNS FROM `vr_user` [ RunTime:0.0030s ]
SQL: SHOW COLUMNS FROM `vr_userdetail` [ RunTime:0.0030s ]
SQL: SHOW COLUMNS FROM `vr_facility` [ RunTime:0.0020s ]
SQL: SELECT vr_class.c_id as classid,vr_class.c_title as classtitle,vr_class.c_describe as classdescribe,vv.v_firstimgurl as firstimgurl,vv.v_secondimgurl as secondimgurl,vv.v_title as videotitle,vv.v_describe as videodescribe,vv.v_id as videoid,vv.v_data1 as standardvideo,vv.v_data2 as highvideo,vv.playnum,from_unixtime(vv.v_addtime,'%Y-%m-%d')addtime FROM `vr_class` left join vr_video vv on vr_class.c_id = vv.v_cid  WHERE `c_status` = 1 AND `c_fid` = 1 ORDER BY playnum desc  [ RunTime:0.0010s ]
INFO: [ app_end ] --START--
INFO: Run Behavior\ShowPageTraceBehavior [ RunTime:0.001000s ]
INFO: [ app_end ] --END-- [ RunTime:0.001000s ]

[ 2017-01-11T15:13:04+08:00 ] ::1 /VRAppItem/index.php/Api/Home/categories
INFO: [ app_init ] --START--
INFO: Run Behavior\BuildLiteBehavior [ RunTime:0.000000s ]
INFO: [ app_init ] --END-- [ RunTime:0.001000s ]
INFO: [ app_begin ] --START--
INFO: Run Behavior\ReadHtmlCacheBehavior [ RunTime:0.001000s ]
INFO: [ app_begin ] --END-- [ RunTime:0.001000s ]
SQL: SHOW COLUMNS FROM `vr_carouselfigure` [ RunTime:0.0030s ]
SQL: SHOW COLUMNS FROM `vr_class` [ RunTime:0.0030s ]
SQL: SHOW COLUMNS FROM `vr_label` [ RunTime:0.0030s ]
SQL: SHOW COLUMNS FROM `vr_lab_cla` [ RunTime:0.0020s ]
SQL: SHOW COLUMNS FROM `vr_admin` [ RunTime:0.0020s ]
SQL: SHOW COLUMNS FROM `vr_video` [ RunTime:0.0030s ]
SQL: SHOW COLUMNS FROM `vr_vid_lab` [ RunTime:0.0030s ]
SQL: SHOW COLUMNS FROM `vr_user` [ RunTime:0.0030s ]
SQL: SHOW COLUMNS FROM `vr_userdetail` [ RunTime:0.0030s ]
SQL: SHOW COLUMNS FROM `vr_facility` [ RunTime:0.0030s ]
ERR: SQLSTATE[42000]: Syntax error or access violation: 1064 Erreur de syntaxe près de 'playnum desc' à la ligne 1

[ 2017-01-11T15:13:19+08:00 ] ::1 /VRAppItem/index.php/Api/Home/categories
INFO: [ app_init ] --START--
INFO: Run Behavior\BuildLiteBehavior [ RunTime:0.000000s ]
INFO: [ app_init ] --END-- [ RunTime:0.001000s ]
INFO: [ app_begin ] --START--
INFO: Run Behavior\ReadHtmlCacheBehavior [ RunTime:0.001000s ]
INFO: [ app_begin ] --END-- [ RunTime:0.002000s ]
SQL: SHOW COLUMNS FROM `vr_carouselfigure` [ RunTime:0.0040s ]
SQL: SHOW COLUMNS FROM `vr_class` [ RunTime:0.0030s ]
SQL: SHOW COLUMNS FROM `vr_label` [ RunTime:0.0030s ]
SQL: SHOW COLUMNS FROM `vr_lab_cla` [ RunTime:0.0030s ]
SQL: SHOW COLUMNS FROM `vr_admin` [ RunTime:0.0040s ]
SQL: SHOW COLUMNS FROM `vr_video` [ RunTime:0.0030s ]
SQL: SHOW COLUMNS FROM `vr_vid_lab` [ RunTime:0.0030s ]
SQL: SHOW COLUMNS FROM `vr_user` [ RunTime:0.0030s ]
SQL: SHOW COLUMNS FROM `vr_userdetail` [ RunTime:0.0020s ]
SQL: SHOW COLUMNS FROM `vr_facility` [ RunTime:0.0030s ]
SQL: SELECT vr_class.c_id as classid,vr_class.c_title as classtitle,vr_class.c_describe as classdescribe,vv.v_firstimgurl as firstimgurl,vv.v_secondimgurl as secondimgurl,vv.v_title as videotitle,vv.v_describe as videodescribe,vv.v_id as videoid,vv.v_data1 as standardvideo,vv.v_data2 as highvideo,vv.playnum,from_unixtime(vv.v_addtime,'%Y-%m-%d')addtime FROM `vr_class` left join vr_video vv on vr_class.c_id = vv.v_cid  WHERE `c_status` = 1 AND `c_fid` = 1 ORDER BY c_oid  desc  [ RunTime:0.0010s ]
INFO: [ app_end ] --START--
INFO: Run Behavior\ShowPageTraceBehavior [ RunTime:0.001000s ]
INFO: [ app_end ] --END-- [ RunTime:0.001000s ]

[ 2017-01-11T15:15:36+08:00 ] ::1 /VRAppItem/index.php/Api/Home/categories
INFO: [ app_init ] --START--
INFO: Run Behavior\BuildLiteBehavior [ RunTime:0.000000s ]
INFO: [ app_init ] --END-- [ RunTime:0.001000s ]
INFO: [ app_begin ] --START--
INFO: Run Behavior\ReadHtmlCacheBehavior [ RunTime:0.002000s ]
INFO: [ app_begin ] --END-- [ RunTime:0.002000s ]
SQL: SHOW COLUMNS FROM `vr_carouselfigure` [ RunTime:0.0040s ]
SQL: SHOW COLUMNS FROM `vr_class` [ RunTime:0.0040s ]
SQL: SHOW COLUMNS FROM `vr_label` [ RunTime:0.0040s ]
SQL: SHOW COLUMNS FROM `vr_lab_cla` [ RunTime:0.0040s ]
SQL: SHOW COLUMNS FROM `vr_admin` [ RunTime:0.0040s ]
SQL: SHOW COLUMNS FROM `vr_video` [ RunTime:0.0040s ]
SQL: SHOW COLUMNS FROM `vr_vid_lab` [ RunTime:0.0040s ]
SQL: SHOW COLUMNS FROM `vr_user` [ RunTime:0.0050s ]
SQL: SHOW COLUMNS FROM `vr_userdetail` [ RunTime:0.0030s ]
SQL: SHOW COLUMNS FROM `vr_facility` [ RunTime:0.0040s ]
SQL: SELECT vr_class.c_id as classid,vr_class.c_title as classtitle,vr_class.c_describe as classdescribe,vv.v_firstimgurl as firstimgurl,vv.v_secondimgurl as secondimgurl,vv.v_title as videotitle,vv.v_describe as videodescribe,vv.v_id as videoid,vv.v_data1 as standardvideo,vv.v_data2 as highvideo,vv.playnum,from_unixtime(vv.v_addtime,'%Y-%m-%d')addtime FROM `vr_class` left join vr_video vv on vr_class.c_id = vv.v_cid  WHERE `c_status` = 1 AND `c_fid` = 1 ORDER BY c_oid,playnum desc  [ RunTime:0.0010s ]
INFO: [ app_end ] --START--
INFO: Run Behavior\ShowPageTraceBehavior [ RunTime:0.001000s ]
INFO: [ app_end ] --END-- [ RunTime:0.001000s ]

[ 2017-01-11T15:15:38+08:00 ] ::1 /VRAppItem/index.php/Api/Home/categories
INFO: [ app_init ] --START--
INFO: Run Behavior\BuildLiteBehavior [ RunTime:0.000000s ]
INFO: [ app_init ] --END-- [ RunTime:0.001000s ]
INFO: [ app_begin ] --START--
INFO: Run Behavior\ReadHtmlCacheBehavior [ RunTime:0.001000s ]
INFO: [ app_begin ] --END-- [ RunTime:0.001000s ]
SQL: SHOW COLUMNS FROM `vr_carouselfigure` [ RunTime:0.0030s ]
SQL: SHOW COLUMNS FROM `vr_class` [ RunTime:0.0030s ]
SQL: SHOW COLUMNS FROM `vr_label` [ RunTime:0.0020s ]
SQL: SHOW COLUMNS FROM `vr_lab_cla` [ RunTime:0.0020s ]
SQL: SHOW COLUMNS FROM `vr_admin` [ RunTime:0.0020s ]
SQL: SHOW COLUMNS FROM `vr_video` [ RunTime:0.0020s ]
SQL: SHOW COLUMNS FROM `vr_vid_lab` [ RunTime:0.0020s ]
SQL: SHOW COLUMNS FROM `vr_user` [ RunTime:0.0020s ]
SQL: SHOW COLUMNS FROM `vr_userdetail` [ RunTime:0.0020s ]
SQL: SHOW COLUMNS FROM `vr_facility` [ RunTime:0.0020s ]
SQL: SELECT vr_class.c_id as classid,vr_class.c_title as classtitle,vr_class.c_describe as classdescribe,vv.v_firstimgurl as firstimgurl,vv.v_secondimgurl as secondimgurl,vv.v_title as videotitle,vv.v_describe as videodescribe,vv.v_id as videoid,vv.v_data1 as standardvideo,vv.v_data2 as highvideo,vv.playnum,from_unixtime(vv.v_addtime,'%Y-%m-%d')addtime FROM `vr_class` left join vr_video vv on vr_class.c_id = vv.v_cid  WHERE `c_status` = 1 AND `c_fid` = 1 ORDER BY c_oid,playnum desc  [ RunTime:0.0000s ]
INFO: [ app_end ] --START--
INFO: Run Behavior\ShowPageTraceBehavior [ RunTime:0.001000s ]
INFO: [ app_end ] --END-- [ RunTime:0.001000s ]

[ 2017-01-11T15:19:49+08:00 ] ::1 /VRAppItem/index.php/Api/Home/categories
INFO: [ app_init ] --START--
INFO: Run Behavior\BuildLiteBehavior [ RunTime:0.000000s ]
INFO: [ app_init ] --END-- [ RunTime:0.001000s ]
INFO: [ app_begin ] --START--
INFO: Run Behavior\ReadHtmlCacheBehavior [ RunTime:0.001000s ]
INFO: [ app_begin ] --END-- [ RunTime:0.002000s ]
SQL: SHOW COLUMNS FROM `vr_carouselfigure` [ RunTime:0.0030s ]
SQL: SHOW COLUMNS FROM `vr_class` [ RunTime:0.0020s ]
SQL: SHOW COLUMNS FROM `vr_label` [ RunTime:0.0020s ]
SQL: SHOW COLUMNS FROM `vr_lab_cla` [ RunTime:0.0030s ]
SQL: SHOW COLUMNS FROM `vr_admin` [ RunTime:0.0020s ]
SQL: SHOW COLUMNS FROM `vr_video` [ RunTime:0.0030s ]
SQL: SHOW COLUMNS FROM `vr_vid_lab` [ RunTime:0.0030s ]
SQL: SHOW COLUMNS FROM `vr_user` [ RunTime:0.0020s ]
SQL: SHOW COLUMNS FROM `vr_userdetail` [ RunTime:0.0020s ]
SQL: SHOW COLUMNS FROM `vr_facility` [ RunTime:0.0030s ]
SQL: SELECT vr_class.c_id as classid,vr_class.c_title as classtitle,vr_class.c_describe as classdescribe,vv.v_firstimgurl as firstimgurl,vv.v_secondimgurl as secondimgurl,vv.v_title as videotitle,vv.v_describe as videodescribe,vv.v_id as videoid,vv.v_data1 as standardvideo,vv.v_data2 as highvideo,vv.playnum,from_unixtime(vv.v_addtime,'%Y-%m-%d')addtime FROM `vr_class` left join vr_video vv on vr_class.c_id = vv.v_cid  WHERE `c_status` = 1 AND `c_fid` = 1 ORDER BY c_oid,playnum desc  [ RunTime:0.0000s ]
INFO: [ app_end ] --START--
INFO: Run Behavior\ShowPageTraceBehavior [ RunTime:0.001000s ]
INFO: [ app_end ] --END-- [ RunTime:0.001000s ]

[ 2017-01-11T15:19:50+08:00 ] ::1 /VRAppItem/index.php/Api/Home/categories
INFO: [ app_init ] --START--
INFO: Run Behavior\BuildLiteBehavior [ RunTime:0.000000s ]
INFO: [ app_init ] --END-- [ RunTime:0.001000s ]
INFO: [ app_begin ] --START--
INFO: Run Behavior\ReadHtmlCacheBehavior [ RunTime:0.001000s ]
INFO: [ app_begin ] --END-- [ RunTime:0.002000s ]
SQL: SHOW COLUMNS FROM `vr_carouselfigure` [ RunTime:0.0030s ]
SQL: SHOW COLUMNS FROM `vr_class` [ RunTime:0.0030s ]
SQL: SHOW COLUMNS FROM `vr_label` [ RunTime:0.0020s ]
SQL: SHOW COLUMNS FROM `vr_lab_cla` [ RunTime:0.0030s ]
SQL: SHOW COLUMNS FROM `vr_admin` [ RunTime:0.0020s ]
SQL: SHOW COLUMNS FROM `vr_video` [ RunTime:0.0030s ]
SQL: SHOW COLUMNS FROM `vr_vid_lab` [ RunTime:0.0030s ]
SQL: SHOW COLUMNS FROM `vr_user` [ RunTime:0.0020s ]
SQL: SHOW COLUMNS FROM `vr_userdetail` [ RunTime:0.0030s ]
SQL: SHOW COLUMNS FROM `vr_facility` [ RunTime:0.0040s ]
SQL: SELECT vr_class.c_id as classid,vr_class.c_title as classtitle,vr_class.c_describe as classdescribe,vv.v_firstimgurl as firstimgurl,vv.v_secondimgurl as secondimgurl,vv.v_title as videotitle,vv.v_describe as videodescribe,vv.v_id as videoid,vv.v_data1 as standardvideo,vv.v_data2 as highvideo,vv.playnum,from_unixtime(vv.v_addtime,'%Y-%m-%d')addtime FROM `vr_class` left join vr_video vv on vr_class.c_id = vv.v_cid  WHERE `c_status` = 1 AND `c_fid` = 1 ORDER BY c_oid,playnum desc  [ RunTime:0.0010s ]
INFO: [ app_end ] --START--
INFO: Run Behavior\ShowPageTraceBehavior [ RunTime:0.001000s ]
INFO: [ app_end ] --END-- [ RunTime:0.002000s ]

[ 2017-01-11T15:19:50+08:00 ] ::1 /VRAppItem/index.php/Api/Home/categories
INFO: [ app_init ] --START--
INFO: Run Behavior\BuildLiteBehavior [ RunTime:0.000000s ]
INFO: [ app_init ] --END-- [ RunTime:0.000000s ]
INFO: [ app_begin ] --START--
INFO: Run Behavior\ReadHtmlCacheBehavior [ RunTime:0.001000s ]
INFO: [ app_begin ] --END-- [ RunTime:0.001000s ]
SQL: SHOW COLUMNS FROM `vr_carouselfigure` [ RunTime:0.0050s ]
SQL: SHOW COLUMNS FROM `vr_class` [ RunTime:0.0020s ]
SQL: SHOW COLUMNS FROM `vr_label` [ RunTime:0.0010s ]
SQL: SHOW COLUMNS FROM `vr_lab_cla` [ RunTime:0.0010s ]
SQL: SHOW COLUMNS FROM `vr_admin` [ RunTime:0.0020s ]
SQL: SHOW COLUMNS FROM `vr_video` [ RunTime:0.0030s ]
SQL: SHOW COLUMNS FROM `vr_vid_lab` [ RunTime:0.0030s ]
SQL: SHOW COLUMNS FROM `vr_user` [ RunTime:0.0020s ]
SQL: SHOW COLUMNS FROM `vr_userdetail` [ RunTime:0.0030s ]
SQL: SHOW COLUMNS FROM `vr_facility` [ RunTime:0.0020s ]
SQL: SELECT vr_class.c_id as classid,vr_class.c_title as classtitle,vr_class.c_describe as classdescribe,vv.v_firstimgurl as firstimgurl,vv.v_secondimgurl as secondimgurl,vv.v_title as videotitle,vv.v_describe as videodescribe,vv.v_id as videoid,vv.v_data1 as standardvideo,vv.v_data2 as highvideo,vv.playnum,from_unixtime(vv.v_addtime,'%Y-%m-%d')addtime FROM `vr_class` left join vr_video vv on vr_class.c_id = vv.v_cid  WHERE `c_status` = 1 AND `c_fid` = 1 ORDER BY c_oid,playnum desc  [ RunTime:0.0000s ]
INFO: [ app_end ] --START--
INFO: Run Behavior\ShowPageTraceBehavior [ RunTime:0.002000s ]
INFO: [ app_end ] --END-- [ RunTime:0.002000s ]

[ 2017-01-11T15:19:50+08:00 ] ::1 /VRAppItem/index.php/Api/Home/categories
INFO: [ app_init ] --START--
INFO: Run Behavior\BuildLiteBehavior [ RunTime:0.000000s ]
INFO: [ app_init ] --END-- [ RunTime:0.002000s ]
INFO: [ app_begin ] --START--
INFO: Run Behavior\ReadHtmlCacheBehavior [ RunTime:0.000000s ]
INFO: [ app_begin ] --END-- [ RunTime:0.001000s ]
SQL: SHOW COLUMNS FROM `vr_carouselfigure` [ RunTime:0.0030s ]
SQL: SHOW COLUMNS FROM `vr_class` [ RunTime:0.0030s ]
SQL: SHOW COLUMNS FROM `vr_label` [ RunTime:0.0020s ]
SQL: SHOW COLUMNS FROM `vr_lab_cla` [ RunTime:0.0020s ]
SQL: SHOW COLUMNS FROM `vr_admin` [ RunTime:0.0030s ]
SQL: SHOW COLUMNS FROM `vr_video` [ RunTime:0.0030s ]
SQL: SHOW COLUMNS FROM `vr_vid_lab` [ RunTime:0.0030s ]
SQL: SHOW COLUMNS FROM `vr_user` [ RunTime:0.0030s ]
SQL: SHOW COLUMNS FROM `vr_userdetail` [ RunTime:0.0030s ]
SQL: SHOW COLUMNS FROM `vr_facility` [ RunTime:0.0030s ]
SQL: SELECT vr_class.c_id as classid,vr_class.c_title as classtitle,vr_class.c_describe as classdescribe,vv.v_firstimgurl as firstimgurl,vv.v_secondimgurl as secondimgurl,vv.v_title as videotitle,vv.v_describe as videodescribe,vv.v_id as videoid,vv.v_data1 as standardvideo,vv.v_data2 as highvideo,vv.playnum,from_unixtime(vv.v_addtime,'%Y-%m-%d')addtime FROM `vr_class` left join vr_video vv on vr_class.c_id = vv.v_cid  WHERE `c_status` = 1 AND `c_fid` = 1 ORDER BY c_oid,playnum desc  [ RunTime:0.0000s ]
INFO: [ app_end ] --START--
INFO: Run Behavior\ShowPageTraceBehavior [ RunTime:0.000000s ]
INFO: [ app_end ] --END-- [ RunTime:0.001000s ]

[ 2017-01-11T15:19:51+08:00 ] ::1 /VRAppItem/index.php/Api/Home/categories
INFO: [ app_init ] --START--
INFO: Run Behavior\BuildLiteBehavior [ RunTime:0.000000s ]
INFO: [ app_init ] --END-- [ RunTime:0.001000s ]
INFO: [ app_begin ] --START--
INFO: Run Behavior\ReadHtmlCacheBehavior [ RunTime:0.001000s ]
INFO: [ app_begin ] --END-- [ RunTime:0.001000s ]
SQL: SHOW COLUMNS FROM `vr_carouselfigure` [ RunTime:0.0020s ]
SQL: SHOW COLUMNS FROM `vr_class` [ RunTime:0.0020s ]
SQL: SHOW COLUMNS FROM `vr_label` [ RunTime:0.0020s ]
SQL: SHOW COLUMNS FROM `vr_lab_cla` [ RunTime:0.0030s ]
SQL: SHOW COLUMNS FROM `vr_admin` [ RunTime:0.0020s ]
SQL: SHOW COLUMNS FROM `vr_video` [ RunTime:0.0030s ]
SQL: SHOW COLUMNS FROM `vr_vid_lab` [ RunTime:0.0020s ]
SQL: SHOW COLUMNS FROM `vr_user` [ RunTime:0.0030s ]
SQL: SHOW COLUMNS FROM `vr_userdetail` [ RunTime:0.0020s ]
SQL: SHOW COLUMNS FROM `vr_facility` [ RunTime:0.0030s ]
SQL: SELECT vr_class.c_id as classid,vr_class.c_title as classtitle,vr_class.c_describe as classdescribe,vv.v_firstimgurl as firstimgurl,vv.v_secondimgurl as secondimgurl,vv.v_title as videotitle,vv.v_describe as videodescribe,vv.v_id as videoid,vv.v_data1 as standardvideo,vv.v_data2 as highvideo,vv.playnum,from_unixtime(vv.v_addtime,'%Y-%m-%d')addtime FROM `vr_class` left join vr_video vv on vr_class.c_id = vv.v_cid  WHERE `c_status` = 1 AND `c_fid` = 1 ORDER BY c_oid,playnum desc  [ RunTime:0.0000s ]
INFO: [ app_end ] --START--
INFO: Run Behavior\ShowPageTraceBehavior [ RunTime:0.001000s ]
INFO: [ app_end ] --END-- [ RunTime:0.001000s ]

[ 2017-01-11T15:19:51+08:00 ] ::1 /VRAppItem/index.php/Api/Home/categories
INFO: [ app_init ] --START--
INFO: Run Behavior\BuildLiteBehavior [ RunTime:0.000000s ]
INFO: [ app_init ] --END-- [ RunTime:0.001000s ]
INFO: [ app_begin ] --START--
INFO: Run Behavior\ReadHtmlCacheBehavior [ RunTime:0.001000s ]
INFO: [ app_begin ] --END-- [ RunTime:0.001000s ]
SQL: SHOW COLUMNS FROM `vr_carouselfigure` [ RunTime:0.0020s ]
SQL: SHOW COLUMNS FROM `vr_class` [ RunTime:0.0020s ]
SQL: SHOW COLUMNS FROM `vr_label` [ RunTime:0.0020s ]
SQL: SHOW COLUMNS FROM `vr_lab_cla` [ RunTime:0.0030s ]
SQL: SHOW COLUMNS FROM `vr_admin` [ RunTime:0.0030s ]
SQL: SHOW COLUMNS FROM `vr_video` [ RunTime:0.0020s ]
SQL: SHOW COLUMNS FROM `vr_vid_lab` [ RunTime:0.0020s ]
SQL: SHOW COLUMNS FROM `vr_user` [ RunTime:0.0020s ]
SQL: SHOW COLUMNS FROM `vr_userdetail` [ RunTime:0.0020s ]
SQL: SHOW COLUMNS FROM `vr_facility` [ RunTime:0.0040s ]
SQL: SELECT vr_class.c_id as classid,vr_class.c_title as classtitle,vr_class.c_describe as classdescribe,vv.v_firstimgurl as firstimgurl,vv.v_secondimgurl as secondimgurl,vv.v_title as videotitle,vv.v_describe as videodescribe,vv.v_id as videoid,vv.v_data1 as standardvideo,vv.v_data2 as highvideo,vv.playnum,from_unixtime(vv.v_addtime,'%Y-%m-%d')addtime FROM `vr_class` left join vr_video vv on vr_class.c_id = vv.v_cid  WHERE `c_status` = 1 AND `c_fid` = 1 ORDER BY c_oid,playnum desc  [ RunTime:0.0010s ]
INFO: [ app_end ] --START--
INFO: Run Behavior\ShowPageTraceBehavior [ RunTime:0.002000s ]
INFO: [ app_end ] --END-- [ RunTime:0.002000s ]

[ 2017-01-11T15:19:51+08:00 ] ::1 /VRAppItem/index.php/Api/Home/categories
INFO: [ app_init ] --START--
INFO: Run Behavior\BuildLiteBehavior [ RunTime:0.000000s ]
INFO: [ app_init ] --END-- [ RunTime:0.001000s ]
INFO: [ app_begin ] --START--
INFO: Run Behavior\ReadHtmlCacheBehavior [ RunTime:0.001000s ]
INFO: [ app_begin ] --END-- [ RunTime:0.001000s ]
SQL: SHOW COLUMNS FROM `vr_carouselfigure` [ RunTime:0.0040s ]
SQL: SHOW COLUMNS FROM `vr_class` [ RunTime:0.0030s ]
SQL: SHOW COLUMNS FROM `vr_label` [ RunTime:0.0030s ]
SQL: SHOW COLUMNS FROM `vr_lab_cla` [ RunTime:0.0020s ]
SQL: SHOW COLUMNS FROM `vr_admin` [ RunTime:0.0020s ]
SQL: SHOW COLUMNS FROM `vr_video` [ RunTime:0.0020s ]
SQL: SHOW COLUMNS FROM `vr_vid_lab` [ RunTime:0.0020s ]
SQL: SHOW COLUMNS FROM `vr_user` [ RunTime:0.0010s ]
SQL: SHOW COLUMNS FROM `vr_userdetail` [ RunTime:0.0030s ]
SQL: SHOW COLUMNS FROM `vr_facility` [ RunTime:0.0020s ]
SQL: SELECT vr_class.c_id as classid,vr_class.c_title as classtitle,vr_class.c_describe as classdescribe,vv.v_firstimgurl as firstimgurl,vv.v_secondimgurl as secondimgurl,vv.v_title as videotitle,vv.v_describe as videodescribe,vv.v_id as videoid,vv.v_data1 as standardvideo,vv.v_data2 as highvideo,vv.playnum,from_unixtime(vv.v_addtime,'%Y-%m-%d')addtime FROM `vr_class` left join vr_video vv on vr_class.c_id = vv.v_cid  WHERE `c_status` = 1 AND `c_fid` = 1 ORDER BY c_oid,playnum desc  [ RunTime:0.0000s ]
INFO: [ app_end ] --START--
INFO: Run Behavior\ShowPageTraceBehavior [ RunTime:0.001000s ]
INFO: [ app_end ] --END-- [ RunTime:0.001000s ]

[ 2017-01-11T15:19:51+08:00 ] ::1 /VRAppItem/index.php/Api/Home/categories
INFO: [ app_init ] --START--
INFO: Run Behavior\BuildLiteBehavior [ RunTime:0.000000s ]
INFO: [ app_init ] --END-- [ RunTime:0.000000s ]
INFO: [ app_begin ] --START--
INFO: Run Behavior\ReadHtmlCacheBehavior [ RunTime:0.001000s ]
INFO: [ app_begin ] --END-- [ RunTime:0.001000s ]
SQL: SHOW COLUMNS FROM `vr_carouselfigure` [ RunTime:0.0020s ]
SQL: SHOW COLUMNS FROM `vr_class` [ RunTime:0.0020s ]
SQL: SHOW COLUMNS FROM `vr_label` [ RunTime:0.0020s ]
SQL: SHOW COLUMNS FROM `vr_lab_cla` [ RunTime:0.0020s ]
SQL: SHOW COLUMNS FROM `vr_admin` [ RunTime:0.0020s ]
SQL: SHOW COLUMNS FROM `vr_video` [ RunTime:0.0030s ]
SQL: SHOW COLUMNS FROM `vr_vid_lab` [ RunTime:0.0020s ]
SQL: SHOW COLUMNS FROM `vr_user` [ RunTime:0.0030s ]
SQL: SHOW COLUMNS FROM `vr_userdetail` [ RunTime:0.0020s ]
SQL: SHOW COLUMNS FROM `vr_facility` [ RunTime:0.0020s ]
SQL: SELECT vr_class.c_id as classid,vr_class.c_title as classtitle,vr_class.c_describe as classdescribe,vv.v_firstimgurl as firstimgurl,vv.v_secondimgurl as secondimgurl,vv.v_title as videotitle,vv.v_describe as videodescribe,vv.v_id as videoid,vv.v_data1 as standardvideo,vv.v_data2 as highvideo,vv.playnum,from_unixtime(vv.v_addtime,'%Y-%m-%d')addtime FROM `vr_class` left join vr_video vv on vr_class.c_id = vv.v_cid  WHERE `c_status` = 1 AND `c_fid` = 1 ORDER BY c_oid,playnum desc  [ RunTime:0.0000s ]
INFO: [ app_end ] --START--
INFO: Run Behavior\ShowPageTraceBehavior [ RunTime:0.001000s ]
INFO: [ app_end ] --END-- [ RunTime:0.001000s ]

[ 2017-01-11T15:19:51+08:00 ] ::1 /VRAppItem/index.php/Api/Home/categories
INFO: [ app_init ] --START--
INFO: Run Behavior\BuildLiteBehavior [ RunTime:0.000000s ]
INFO: [ app_init ] --END-- [ RunTime:0.001000s ]
INFO: [ app_begin ] --START--
INFO: Run Behavior\ReadHtmlCacheBehavior [ RunTime:0.000000s ]
INFO: [ app_begin ] --END-- [ RunTime:0.001000s ]
SQL: SHOW COLUMNS FROM `vr_carouselfigure` [ RunTime:0.0020s ]
SQL: SHOW COLUMNS FROM `vr_class` [ RunTime:0.0020s ]
SQL: SHOW COLUMNS FROM `vr_label` [ RunTime:0.0020s ]
SQL: SHOW COLUMNS FROM `vr_lab_cla` [ RunTime:0.0020s ]
SQL: SHOW COLUMNS FROM `vr_admin` [ RunTime:0.0030s ]
SQL: SHOW COLUMNS FROM `vr_video` [ RunTime:0.0030s ]
SQL: SHOW COLUMNS FROM `vr_vid_lab` [ RunTime:0.0010s ]
SQL: SHOW COLUMNS FROM `vr_user` [ RunTime:0.0020s ]
SQL: SHOW COLUMNS FROM `vr_userdetail` [ RunTime:0.0020s ]
SQL: SHOW COLUMNS FROM `vr_facility` [ RunTime:0.0020s ]
SQL: SELECT vr_class.c_id as classid,vr_class.c_title as classtitle,vr_class.c_describe as classdescribe,vv.v_firstimgurl as firstimgurl,vv.v_secondimgurl as secondimgurl,vv.v_title as videotitle,vv.v_describe as videodescribe,vv.v_id as videoid,vv.v_data1 as standardvideo,vv.v_data2 as highvideo,vv.playnum,from_unixtime(vv.v_addtime,'%Y-%m-%d')addtime FROM `vr_class` left join vr_video vv on vr_class.c_id = vv.v_cid  WHERE `c_status` = 1 AND `c_fid` = 1 ORDER BY c_oid,playnum desc  [ RunTime:0.0010s ]
INFO: [ app_end ] --START--
INFO: Run Behavior\ShowPageTraceBehavior [ RunTime:0.001000s ]
INFO: [ app_end ] --END-- [ RunTime:0.002000s ]

[ 2017-01-11T15:19:52+08:00 ] ::1 /VRAppItem/index.php/Api/Home/categories
INFO: [ app_init ] --START--
INFO: Run Behavior\BuildLiteBehavior [ RunTime:0.000000s ]
INFO: [ app_init ] --END-- [ RunTime:0.000000s ]
INFO: [ app_begin ] --START--
INFO: Run Behavior\ReadHtmlCacheBehavior [ RunTime:0.001000s ]
INFO: [ app_begin ] --END-- [ RunTime:0.001000s ]
SQL: SHOW COLUMNS FROM `vr_carouselfigure` [ RunTime:0.0030s ]
SQL: SHOW COLUMNS FROM `vr_class` [ RunTime:0.0020s ]
SQL: SHOW COLUMNS FROM `vr_label` [ RunTime:0.0030s ]
SQL: SHOW COLUMNS FROM `vr_lab_cla` [ RunTime:0.0020s ]
SQL: SHOW COLUMNS FROM `vr_admin` [ RunTime:0.0030s ]
SQL: SHOW COLUMNS FROM `vr_video` [ RunTime:0.0030s ]
SQL: SHOW COLUMNS FROM `vr_vid_lab` [ RunTime:0.0030s ]
SQL: SHOW COLUMNS FROM `vr_user` [ RunTime:0.0030s ]
SQL: SHOW COLUMNS FROM `vr_userdetail` [ RunTime:0.0030s ]
SQL: SHOW COLUMNS FROM `vr_facility` [ RunTime:0.0030s ]
SQL: SELECT vr_class.c_id as classid,vr_class.c_title as classtitle,vr_class.c_describe as classdescribe,vv.v_firstimgurl as firstimgurl,vv.v_secondimgurl as secondimgurl,vv.v_title as videotitle,vv.v_describe as videodescribe,vv.v_id as videoid,vv.v_data1 as standardvideo,vv.v_data2 as highvideo,vv.playnum,from_unixtime(vv.v_addtime,'%Y-%m-%d')addtime FROM `vr_class` left join vr_video vv on vr_class.c_id = vv.v_cid  WHERE `c_status` = 1 AND `c_fid` = 1 ORDER BY c_oid,playnum desc  [ RunTime:0.0000s ]
INFO: [ app_end ] --START--
INFO: Run Behavior\ShowPageTraceBehavior [ RunTime:0.001000s ]
INFO: [ app_end ] --END-- [ RunTime:0.001000s ]

[ 2017-01-11T15:26:55+08:00 ] ::1 /VRAppItem/index.php/Api/Home/categories
INFO: [ app_init ] --START--
INFO: Run Behavior\BuildLiteBehavior [ RunTime:0.000000s ]
INFO: [ app_init ] --END-- [ RunTime:0.001000s ]
INFO: [ app_begin ] --START--
INFO: Run Behavior\ReadHtmlCacheBehavior [ RunTime:0.001000s ]
INFO: [ app_begin ] --END-- [ RunTime:0.001000s ]
SQL: SHOW COLUMNS FROM `vr_carouselfigure` [ RunTime:0.0030s ]
SQL: SHOW COLUMNS FROM `vr_class` [ RunTime:0.0020s ]
SQL: SHOW COLUMNS FROM `vr_label` [ RunTime:0.0020s ]
SQL: SHOW COLUMNS FROM `vr_lab_cla` [ RunTime:0.0020s ]
SQL: SHOW COLUMNS FROM `vr_admin` [ RunTime:0.0020s ]
SQL: SHOW COLUMNS FROM `vr_video` [ RunTime:0.0020s ]
SQL: SHOW COLUMNS FROM `vr_vid_lab` [ RunTime:0.0020s ]
SQL: SHOW COLUMNS FROM `vr_user` [ RunTime:0.0020s ]
SQL: SHOW COLUMNS FROM `vr_userdetail` [ RunTime:0.0020s ]
SQL: SHOW COLUMNS FROM `vr_facility` [ RunTime:0.0020s ]
SQL: SELECT vr_class.c_id as classid,vr_class.c_title as classtitle,vr_class.c_describe as classdescribe,vv.v_firstimgurl as firstimgurl,vv.v_secondimgurl as secondimgurl,vv.v_title as videotitle,vv.v_describe as videodescribe,vv.v_id as videoid,vv.v_data1 as standardvideo,vv.v_data2 as highvideo,vv.playnum,from_unixtime(vv.v_addtime,'%Y-%m-%d')addtime FROM `vr_class` left join vr_video vv on vr_class.c_id = vv.v_cid  WHERE `c_status` = 1 AND `c_fid` = 1 ORDER BY c_oid,playnum desc  [ RunTime:0.0010s ]
INFO: [ app_end ] --START--
INFO: Run Behavior\ShowPageTraceBehavior [ RunTime:0.000000s ]
INFO: [ app_end ] --END-- [ RunTime:0.001000s ]

[ 2017-01-11T15:26:55+08:00 ] ::1 /VRAppItem/index.php/Api/Home/categories
INFO: [ app_init ] --START--
INFO: Run Behavior\BuildLiteBehavior [ RunTime:0.000000s ]
INFO: [ app_init ] --END-- [ RunTime:0.001000s ]
INFO: [ app_begin ] --START--
INFO: Run Behavior\ReadHtmlCacheBehavior [ RunTime:0.001000s ]
INFO: [ app_begin ] --END-- [ RunTime:0.001000s ]
SQL: SHOW COLUMNS FROM `vr_carouselfigure` [ RunTime:0.0030s ]
SQL: SHOW COLUMNS FROM `vr_class` [ RunTime:0.0030s ]
SQL: SHOW COLUMNS FROM `vr_label` [ RunTime:0.0030s ]
SQL: SHOW COLUMNS FROM `vr_lab_cla` [ RunTime:0.0030s ]
SQL: SHOW COLUMNS FROM `vr_admin` [ RunTime:0.0030s ]
SQL: SHOW COLUMNS FROM `vr_video` [ RunTime:0.0030s ]
SQL: SHOW COLUMNS FROM `vr_vid_lab` [ RunTime:0.0030s ]
SQL: SHOW COLUMNS FROM `vr_user` [ RunTime:0.0030s ]
SQL: SHOW COLUMNS FROM `vr_userdetail` [ RunTime:0.0030s ]
SQL: SHOW COLUMNS FROM `vr_facility` [ RunTime:0.0050s ]
SQL: SELECT vr_class.c_id as classid,vr_class.c_title as classtitle,vr_class.c_describe as classdescribe,vv.v_firstimgurl as firstimgurl,vv.v_secondimgurl as secondimgurl,vv.v_title as videotitle,vv.v_describe as videodescribe,vv.v_id as videoid,vv.v_data1 as standardvideo,vv.v_data2 as highvideo,vv.playnum,from_unixtime(vv.v_addtime,'%Y-%m-%d')addtime FROM `vr_class` left join vr_video vv on vr_class.c_id = vv.v_cid  WHERE `c_status` = 1 AND `c_fid` = 1 ORDER BY c_oid,playnum desc  [ RunTime:0.0010s ]
INFO: [ app_end ] --START--
INFO: Run Behavior\ShowPageTraceBehavior [ RunTime:0.001000s ]
INFO: [ app_end ] --END-- [ RunTime:0.001000s ]

[ 2017-01-11T15:26:56+08:00 ] ::1 /VRAppItem/index.php/Api/Home/categories
INFO: [ app_init ] --START--
INFO: Run Behavior\BuildLiteBehavior [ RunTime:0.000000s ]
INFO: [ app_init ] --END-- [ RunTime:0.001000s ]
INFO: [ app_begin ] --START--
INFO: Run Behavior\ReadHtmlCacheBehavior [ RunTime:0.001000s ]
INFO: [ app_begin ] --END-- [ RunTime:0.001000s ]
SQL: SHOW COLUMNS FROM `vr_carouselfigure` [ RunTime:0.0030s ]
SQL: SHOW COLUMNS FROM `vr_class` [ RunTime:0.0020s ]
SQL: SHOW COLUMNS FROM `vr_label` [ RunTime:0.0030s ]
SQL: SHOW COLUMNS FROM `vr_lab_cla` [ RunTime:0.0010s ]
SQL: SHOW COLUMNS FROM `vr_admin` [ RunTime:0.0020s ]
SQL: SHOW COLUMNS FROM `vr_video` [ RunTime:0.0040s ]
SQL: SHOW COLUMNS FROM `vr_vid_lab` [ RunTime:0.0030s ]
SQL: SHOW COLUMNS FROM `vr_user` [ RunTime:0.0020s ]
SQL: SHOW COLUMNS FROM `vr_userdetail` [ RunTime:0.0020s ]
SQL: SHOW COLUMNS FROM `vr_facility` [ RunTime:0.0020s ]
SQL: SELECT vr_class.c_id as classid,vr_class.c_title as classtitle,vr_class.c_describe as classdescribe,vv.v_firstimgurl as firstimgurl,vv.v_secondimgurl as secondimgurl,vv.v_title as videotitle,vv.v_describe as videodescribe,vv.v_id as videoid,vv.v_data1 as standardvideo,vv.v_data2 as highvideo,vv.playnum,from_unixtime(vv.v_addtime,'%Y-%m-%d')addtime FROM `vr_class` left join vr_video vv on vr_class.c_id = vv.v_cid  WHERE `c_status` = 1 AND `c_fid` = 1 ORDER BY c_oid,playnum desc  [ RunTime:0.0000s ]
INFO: [ app_end ] --START--
INFO: Run Behavior\ShowPageTraceBehavior [ RunTime:0.001000s ]
INFO: [ app_end ] --END-- [ RunTime:0.001000s ]

[ 2017-01-11T15:26:56+08:00 ] ::1 /VRAppItem/index.php/Api/Home/categories
INFO: [ app_init ] --START--
INFO: Run Behavior\BuildLiteBehavior [ RunTime:0.000000s ]
INFO: [ app_init ] --END-- [ RunTime:0.002000s ]
INFO: [ app_begin ] --START--
INFO: Run Behavior\ReadHtmlCacheBehavior [ RunTime:0.000000s ]
INFO: [ app_begin ] --END-- [ RunTime:0.001000s ]
SQL: SHOW COLUMNS FROM `vr_carouselfigure` [ RunTime:0.0020s ]
SQL: SHOW COLUMNS FROM `vr_class` [ RunTime:0.0030s ]
SQL: SHOW COLUMNS FROM `vr_label` [ RunTime:0.0020s ]
SQL: SHOW COLUMNS FROM `vr_lab_cla` [ RunTime:0.0020s ]
SQL: SHOW COLUMNS FROM `vr_admin` [ RunTime:0.0030s ]
SQL: SHOW COLUMNS FROM `vr_video` [ RunTime:0.0030s ]
SQL: SHOW COLUMNS FROM `vr_vid_lab` [ RunTime:0.0020s ]
SQL: SHOW COLUMNS FROM `vr_user` [ RunTime:0.0020s ]
SQL: SHOW COLUMNS FROM `vr_userdetail` [ RunTime:0.0020s ]
SQL: SHOW COLUMNS FROM `vr_facility` [ RunTime:0.0020s ]
SQL: SELECT vr_class.c_id as classid,vr_class.c_title as classtitle,vr_class.c_describe as classdescribe,vv.v_firstimgurl as firstimgurl,vv.v_secondimgurl as secondimgurl,vv.v_title as videotitle,vv.v_describe as videodescribe,vv.v_id as videoid,vv.v_data1 as standardvideo,vv.v_data2 as highvideo,vv.playnum,from_unixtime(vv.v_addtime,'%Y-%m-%d')addtime FROM `vr_class` left join vr_video vv on vr_class.c_id = vv.v_cid  WHERE `c_status` = 1 AND `c_fid` = 1 ORDER BY c_oid,playnum desc  [ RunTime:0.0010s ]
INFO: [ app_end ] --START--
INFO: Run Behavior\ShowPageTraceBehavior [ RunTime:0.001000s ]
INFO: [ app_end ] --END-- [ RunTime:0.001000s ]

[ 2017-01-11T15:27:07+08:00 ] ::1 /VRAppItem/index.php/Api/Home/categories
INFO: [ app_init ] --START--
INFO: Run Behavior\BuildLiteBehavior [ RunTime:0.000000s ]
INFO: [ app_init ] --END-- [ RunTime:0.001000s ]
INFO: [ app_begin ] --START--
INFO: Run Behavior\ReadHtmlCacheBehavior [ RunTime:0.001000s ]
INFO: [ app_begin ] --END-- [ RunTime:0.001000s ]
SQL: SHOW COLUMNS FROM `vr_carouselfigure` [ RunTime:0.0030s ]
SQL: SHOW COLUMNS FROM `vr_class` [ RunTime:0.0030s ]
SQL: SHOW COLUMNS FROM `vr_label` [ RunTime:0.0040s ]
SQL: SHOW COLUMNS FROM `vr_lab_cla` [ RunTime:0.0050s ]
SQL: SHOW COLUMNS FROM `vr_admin` [ RunTime:0.0040s ]
SQL: SHOW COLUMNS FROM `vr_video` [ RunTime:0.0040s ]
SQL: SHOW COLUMNS FROM `vr_vid_lab` [ RunTime:0.0040s ]
SQL: SHOW COLUMNS FROM `vr_user` [ RunTime:0.0040s ]
SQL: SHOW COLUMNS FROM `vr_userdetail` [ RunTime:0.0030s ]
SQL: SHOW COLUMNS FROM `vr_facility` [ RunTime:0.0030s ]
SQL: SELECT vr_class.c_id as classid,vr_class.c_title as classtitle,vr_class.c_describe as classdescribe,vv.v_firstimgurl as firstimgurl,vv.v_secondimgurl as secondimgurl,vv.v_title as videotitle,vv.v_describe as videodescribe,vv.v_id as videoid,vv.v_data1 as standardvideo,vv.v_data2 as highvideo,vv.playnum,from_unixtime(vv.v_addtime,'%Y-%m-%d')addtime FROM `vr_class` left join vr_video vv on vr_class.c_id = vv.v_cid  WHERE `c_status` = 1 AND `c_fid` = 1 ORDER BY c_oid,playnum desc  [ RunTime:0.0000s ]
INFO: [ app_end ] --START--
INFO: Run Behavior\ShowPageTraceBehavior [ RunTime:0.000000s ]
INFO: [ app_end ] --END-- [ RunTime:0.001000s ]

[ 2017-01-11T15:27:17+08:00 ] ::1 /VRAppItem/index.php/Api/Home/categories
INFO: [ app_init ] --START--
INFO: Run Behavior\BuildLiteBehavior [ RunTime:0.000000s ]
INFO: [ app_init ] --END-- [ RunTime:0.001000s ]
INFO: [ app_begin ] --START--
INFO: Run Behavior\ReadHtmlCacheBehavior [ RunTime:0.001000s ]
INFO: [ app_begin ] --END-- [ RunTime:0.002000s ]
SQL: SHOW COLUMNS FROM `vr_carouselfigure` [ RunTime:0.0020s ]
SQL: SHOW COLUMNS FROM `vr_class` [ RunTime:0.0030s ]
SQL: SHOW COLUMNS FROM `vr_label` [ RunTime:0.0020s ]
SQL: SHOW COLUMNS FROM `vr_lab_cla` [ RunTime:0.0020s ]
SQL: SHOW COLUMNS FROM `vr_admin` [ RunTime:0.0020s ]
SQL: SHOW COLUMNS FROM `vr_video` [ RunTime:0.0020s ]
SQL: SHOW COLUMNS FROM `vr_vid_lab` [ RunTime:0.0020s ]
SQL: SHOW COLUMNS FROM `vr_user` [ RunTime:0.0030s ]
SQL: SHOW COLUMNS FROM `vr_userdetail` [ RunTime:0.0030s ]
SQL: SHOW COLUMNS FROM `vr_facility` [ RunTime:0.0020s ]
SQL: SELECT vr_class.c_id as classid,vr_class.c_title as classtitle,vr_class.c_describe as classdescribe,vv.v_firstimgurl as firstimgurl,vv.v_secondimgurl as secondimgurl,vv.v_title as videotitle,vv.v_describe as videodescribe,vv.v_id as videoid,vv.v_data1 as standardvideo,vv.v_data2 as highvideo,vv.playnum,from_unixtime(vv.v_addtime,'%Y-%m-%d')addtime FROM `vr_class` left join vr_video vv on vr_class.c_id = vv.v_cid  WHERE `c_status` = 1 AND `c_fid` = 1 ORDER BY c_oid,playnum desc  [ RunTime:0.0000s ]
INFO: [ app_end ] --START--
INFO: Run Behavior\ShowPageTraceBehavior [ RunTime:0.001000s ]
INFO: [ app_end ] --END-- [ RunTime:0.001000s ]

