[ 2017-01-18T13:50:53+08:00 ] 192.168.31.219 /VRAppItem/index.php/Api/Videodetail/videoDetailPage
INFO: [ app_init ] --START--
INFO: Run Behavior\BuildLiteBehavior [ RunTime:0.000000s ]
INFO: [ app_init ] --END-- [ RunTime:0.001000s ]
INFO: [ app_begin ] --START--
INFO: Run Behavior\ReadHtmlCacheBehavior [ RunTime:0.000000s ]
INFO: [ app_begin ] --END-- [ RunTime:0.000000s ]
SQL: SHOW COLUMNS FROM `vr_carouselfigure` [ RunTime:0.0030s ]
SQL: SHOW COLUMNS FROM `vr_class` [ RunTime:0.0020s ]
SQL: SHOW COLUMNS FROM `vr_label` [ RunTime:0.0030s ]
SQL: SHOW COLUMNS FROM `vr_lab_cla` [ RunTime:0.0020s ]
SQL: SHOW COLUMNS FROM `vr_video` [ RunTime:0.0030s ]
SQL: SHOW COLUMNS FROM `vr_vid_lab` [ RunTime:0.0020s ]
SQL: SHOW COLUMNS FROM `vr_user` [ RunTime:0.0020s ]
SQL: SHOW COLUMNS FROM `vr_userdetail` [ RunTime:0.0020s ]
SQL: SHOW COLUMNS FROM `vr_facility` [ RunTime:0.0030s ]
SQL: SHOW COLUMNS FROM `vr_comment` [ RunTime:0.0020s ]
NOTIC: [8] Undefined index: id D:\Install\wamp\www\VRAppItem\VRAppItem\Api\Controller\VideodetailController.class.php 第 19 行.
SQL: SELECT v_id as id,v_cid as fid,v_title as title,v_subname as subname,v_describe as 'describe',v_type as type,v_data1 as video1,v_data2 as video2,`limit`,from_unixtime(v_addtime,'%Y-%m-%d')addtime,`playnum`,v_firstimgurl as firstimgurl,v_secondimgurl as secondimgurl,`duration`,count(*)comments FROM `vr_video` left join vr_comment vmm on vr_video.v_id = vmm.resourceid  WHERE `v_id` = null LIMIT 1   [ RunTime:0.0010s ]
SQL: SELECT vl.l_title as title,vl.l_id as id FROM `vr_vid_lab` left join vr_label vl on vr_vid_lab.lid = vl.l_id  WHERE `vid` = null  [ RunTime:0.0010s ]
SQL: SELECT v_publisherid as publisherid FROM `vr_video` WHERE `v_id` = null LIMIT 1   [ RunTime:0.0000s ]
SQL: SELECT `id`,`username`,concat('http://192.168.31.219/VRAppItem/Public/',vud.profileimg)photo,count(vuf.fans)fansnum FROM `vr_user` left join vr_userdetail vud on vr_user.id = vud.hostid left join vr_userfans vuf on vr_user.id = vuf.user  WHERE `id` = null LIMIT 1   [ RunTime:0.0020s ]
SQL: SELECT concat('http://192.168.31.219/VRAppItem/Public/',v_firstimgurl)firstImgUrl,concat('http://192.168.31.219/VRAppItem/Public/',v_secondimgurl)secondImgUrl,v_title as title,v_describe as subname,v_id as id,`playnum`,from_unixtime(v_addtime,'%Y-%m-%d')addTime FROM `vr_video` WHERE `v_publisherid` = null  [ RunTime:0.0010s ]
INFO: [ app_end ] --START--
INFO: Run Behavior\ShowPageTraceBehavior [ RunTime:0.001000s ]
INFO: [ app_end ] --END-- [ RunTime:0.001000s ]

[ 2017-01-18T13:51:00+08:00 ] 192.168.31.219 /VRAppItem/index.php/Api/Videodetail/videoDetailPage?id%20=%204
INFO: [ app_init ] --START--
INFO: Run Behavior\BuildLiteBehavior [ RunTime:0.000000s ]
INFO: [ app_init ] --END-- [ RunTime:0.000000s ]
INFO: [ app_begin ] --START--
INFO: Run Behavior\ReadHtmlCacheBehavior [ RunTime:0.000000s ]
INFO: [ app_begin ] --END-- [ RunTime:0.001000s ]
SQL: SHOW COLUMNS FROM `vr_carouselfigure` [ RunTime:0.0010s ]
SQL: SHOW COLUMNS FROM `vr_class` [ RunTime:0.0010s ]
SQL: SHOW COLUMNS FROM `vr_label` [ RunTime:0.0010s ]
SQL: SHOW COLUMNS FROM `vr_lab_cla` [ RunTime:0.0020s ]
SQL: SHOW COLUMNS FROM `vr_video` [ RunTime:0.0020s ]
SQL: SHOW COLUMNS FROM `vr_vid_lab` [ RunTime:0.0010s ]
SQL: SHOW COLUMNS FROM `vr_user` [ RunTime:0.0010s ]
SQL: SHOW COLUMNS FROM `vr_userdetail` [ RunTime:0.0010s ]
SQL: SHOW COLUMNS FROM `vr_facility` [ RunTime:0.0010s ]
SQL: SHOW COLUMNS FROM `vr_comment` [ RunTime:0.0010s ]
NOTIC: [8] Undefined index: id D:\Install\wamp\www\VRAppItem\VRAppItem\Api\Controller\VideodetailController.class.php 第 19 行.
SQL: SELECT v_id as id,v_cid as fid,v_title as title,v_subname as subname,v_describe as 'describe',v_type as type,v_data1 as video1,v_data2 as video2,`limit`,from_unixtime(v_addtime,'%Y-%m-%d')addtime,`playnum`,v_firstimgurl as firstimgurl,v_secondimgurl as secondimgurl,`duration`,count(*)comments FROM `vr_video` left join vr_comment vmm on vr_video.v_id = vmm.resourceid  WHERE `v_id` = null LIMIT 1   [ RunTime:0.0010s ]
SQL: SELECT vl.l_title as title,vl.l_id as id FROM `vr_vid_lab` left join vr_label vl on vr_vid_lab.lid = vl.l_id  WHERE `vid` = null  [ RunTime:0.0000s ]
SQL: SELECT v_publisherid as publisherid FROM `vr_video` WHERE `v_id` = null LIMIT 1   [ RunTime:0.0000s ]
SQL: SELECT `id`,`username`,concat('http://192.168.31.219/VRAppItem/Public/',vud.profileimg)photo,count(vuf.fans)fansnum FROM `vr_user` left join vr_userdetail vud on vr_user.id = vud.hostid left join vr_userfans vuf on vr_user.id = vuf.user  WHERE `id` = null LIMIT 1   [ RunTime:0.0000s ]
SQL: SELECT concat('http://192.168.31.219/VRAppItem/Public/',v_firstimgurl)firstImgUrl,concat('http://192.168.31.219/VRAppItem/Public/',v_secondimgurl)secondImgUrl,v_title as title,v_describe as subname,v_id as id,`playnum`,from_unixtime(v_addtime,'%Y-%m-%d')addTime FROM `vr_video` WHERE `v_publisherid` = null  [ RunTime:0.0000s ]
INFO: [ app_end ] --START--
INFO: Run Behavior\ShowPageTraceBehavior [ RunTime:0.001000s ]
INFO: [ app_end ] --END-- [ RunTime:0.001000s ]

[ 2017-01-18T13:51:06+08:00 ] 192.168.31.219 /VRAppItem/index.php/Api/Videodetail/videoDetailPage?id=4
INFO: [ app_init ] --START--
INFO: Run Behavior\BuildLiteBehavior [ RunTime:0.000000s ]
INFO: [ app_init ] --END-- [ RunTime:0.001000s ]
INFO: [ app_begin ] --START--
INFO: Run Behavior\ReadHtmlCacheBehavior [ RunTime:0.000000s ]
INFO: [ app_begin ] --END-- [ RunTime:0.001000s ]
SQL: SHOW COLUMNS FROM `vr_carouselfigure` [ RunTime:0.0020s ]
SQL: SHOW COLUMNS FROM `vr_class` [ RunTime:0.0020s ]
SQL: SHOW COLUMNS FROM `vr_label` [ RunTime:0.0020s ]
SQL: SHOW COLUMNS FROM `vr_lab_cla` [ RunTime:0.0020s ]
SQL: SHOW COLUMNS FROM `vr_video` [ RunTime:0.0010s ]
SQL: SHOW COLUMNS FROM `vr_vid_lab` [ RunTime:0.0010s ]
SQL: SHOW COLUMNS FROM `vr_user` [ RunTime:0.0020s ]
SQL: SHOW COLUMNS FROM `vr_userdetail` [ RunTime:0.0010s ]
SQL: SHOW COLUMNS FROM `vr_facility` [ RunTime:0.0010s ]
SQL: SHOW COLUMNS FROM `vr_comment` [ RunTime:0.0010s ]
SQL: SELECT v_id as id,v_cid as fid,v_title as title,v_subname as subname,v_describe as 'describe',v_type as type,v_data1 as video1,v_data2 as video2,`limit`,from_unixtime(v_addtime,'%Y-%m-%d')addtime,`playnum`,v_firstimgurl as firstimgurl,v_secondimgurl as secondimgurl,`duration`,count(*)comments FROM `vr_video` left join vr_comment vmm on vr_video.v_id = vmm.resourceid  WHERE `v_id` = '4' LIMIT 1   [ RunTime:0.0060s ]
SQL: SELECT vl.l_title as title,vl.l_id as id FROM `vr_vid_lab` left join vr_label vl on vr_vid_lab.lid = vl.l_id  WHERE `vid` = '4'  [ RunTime:0.0000s ]
SQL: SELECT v_publisherid as publisherid FROM `vr_video` WHERE `v_id` = 4 LIMIT 1   [ RunTime:0.0000s ]
SQL: SELECT `id`,`username`,concat('http://192.168.31.219/VRAppItem/Public/',vud.profileimg)photo,count(vuf.fans)fansnum FROM `vr_user` left join vr_userdetail vud on vr_user.id = vud.hostid left join vr_userfans vuf on vr_user.id = vuf.user  WHERE `id` = '2' LIMIT 1   [ RunTime:0.7290s ]
SQL: SELECT concat('http://192.168.31.219/VRAppItem/Public/',v_firstimgurl)firstImgUrl,concat('http://192.168.31.219/VRAppItem/Public/',v_secondimgurl)secondImgUrl,v_title as title,v_describe as subname,v_id as id,`playnum`,from_unixtime(v_addtime,'%Y-%m-%d')addTime FROM `vr_video` WHERE `v_publisherid` = 2  [ RunTime:0.0000s ]
INFO: [ app_end ] --START--
INFO: Run Behavior\ShowPageTraceBehavior [ RunTime:0.000000s ]
INFO: [ app_end ] --END-- [ RunTime:0.001000s ]

[ 2017-01-18T13:51:39+08:00 ] 192.168.31.145 /VRAppItem/index.php/Api/Videodetail/videoDetailPage?id=4
INFO: [ app_init ] --START--
INFO: Run Behavior\BuildLiteBehavior [ RunTime:0.000000s ]
INFO: [ app_init ] --END-- [ RunTime:0.001000s ]
INFO: [ app_begin ] --START--
INFO: Run Behavior\ReadHtmlCacheBehavior [ RunTime:0.001000s ]
INFO: [ app_begin ] --END-- [ RunTime:0.001000s ]
SQL: SHOW COLUMNS FROM `vr_carouselfigure` [ RunTime:0.0020s ]
SQL: SHOW COLUMNS FROM `vr_class` [ RunTime:0.0020s ]
SQL: SHOW COLUMNS FROM `vr_label` [ RunTime:0.0020s ]
SQL: SHOW COLUMNS FROM `vr_lab_cla` [ RunTime:0.0020s ]
SQL: SHOW COLUMNS FROM `vr_video` [ RunTime:0.0020s ]
SQL: SHOW COLUMNS FROM `vr_vid_lab` [ RunTime:0.0020s ]
SQL: SHOW COLUMNS FROM `vr_user` [ RunTime:0.0020s ]
SQL: SHOW COLUMNS FROM `vr_userdetail` [ RunTime:0.0020s ]
SQL: SHOW COLUMNS FROM `vr_facility` [ RunTime:0.0010s ]
SQL: SHOW COLUMNS FROM `vr_comment` [ RunTime:0.0010s ]
SQL: SELECT v_id as id,v_cid as fid,v_title as title,v_subname as subname,v_describe as 'describe',v_type as type,v_data1 as video1,v_data2 as video2,`limit`,from_unixtime(v_addtime,'%Y-%m-%d')addtime,`playnum`,v_firstimgurl as firstimgurl,v_secondimgurl as secondimgurl,`duration`,count(*)comments FROM `vr_video` left join vr_comment vmm on vr_video.v_id = vmm.resourceid  WHERE `v_id` = '4' LIMIT 1   [ RunTime:0.0020s ]
SQL: SELECT vl.l_title as title,vl.l_id as id FROM `vr_vid_lab` left join vr_label vl on vr_vid_lab.lid = vl.l_id  WHERE `vid` = '4'  [ RunTime:0.0000s ]
SQL: SELECT v_publisherid as publisherid FROM `vr_video` WHERE `v_id` = 4 LIMIT 1   [ RunTime:0.0000s ]
SQL: SELECT `id`,`username`,concat('http://192.168.31.219/VRAppItem/Public/',vud.profileimg)photo,count(vuf.fans)fansnum FROM `vr_user` left join vr_userdetail vud on vr_user.id = vud.hostid left join vr_userfans vuf on vr_user.id = vuf.user  WHERE `id` = '2' LIMIT 1   [ RunTime:0.7240s ]
SQL: SELECT concat('http://192.168.31.219/VRAppItem/Public/',v_firstimgurl)firstImgUrl,concat('http://192.168.31.219/VRAppItem/Public/',v_secondimgurl)secondImgUrl,v_title as title,v_describe as subname,v_id as id,`playnum`,from_unixtime(v_addtime,'%Y-%m-%d')addTime FROM `vr_video` WHERE `v_publisherid` = 2  [ RunTime:0.0000s ]
INFO: [ app_end ] --START--
INFO: Run Behavior\ShowPageTraceBehavior [ RunTime:0.001000s ]
INFO: [ app_end ] --END-- [ RunTime:0.001000s ]

[ 2017-01-18T14:24:13+08:00 ] 192.168.31.219 /VRAppItem/index.php/Api/Videodetail/videoDetailPage?id=4
INFO: [ app_init ] --START--
INFO: Run Behavior\BuildLiteBehavior [ RunTime:0.000000s ]
INFO: [ app_init ] --END-- [ RunTime:0.000000s ]
INFO: [ app_begin ] --START--
INFO: Run Behavior\ReadHtmlCacheBehavior [ RunTime:0.001000s ]
INFO: [ app_begin ] --END-- [ RunTime:0.001000s ]
SQL: SHOW COLUMNS FROM `vr_carouselfigure` [ RunTime:0.0020s ]
SQL: SHOW COLUMNS FROM `vr_class` [ RunTime:0.0020s ]
SQL: SHOW COLUMNS FROM `vr_label` [ RunTime:0.0010s ]
SQL: SHOW COLUMNS FROM `vr_lab_cla` [ RunTime:0.0010s ]
SQL: SHOW COLUMNS FROM `vr_video` [ RunTime:0.0010s ]
SQL: SHOW COLUMNS FROM `vr_vid_lab` [ RunTime:0.0010s ]
SQL: SHOW COLUMNS FROM `vr_user` [ RunTime:0.0020s ]
SQL: SHOW COLUMNS FROM `vr_userdetail` [ RunTime:0.0020s ]
SQL: SHOW COLUMNS FROM `vr_facility` [ RunTime:0.0010s ]
SQL: SHOW COLUMNS FROM `vr_comment` [ RunTime:0.0020s ]
SQL: SELECT v_id as id,v_cid as fid,v_title as title,v_subname as subname,v_describe as 'describe',v_type as type,v_data1 as video1,v_data2 as video2,`limit`,from_unixtime(v_addtime,'%Y-%m-%d')addtime,`playnum`,v_firstimgurl as firstimgurl,v_secondimgurl as secondimgurl,`duration`,count(*)comments FROM `vr_video` left join vr_comment vmm on vr_video.v_id = vmm.resourceid  WHERE `v_id` = '4' LIMIT 1   [ RunTime:0.0020s ]
SQL: SELECT vl.l_title as title,vl.l_id as id FROM `vr_vid_lab` left join vr_label vl on vr_vid_lab.lid = vl.l_id  WHERE `vid` = '4'  [ RunTime:0.0000s ]
SQL: SELECT v_publisherid as publisherid FROM `vr_video` WHERE `v_id` = 4 LIMIT 1   [ RunTime:0.0010s ]
SQL: SELECT `id`,`username`,concat('http://192.168.31.219/VRAppItem/Public/',vud.profileimg)photo,count(vuf.fans)fansnum FROM `vr_user` left join vr_userdetail vud on vr_user.id = vud.hostid left join vr_userfans vuf on vr_user.id = vuf.user  WHERE `id` = '2' LIMIT 1   [ RunTime:0.7600s ]
SQL: SELECT concat('http://192.168.31.219/VRAppItem/Public/',v_firstimgurl)firstImgUrl,concat('http://192.168.31.219/VRAppItem/Public/',v_secondimgurl)secondImgUrl,v_title as title,v_describe as subname,v_id as id,`playnum`,from_unixtime(v_addtime,'%Y-%m-%d')addTime FROM `vr_video` WHERE `v_publisherid` = 2  [ RunTime:0.0000s ]
INFO: [ app_end ] --START--
INFO: Run Behavior\ShowPageTraceBehavior [ RunTime:0.001000s ]
INFO: [ app_end ] --END-- [ RunTime:0.001000s ]

[ 2017-01-18T14:24:42+08:00 ] 192.168.31.219 /VRAppItem/index.php/Api/Videodetail/videoDetailPage?id=4
INFO: [ app_init ] --START--
INFO: Run Behavior\BuildLiteBehavior [ RunTime:0.000000s ]
INFO: [ app_init ] --END-- [ RunTime:0.000000s ]
INFO: [ app_begin ] --START--
INFO: Run Behavior\ReadHtmlCacheBehavior [ RunTime:0.001000s ]
INFO: [ app_begin ] --END-- [ RunTime:0.001000s ]
SQL: SHOW COLUMNS FROM `vr_carouselfigure` [ RunTime:0.0010s ]
SQL: SHOW COLUMNS FROM `vr_class` [ RunTime:0.0010s ]
SQL: SHOW COLUMNS FROM `vr_label` [ RunTime:0.0010s ]
SQL: SHOW COLUMNS FROM `vr_lab_cla` [ RunTime:0.0010s ]
SQL: SHOW COLUMNS FROM `vr_video` [ RunTime:0.0020s ]
SQL: SHOW COLUMNS FROM `vr_vid_lab` [ RunTime:0.0010s ]
SQL: SHOW COLUMNS FROM `vr_user` [ RunTime:0.0020s ]
SQL: SHOW COLUMNS FROM `vr_userdetail` [ RunTime:0.0020s ]
SQL: SHOW COLUMNS FROM `vr_facility` [ RunTime:0.0010s ]
SQL: SHOW COLUMNS FROM `vr_comment` [ RunTime:0.0010s ]
SQL: SELECT v_id as id,v_cid as fid,v_title as title,v_subname as subname,v_describe as 'describe',v_type as type,v_data1 as video1,v_data2 as video2,`limit`,from_unixtime(v_addtime,'%Y-%m-%d')addtime,`playnum`,v_firstimgurl as firstimgurl,v_secondimgurl as secondimgurl,`duration`,count(*)comments FROM `vr_video` left join vr_comment vmm on vr_video.v_id = vmm.resourceid  WHERE `v_id` = '4' LIMIT 1   [ RunTime:0.0020s ]
SQL: SELECT vl.l_title as title,vl.l_id as id FROM `vr_vid_lab` left join vr_label vl on vr_vid_lab.lid = vl.l_id  WHERE `vid` = '4'  [ RunTime:0.0000s ]
SQL: SELECT v_publisherid as publisherid FROM `vr_video` WHERE `v_id` = 4 LIMIT 1   [ RunTime:0.0000s ]
SQL: SELECT `id`,`username`,concat('http://192.168.31.219/VRAppItem/Public/',vud.profileimg)photo,count(vuf.fans)fansnum FROM `vr_user` left join vr_userdetail vud on vr_user.id = vud.hostid left join vr_userfans vuf on vr_user.id = vuf.user  WHERE `id` = '2' LIMIT 1   [ RunTime:0.7600s ]
SQL: SELECT concat('http://192.168.31.219/VRAppItem/Public/',v_firstimgurl)firstImgUrl,concat('http://192.168.31.219/VRAppItem/Public/',v_secondimgurl)secondImgUrl,v_title as title,v_describe as subname,v_id as id,`playnum`,from_unixtime(v_addtime,'%Y-%m-%d')addTime FROM `vr_video` WHERE `v_publisherid` = 2  [ RunTime:0.0000s ]
INFO: [ app_end ] --START--
INFO: Run Behavior\ShowPageTraceBehavior [ RunTime:0.001000s ]
INFO: [ app_end ] --END-- [ RunTime:0.001000s ]

[ 2017-01-18T14:33:27+08:00 ] 192.168.31.219 /VRAppItem/index.php/Api/Videodetail/videoDetailPage?id=4
INFO: [ app_init ] --START--
INFO: Run Behavior\BuildLiteBehavior [ RunTime:0.001000s ]
INFO: [ app_init ] --END-- [ RunTime:0.001000s ]
INFO: [ app_begin ] --START--
INFO: Run Behavior\ReadHtmlCacheBehavior [ RunTime:0.001000s ]
INFO: [ app_begin ] --END-- [ RunTime:0.001000s ]
SQL: SHOW COLUMNS FROM `vr_carouselfigure` [ RunTime:0.0020s ]
SQL: SHOW COLUMNS FROM `vr_class` [ RunTime:0.0010s ]
SQL: SHOW COLUMNS FROM `vr_label` [ RunTime:0.0010s ]
SQL: SHOW COLUMNS FROM `vr_lab_cla` [ RunTime:0.0020s ]
SQL: SHOW COLUMNS FROM `vr_video` [ RunTime:0.0020s ]
SQL: SHOW COLUMNS FROM `vr_vid_lab` [ RunTime:0.0010s ]
SQL: SHOW COLUMNS FROM `vr_user` [ RunTime:0.0020s ]
SQL: SHOW COLUMNS FROM `vr_userdetail` [ RunTime:0.0010s ]
SQL: SHOW COLUMNS FROM `vr_facility` [ RunTime:0.0010s ]
SQL: SHOW COLUMNS FROM `vr_comment` [ RunTime:0.0030s ]
SQL: SELECT v_id as id,v_cid as fid,v_title as title,v_subname as subname,v_describe as 'describe',v_type as type,v_data1 as video1,v_data2 as video2,`limit`,from_unixtime(v_addtime,'%Y-%m-%d')addtime,`playnum`,v_firstimgurl as firstimgurl,v_secondimgurl as secondimgurl,`duration`,count(*)comments FROM `vr_video` left join vr_comment vmm on vr_video.v_id = vmm.resourceid  WHERE `v_id` = '4' LIMIT 1   [ RunTime:0.0010s ]
SQL: SELECT vl.l_title as title,vl.l_id as id FROM `vr_vid_lab` left join vr_label vl on vr_vid_lab.lid = vl.l_id  WHERE `vid` = '4'  [ RunTime:0.0000s ]
SQL: SELECT v_publisherid as publisherid FROM `vr_video` WHERE `v_id` = 4 LIMIT 1   [ RunTime:0.0000s ]
SQL: SELECT `id`,`username`,concat('http://192.168.31.219/VRAppItem/Public/',vud.profileimg)photo,count(vuf.fans)fansnum FROM `vr_user` left join vr_userdetail vud on vr_user.id = vud.hostid left join vr_userfans vuf on vr_user.id = vuf.user  WHERE `id` = '2' LIMIT 1   [ RunTime:0.7460s ]
SQL: SELECT concat('http://192.168.31.219/VRAppItem/Public/',v_firstimgurl)firstImgUrl,concat('http://192.168.31.219/VRAppItem/Public/',v_secondimgurl)secondImgUrl,v_title as title,v_describe as subname,v_id as id,`playnum`,from_unixtime(v_addtime,'%Y-%m-%d')addTime FROM `vr_video` WHERE `v_publisherid` = 2  [ RunTime:0.0000s ]
SQL: SELECT * FROM `vr_comment` LIMIT 20   [ RunTime:0.0000s ]
INFO: [ app_end ] --START--
INFO: Run Behavior\ShowPageTraceBehavior [ RunTime:0.001000s ]
INFO: [ app_end ] --END-- [ RunTime:0.001000s ]

[ 2017-01-18T14:34:00+08:00 ] 192.168.31.219 /VRAppItem/index.php/Api/Videodetail/videoDetailPage?id=4
INFO: [ app_init ] --START--
INFO: Run Behavior\BuildLiteBehavior [ RunTime:0.000000s ]
INFO: [ app_init ] --END-- [ RunTime:0.001000s ]
INFO: [ app_begin ] --START--
INFO: Run Behavior\ReadHtmlCacheBehavior [ RunTime:0.001000s ]
INFO: [ app_begin ] --END-- [ RunTime:0.001000s ]
SQL: SHOW COLUMNS FROM `vr_carouselfigure` [ RunTime:0.0020s ]
SQL: SHOW COLUMNS FROM `vr_class` [ RunTime:0.0020s ]
SQL: SHOW COLUMNS FROM `vr_label` [ RunTime:0.0020s ]
SQL: SHOW COLUMNS FROM `vr_lab_cla` [ RunTime:0.0020s ]
SQL: SHOW COLUMNS FROM `vr_video` [ RunTime:0.0020s ]
SQL: SHOW COLUMNS FROM `vr_vid_lab` [ RunTime:0.0010s ]
SQL: SHOW COLUMNS FROM `vr_user` [ RunTime:0.0010s ]
SQL: SHOW COLUMNS FROM `vr_userdetail` [ RunTime:0.0010s ]
SQL: SHOW COLUMNS FROM `vr_facility` [ RunTime:0.0020s ]
SQL: SHOW COLUMNS FROM `vr_comment` [ RunTime:0.0020s ]
SQL: SELECT v_id as id,v_cid as fid,v_title as title,v_subname as subname,v_describe as 'describe',v_type as type,v_data1 as video1,v_data2 as video2,`limit`,from_unixtime(v_addtime,'%Y-%m-%d')addtime,`playnum`,v_firstimgurl as firstimgurl,v_secondimgurl as secondimgurl,`duration`,count(*)comments FROM `vr_video` left join vr_comment vmm on vr_video.v_id = vmm.resourceid  WHERE `v_id` = '4' LIMIT 1   [ RunTime:0.0020s ]
SQL: SELECT vl.l_title as title,vl.l_id as id FROM `vr_vid_lab` left join vr_label vl on vr_vid_lab.lid = vl.l_id  WHERE `vid` = '4'  [ RunTime:0.0010s ]
SQL: SELECT v_publisherid as publisherid FROM `vr_video` WHERE `v_id` = 4 LIMIT 1   [ RunTime:0.0000s ]
SQL: SELECT `id`,`username`,concat('http://192.168.31.219/VRAppItem/Public/',vud.profileimg)photo,count(vuf.fans)fansnum FROM `vr_user` left join vr_userdetail vud on vr_user.id = vud.hostid left join vr_userfans vuf on vr_user.id = vuf.user  WHERE `id` = '2' LIMIT 1   [ RunTime:0.7280s ]
SQL: SELECT concat('http://192.168.31.219/VRAppItem/Public/',v_firstimgurl)firstImgUrl,concat('http://192.168.31.219/VRAppItem/Public/',v_secondimgurl)secondImgUrl,v_title as title,v_describe as subname,v_id as id,`playnum`,from_unixtime(v_addtime,'%Y-%m-%d')addTime FROM `vr_video` WHERE `v_publisherid` = 2  [ RunTime:0.0000s ]
SQL: SELECT * FROM `vr_comment` ORDER BY time desc LIMIT 20   [ RunTime:0.0010s ]
INFO: [ app_end ] --START--
INFO: Run Behavior\ShowPageTraceBehavior [ RunTime:0.001000s ]
INFO: [ app_end ] --END-- [ RunTime:0.001000s ]

